[0.010s] Invoking command in '/home/kannan/E-yantra/E-Yantra/KC_ws/build/eyantra_warehouse': CMAKE_PREFIX_PATH=/home/kannan/ros2_ws/install/my_robot_controller:/opt/ros/humble /usr/bin/cmake --build /home/kannan/E-yantra/E-Yantra/KC_ws/build/eyantra_warehouse -- -j12 -l12
[0.050s] Invoked command in '/home/kannan/E-yantra/E-Yantra/KC_ws/build/eyantra_warehouse' returned '0': CMAKE_PREFIX_PATH=/home/kannan/ros2_ws/install/my_robot_controller:/opt/ros/humble /usr/bin/cmake --build /home/kannan/E-yantra/E-Yantra/KC_ws/build/eyantra_warehouse -- -j12 -l12
[0.060s] Invoking command in '/home/kannan/E-yantra/E-Yantra/KC_ws/build/eyantra_warehouse': CMAKE_PREFIX_PATH=/home/kannan/ros2_ws/install/my_robot_controller:/opt/ros/humble /usr/bin/cmake --install /home/kannan/E-yantra/E-Yantra/KC_ws/build/eyantra_warehouse
[0.069s] -- Install configuration: ""
[0.069s] -- Execute custom install script
[0.070s] -- Up-to-date symlink: /home/kannan/E-yantra/E-Yantra/KC_ws/install/eyantra_warehouse/share/eyantra_warehouse//launch/task0.launch.py
[0.070s] -- Up-to-date symlink: /home/kannan/E-yantra/E-Yantra/KC_ws/install/eyantra_warehouse/share/eyantra_warehouse//worlds/eyantra_warehouse_task0.world
[0.076s] -- Up-to-date symlink: /home/kannan/E-yantra/E-Yantra/KC_ws/install/eyantra_warehouse/share/eyantra_warehouse//models/TrashBin/meshes/TrashBin.mtl
[0.076s] -- Up-to-date symlink: /home/kannan/E-yantra/E-Yantra/KC_ws/install/eyantra_warehouse/share/eyantra_warehouse//models/TrashBin/meshes/TrashBin.obj
[0.076s] -- Up-to-date symlink: /home/kannan/E-yantra/E-Yantra/KC_ws/install/eyantra_warehouse/share/eyantra_warehouse//models/TrashBin/meshes/TrashBin_Diffuse.png
[0.076s] -- Up-to-date symlink: /home/kannan/E-yantra/E-Yantra/KC_ws/install/eyantra_warehouse/share/eyantra_warehouse//models/TrashBin/model.config
[0.076s] -- Up-to-date symlink: /home/kannan/E-yantra/E-Yantra/KC_ws/install/eyantra_warehouse/share/eyantra_warehouse//models/TrashBin/model.sdf
[0.076s] -- Up-to-date symlink: /home/kannan/E-yantra/E-Yantra/KC_ws/install/eyantra_warehouse/share/eyantra_warehouse//models/TrashBin/thumbnails/1.png
[0.076s] -- Up-to-date symlink: /home/kannan/E-yantra/E-Yantra/KC_ws/install/eyantra_warehouse/share/eyantra_warehouse//models/TrashBin/thumbnails/2.png
[0.076s] -- Up-to-date symlink: /home/kannan/E-yantra/E-Yantra/KC_ws/install/eyantra_warehouse/share/eyantra_warehouse//models/TrashBin/thumbnails/3.png
[0.076s] -- Up-to-date symlink: /home/kannan/E-yantra/E-Yantra/KC_ws/install/eyantra_warehouse/share/eyantra_warehouse//models/TrashBin/thumbnails/4.png
[0.076s] -- Up-to-date symlink: /home/kannan/E-yantra/E-Yantra/KC_ws/install/eyantra_warehouse/share/eyantra_warehouse//models/TrashBin/thumbnails/5.png
[0.076s] -- Up-to-date symlink: /home/kannan/E-yantra/E-Yantra/KC_ws/install/eyantra_warehouse/share/eyantra_warehouse//models/arm_base/meshes/arm_base.dae
[0.076s] -- Up-to-date symlink: /home/kannan/E-yantra/E-Yantra/KC_ws/install/eyantra_warehouse/share/eyantra_warehouse//models/arm_base/model.config
[0.077s] -- Up-to-date symlink: /home/kannan/E-yantra/E-Yantra/KC_ws/install/eyantra_warehouse/share/eyantra_warehouse//models/arm_base/model.sdf
[0.077s] -- Up-to-date symlink: /home/kannan/E-yantra/E-Yantra/KC_ws/install/eyantra_warehouse/share/eyantra_warehouse//models/bell_pepper_brown/meshes/bell_pepper_brown.dae
[0.077s] -- Up-to-date symlink: /home/kannan/E-yantra/E-Yantra/KC_ws/install/eyantra_warehouse/share/eyantra_warehouse//models/bell_pepper_brown/meshes/gradient_bell_pepper.jpg
[0.077s] -- Up-to-date symlink: /home/kannan/E-yantra/E-Yantra/KC_ws/install/eyantra_warehouse/share/eyantra_warehouse//models/bell_pepper_brown/model.config
[0.077s] -- Up-to-date symlink: /home/kannan/E-yantra/E-Yantra/KC_ws/install/eyantra_warehouse/share/eyantra_warehouse//models/bell_pepper_brown/model.sdf
[0.077s] -- Up-to-date symlink: /home/kannan/E-yantra/E-Yantra/KC_ws/install/eyantra_warehouse/share/eyantra_warehouse//models/bell_pepper_red/meshes/bell_pepper_red.dae
[0.077s] -- Up-to-date symlink: /home/kannan/E-yantra/E-Yantra/KC_ws/install/eyantra_warehouse/share/eyantra_warehouse//models/bell_pepper_red/model.config
[0.077s] -- Up-to-date symlink: /home/kannan/E-yantra/E-Yantra/KC_ws/install/eyantra_warehouse/share/eyantra_warehouse//models/bell_pepper_red/model.sdf
[0.077s] -- Up-to-date symlink: /home/kannan/E-yantra/E-Yantra/KC_ws/install/eyantra_warehouse/share/eyantra_warehouse//models/bell_pepper_yellow/meshes/bell_pepper_yellow.dae
[0.077s] -- Up-to-date symlink: /home/kannan/E-yantra/E-Yantra/KC_ws/install/eyantra_warehouse/share/eyantra_warehouse//models/bell_pepper_yellow/model.config
[0.077s] -- Up-to-date symlink: /home/kannan/E-yantra/E-Yantra/KC_ws/install/eyantra_warehouse/share/eyantra_warehouse//models/bell_pepper_yellow/model.sdf
[0.077s] -- Up-to-date symlink: /home/kannan/E-yantra/E-Yantra/KC_ws/install/eyantra_warehouse/share/eyantra_warehouse//models/box/meshes/aruco_tag.jpg
[0.078s] -- Up-to-date symlink: /home/kannan/E-yantra/E-Yantra/KC_ws/install/eyantra_warehouse/share/eyantra_warehouse//models/box/meshes/box.dae
[0.078s] -- Up-to-date symlink: /home/kannan/E-yantra/E-Yantra/KC_ws/install/eyantra_warehouse/share/eyantra_warehouse//models/box/meshes/box__bg.png
[0.078s] -- Up-to-date symlink: /home/kannan/E-yantra/E-Yantra/KC_ws/install/eyantra_warehouse/share/eyantra_warehouse//models/box/meshes/cardboard_bg.png
[0.078s] -- Up-to-date symlink: /home/kannan/E-yantra/E-Yantra/KC_ws/install/eyantra_warehouse/share/eyantra_warehouse//models/box/meshes/centroid_old_box.zip
[0.078s] -- Up-to-date symlink: /home/kannan/E-yantra/E-Yantra/KC_ws/install/eyantra_warehouse/share/eyantra_warehouse//models/box/model.config
[0.078s] -- Up-to-date symlink: /home/kannan/E-yantra/E-Yantra/KC_ws/install/eyantra_warehouse/share/eyantra_warehouse//models/box/model.sdf
[0.078s] -- Up-to-date symlink: /home/kannan/E-yantra/E-Yantra/KC_ws/install/eyantra_warehouse/share/eyantra_warehouse//models/boxes/box.stl
[0.078s] -- Up-to-date symlink: /home/kannan/E-yantra/E-Yantra/KC_ws/install/eyantra_warehouse/share/eyantra_warehouse//models/boxes/box_1/meshes/aruco_tag.jpg
[0.078s] -- Up-to-date symlink: /home/kannan/E-yantra/E-Yantra/KC_ws/install/eyantra_warehouse/share/eyantra_warehouse//models/boxes/box_1/meshes/box.dae
[0.078s] -- Up-to-date symlink: /home/kannan/E-yantra/E-Yantra/KC_ws/install/eyantra_warehouse/share/eyantra_warehouse//models/boxes/box_1/meshes/box__bg.png
[0.078s] -- Up-to-date symlink: /home/kannan/E-yantra/E-Yantra/KC_ws/install/eyantra_warehouse/share/eyantra_warehouse//models/boxes/box_1/meshes/cardboard_bg.png
[0.078s] -- Up-to-date symlink: /home/kannan/E-yantra/E-Yantra/KC_ws/install/eyantra_warehouse/share/eyantra_warehouse//models/boxes/box_1/model.config
[0.078s] -- Up-to-date symlink: /home/kannan/E-yantra/E-Yantra/KC_ws/install/eyantra_warehouse/share/eyantra_warehouse//models/boxes/box_1/model.sdf
[0.078s] -- Up-to-date symlink: /home/kannan/E-yantra/E-Yantra/KC_ws/install/eyantra_warehouse/share/eyantra_warehouse//models/boxes/box_10/meshes/aruco_tag.jpg
[0.078s] -- Up-to-date symlink: /home/kannan/E-yantra/E-Yantra/KC_ws/install/eyantra_warehouse/share/eyantra_warehouse//models/boxes/box_10/meshes/box.dae
[0.078s] -- Up-to-date symlink: /home/kannan/E-yantra/E-Yantra/KC_ws/install/eyantra_warehouse/share/eyantra_warehouse//models/boxes/box_10/meshes/box__bg.png
[0.079s] -- Up-to-date symlink: /home/kannan/E-yantra/E-Yantra/KC_ws/install/eyantra_warehouse/share/eyantra_warehouse//models/boxes/box_10/meshes/cardboard_bg.png
[0.079s] -- Up-to-date symlink: /home/kannan/E-yantra/E-Yantra/KC_ws/install/eyantra_warehouse/share/eyantra_warehouse//models/boxes/box_10/model.config
[0.079s] -- Up-to-date symlink: /home/kannan/E-yantra/E-Yantra/KC_ws/install/eyantra_warehouse/share/eyantra_warehouse//models/boxes/box_10/model.sdf
[0.079s] -- Up-to-date symlink: /home/kannan/E-yantra/E-Yantra/KC_ws/install/eyantra_warehouse/share/eyantra_warehouse//models/boxes/box_11/meshes/aruco_tag.jpg
[0.079s] -- Up-to-date symlink: /home/kannan/E-yantra/E-Yantra/KC_ws/install/eyantra_warehouse/share/eyantra_warehouse//models/boxes/box_11/meshes/box.dae
[0.079s] -- Up-to-date symlink: /home/kannan/E-yantra/E-Yantra/KC_ws/install/eyantra_warehouse/share/eyantra_warehouse//models/boxes/box_11/meshes/box__bg.png
[0.079s] -- Up-to-date symlink: /home/kannan/E-yantra/E-Yantra/KC_ws/install/eyantra_warehouse/share/eyantra_warehouse//models/boxes/box_11/meshes/cardboard_bg.png
[0.079s] -- Up-to-date symlink: /home/kannan/E-yantra/E-Yantra/KC_ws/install/eyantra_warehouse/share/eyantra_warehouse//models/boxes/box_11/model.config
[0.079s] -- Up-to-date symlink: /home/kannan/E-yantra/E-Yantra/KC_ws/install/eyantra_warehouse/share/eyantra_warehouse//models/boxes/box_11/model.sdf
[0.079s] -- Up-to-date symlink: /home/kannan/E-yantra/E-Yantra/KC_ws/install/eyantra_warehouse/share/eyantra_warehouse//models/boxes/box_12/meshes/aruco_tag.jpg
[0.079s] -- Up-to-date symlink: /home/kannan/E-yantra/E-Yantra/KC_ws/install/eyantra_warehouse/share/eyantra_warehouse//models/boxes/box_12/meshes/box.dae
[0.079s] -- Up-to-date symlink: /home/kannan/E-yantra/E-Yantra/KC_ws/install/eyantra_warehouse/share/eyantra_warehouse//models/boxes/box_12/meshes/box__bg.png
[0.079s] -- Up-to-date symlink: /home/kannan/E-yantra/E-Yantra/KC_ws/install/eyantra_warehouse/share/eyantra_warehouse//models/boxes/box_12/meshes/cardboard_bg.png
[0.079s] -- Up-to-date symlink: /home/kannan/E-yantra/E-Yantra/KC_ws/install/eyantra_warehouse/share/eyantra_warehouse//models/boxes/box_12/model.config
[0.079s] -- Up-to-date symlink: /home/kannan/E-yantra/E-Yantra/KC_ws/install/eyantra_warehouse/share/eyantra_warehouse//models/boxes/box_12/model.sdf
[0.079s] -- Up-to-date symlink: /home/kannan/E-yantra/E-Yantra/KC_ws/install/eyantra_warehouse/share/eyantra_warehouse//models/boxes/box_13/meshes/aruco_tag.jpg
[0.079s] -- Up-to-date symlink: /home/kannan/E-yantra/E-Yantra/KC_ws/install/eyantra_warehouse/share/eyantra_warehouse//models/boxes/box_13/meshes/box.dae
[0.080s] -- Up-to-date symlink: /home/kannan/E-yantra/E-Yantra/KC_ws/install/eyantra_warehouse/share/eyantra_warehouse//models/boxes/box_13/meshes/box__bg.png
[0.080s] -- Up-to-date symlink: /home/kannan/E-yantra/E-Yantra/KC_ws/install/eyantra_warehouse/share/eyantra_warehouse//models/boxes/box_13/meshes/cardboard_bg.png
[0.080s] -- Up-to-date symlink: /home/kannan/E-yantra/E-Yantra/KC_ws/install/eyantra_warehouse/share/eyantra_warehouse//models/boxes/box_13/model.config
[0.080s] -- Up-to-date symlink: /home/kannan/E-yantra/E-Yantra/KC_ws/install/eyantra_warehouse/share/eyantra_warehouse//models/boxes/box_13/model.sdf
[0.080s] -- Up-to-date symlink: /home/kannan/E-yantra/E-Yantra/KC_ws/install/eyantra_warehouse/share/eyantra_warehouse//models/boxes/box_14/meshes/aruco_tag.jpg
[0.080s] -- Up-to-date symlink: /home/kannan/E-yantra/E-Yantra/KC_ws/install/eyantra_warehouse/share/eyantra_warehouse//models/boxes/box_14/meshes/box.dae
[0.080s] -- Up-to-date symlink: /home/kannan/E-yantra/E-Yantra/KC_ws/install/eyantra_warehouse/share/eyantra_warehouse//models/boxes/box_14/meshes/box__bg.png
[0.080s] -- Up-to-date symlink: /home/kannan/E-yantra/E-Yantra/KC_ws/install/eyantra_warehouse/share/eyantra_warehouse//models/boxes/box_14/meshes/cardboard_bg.png
[0.080s] -- Up-to-date symlink: /home/kannan/E-yantra/E-Yantra/KC_ws/install/eyantra_warehouse/share/eyantra_warehouse//models/boxes/box_14/model.config
[0.080s] -- Up-to-date symlink: /home/kannan/E-yantra/E-Yantra/KC_ws/install/eyantra_warehouse/share/eyantra_warehouse//models/boxes/box_14/model.sdf
[0.080s] -- Up-to-date symlink: /home/kannan/E-yantra/E-Yantra/KC_ws/install/eyantra_warehouse/share/eyantra_warehouse//models/boxes/box_15/meshes/aruco_tag.jpg
[0.080s] -- Up-to-date symlink: /home/kannan/E-yantra/E-Yantra/KC_ws/install/eyantra_warehouse/share/eyantra_warehouse//models/boxes/box_15/meshes/box.dae
[0.080s] -- Up-to-date symlink: /home/kannan/E-yantra/E-Yantra/KC_ws/install/eyantra_warehouse/share/eyantra_warehouse//models/boxes/box_15/meshes/box__bg.png
[0.080s] -- Up-to-date symlink: /home/kannan/E-yantra/E-Yantra/KC_ws/install/eyantra_warehouse/share/eyantra_warehouse//models/boxes/box_15/meshes/cardboard_bg.png
[0.080s] -- Up-to-date symlink: /home/kannan/E-yantra/E-Yantra/KC_ws/install/eyantra_warehouse/share/eyantra_warehouse//models/boxes/box_15/model.config
[0.080s] -- Up-to-date symlink: /home/kannan/E-yantra/E-Yantra/KC_ws/install/eyantra_warehouse/share/eyantra_warehouse//models/boxes/box_15/model.sdf
[0.080s] -- Up-to-date symlink: /home/kannan/E-yantra/E-Yantra/KC_ws/install/eyantra_warehouse/share/eyantra_warehouse//models/boxes/box_16/meshes/aruco_tag.jpg
[0.080s] -- Up-to-date symlink: /home/kannan/E-yantra/E-Yantra/KC_ws/install/eyantra_warehouse/share/eyantra_warehouse//models/boxes/box_16/meshes/box.dae
[0.081s] -- Up-to-date symlink: /home/kannan/E-yantra/E-Yantra/KC_ws/install/eyantra_warehouse/share/eyantra_warehouse//models/boxes/box_16/meshes/box__bg.png
[0.081s] -- Up-to-date symlink: /home/kannan/E-yantra/E-Yantra/KC_ws/install/eyantra_warehouse/share/eyantra_warehouse//models/boxes/box_16/meshes/cardboard_bg.png
[0.081s] -- Up-to-date symlink: /home/kannan/E-yantra/E-Yantra/KC_ws/install/eyantra_warehouse/share/eyantra_warehouse//models/boxes/box_16/model.config
[0.081s] -- Up-to-date symlink: /home/kannan/E-yantra/E-Yantra/KC_ws/install/eyantra_warehouse/share/eyantra_warehouse//models/boxes/box_16/model.sdf
[0.081s] -- Up-to-date symlink: /home/kannan/E-yantra/E-Yantra/KC_ws/install/eyantra_warehouse/share/eyantra_warehouse//models/boxes/box_17/meshes/aruco_tag.jpg
[0.081s] -- Up-to-date symlink: /home/kannan/E-yantra/E-Yantra/KC_ws/install/eyantra_warehouse/share/eyantra_warehouse//models/boxes/box_17/meshes/box.dae
[0.081s] -- Up-to-date symlink: /home/kannan/E-yantra/E-Yantra/KC_ws/install/eyantra_warehouse/share/eyantra_warehouse//models/boxes/box_17/meshes/box__bg.png
[0.081s] -- Up-to-date symlink: /home/kannan/E-yantra/E-Yantra/KC_ws/install/eyantra_warehouse/share/eyantra_warehouse//models/boxes/box_17/meshes/cardboard_bg.png
[0.081s] -- Up-to-date symlink: /home/kannan/E-yantra/E-Yantra/KC_ws/install/eyantra_warehouse/share/eyantra_warehouse//models/boxes/box_17/model.config
[0.081s] -- Up-to-date symlink: /home/kannan/E-yantra/E-Yantra/KC_ws/install/eyantra_warehouse/share/eyantra_warehouse//models/boxes/box_17/model.sdf
[0.081s] -- Up-to-date symlink: /home/kannan/E-yantra/E-Yantra/KC_ws/install/eyantra_warehouse/share/eyantra_warehouse//models/boxes/box_18/meshes/aruco_tag.jpg
[0.081s] -- Up-to-date symlink: /home/kannan/E-yantra/E-Yantra/KC_ws/install/eyantra_warehouse/share/eyantra_warehouse//models/boxes/box_18/meshes/box.dae
[0.081s] -- Up-to-date symlink: /home/kannan/E-yantra/E-Yantra/KC_ws/install/eyantra_warehouse/share/eyantra_warehouse//models/boxes/box_18/meshes/box__bg.png
[0.081s] -- Up-to-date symlink: /home/kannan/E-yantra/E-Yantra/KC_ws/install/eyantra_warehouse/share/eyantra_warehouse//models/boxes/box_18/meshes/cardboard_bg.png
[0.081s] -- Up-to-date symlink: /home/kannan/E-yantra/E-Yantra/KC_ws/install/eyantra_warehouse/share/eyantra_warehouse//models/boxes/box_18/model.config
[0.081s] -- Up-to-date symlink: /home/kannan/E-yantra/E-Yantra/KC_ws/install/eyantra_warehouse/share/eyantra_warehouse//models/boxes/box_18/model.sdf
[0.081s] -- Up-to-date symlink: /home/kannan/E-yantra/E-Yantra/KC_ws/install/eyantra_warehouse/share/eyantra_warehouse//models/boxes/box_19/meshes/aruco_tag.jpg
[0.081s] -- Up-to-date symlink: /home/kannan/E-yantra/E-Yantra/KC_ws/install/eyantra_warehouse/share/eyantra_warehouse//models/boxes/box_19/meshes/box.dae
[0.081s] -- Up-to-date symlink: /home/kannan/E-yantra/E-Yantra/KC_ws/install/eyantra_warehouse/share/eyantra_warehouse//models/boxes/box_19/meshes/box__bg.png
[0.081s] -- Up-to-date symlink: /home/kannan/E-yantra/E-Yantra/KC_ws/install/eyantra_warehouse/share/eyantra_warehouse//models/boxes/box_19/meshes/cardboard_bg.png
[0.082s] -- Up-to-date symlink: /home/kannan/E-yantra/E-Yantra/KC_ws/install/eyantra_warehouse/share/eyantra_warehouse//models/boxes/box_19/model.config
[0.082s] -- Up-to-date symlink: /home/kannan/E-yantra/E-Yantra/KC_ws/install/eyantra_warehouse/share/eyantra_warehouse//models/boxes/box_19/model.sdf
[0.082s] -- Up-to-date symlink: /home/kannan/E-yantra/E-Yantra/KC_ws/install/eyantra_warehouse/share/eyantra_warehouse//models/boxes/box_2/meshes/aruco_tag.jpg
[0.082s] -- Up-to-date symlink: /home/kannan/E-yantra/E-Yantra/KC_ws/install/eyantra_warehouse/share/eyantra_warehouse//models/boxes/box_2/meshes/box.dae
[0.082s] -- Up-to-date symlink: /home/kannan/E-yantra/E-Yantra/KC_ws/install/eyantra_warehouse/share/eyantra_warehouse//models/boxes/box_2/meshes/box__bg.png
[0.082s] -- Up-to-date symlink: /home/kannan/E-yantra/E-Yantra/KC_ws/install/eyantra_warehouse/share/eyantra_warehouse//models/boxes/box_2/meshes/cardboard_bg.png
[0.082s] -- Up-to-date symlink: /home/kannan/E-yantra/E-Yantra/KC_ws/install/eyantra_warehouse/share/eyantra_warehouse//models/boxes/box_2/model.config
[0.082s] -- Up-to-date symlink: /home/kannan/E-yantra/E-Yantra/KC_ws/install/eyantra_warehouse/share/eyantra_warehouse//models/boxes/box_2/model.sdf
[0.082s] -- Up-to-date symlink: /home/kannan/E-yantra/E-Yantra/KC_ws/install/eyantra_warehouse/share/eyantra_warehouse//models/boxes/box_20/meshes/aruco_tag.jpg
[0.082s] -- Up-to-date symlink: /home/kannan/E-yantra/E-Yantra/KC_ws/install/eyantra_warehouse/share/eyantra_warehouse//models/boxes/box_20/meshes/box.dae
[0.082s] -- Up-to-date symlink: /home/kannan/E-yantra/E-Yantra/KC_ws/install/eyantra_warehouse/share/eyantra_warehouse//models/boxes/box_20/meshes/box__bg.png
[0.082s] -- Up-to-date symlink: /home/kannan/E-yantra/E-Yantra/KC_ws/install/eyantra_warehouse/share/eyantra_warehouse//models/boxes/box_20/meshes/cardboard_bg.png
[0.082s] -- Up-to-date symlink: /home/kannan/E-yantra/E-Yantra/KC_ws/install/eyantra_warehouse/share/eyantra_warehouse//models/boxes/box_20/model.config
[0.082s] -- Up-to-date symlink: /home/kannan/E-yantra/E-Yantra/KC_ws/install/eyantra_warehouse/share/eyantra_warehouse//models/boxes/box_20/model.sdf
[0.082s] -- Up-to-date symlink: /home/kannan/E-yantra/E-Yantra/KC_ws/install/eyantra_warehouse/share/eyantra_warehouse//models/boxes/box_21/meshes/aruco_tag.jpg
[0.082s] -- Up-to-date symlink: /home/kannan/E-yantra/E-Yantra/KC_ws/install/eyantra_warehouse/share/eyantra_warehouse//models/boxes/box_21/meshes/box.dae
[0.082s] -- Up-to-date symlink: /home/kannan/E-yantra/E-Yantra/KC_ws/install/eyantra_warehouse/share/eyantra_warehouse//models/boxes/box_21/meshes/box__bg.png
[0.082s] -- Up-to-date symlink: /home/kannan/E-yantra/E-Yantra/KC_ws/install/eyantra_warehouse/share/eyantra_warehouse//models/boxes/box_21/meshes/cardboard_bg.png
[0.082s] -- Up-to-date symlink: /home/kannan/E-yantra/E-Yantra/KC_ws/install/eyantra_warehouse/share/eyantra_warehouse//models/boxes/box_21/model.config
[0.082s] -- Up-to-date symlink: /home/kannan/E-yantra/E-Yantra/KC_ws/install/eyantra_warehouse/share/eyantra_warehouse//models/boxes/box_21/model.sdf
[0.082s] -- Up-to-date symlink: /home/kannan/E-yantra/E-Yantra/KC_ws/install/eyantra_warehouse/share/eyantra_warehouse//models/boxes/box_22/meshes/aruco_tag.jpg
[0.083s] -- Up-to-date symlink: /home/kannan/E-yantra/E-Yantra/KC_ws/install/eyantra_warehouse/share/eyantra_warehouse//models/boxes/box_22/meshes/box.dae
[0.083s] -- Up-to-date symlink: /home/kannan/E-yantra/E-Yantra/KC_ws/install/eyantra_warehouse/share/eyantra_warehouse//models/boxes/box_22/meshes/box__bg.png
[0.083s] -- Up-to-date symlink: /home/kannan/E-yantra/E-Yantra/KC_ws/install/eyantra_warehouse/share/eyantra_warehouse//models/boxes/box_22/meshes/cardboard_bg.png
[0.083s] -- Up-to-date symlink: /home/kannan/E-yantra/E-Yantra/KC_ws/install/eyantra_warehouse/share/eyantra_warehouse//models/boxes/box_22/model.config
[0.083s] -- Up-to-date symlink: /home/kannan/E-yantra/E-Yantra/KC_ws/install/eyantra_warehouse/share/eyantra_warehouse//models/boxes/box_22/model.sdf
[0.083s] -- Up-to-date symlink: /home/kannan/E-yantra/E-Yantra/KC_ws/install/eyantra_warehouse/share/eyantra_warehouse//models/boxes/box_23/meshes/aruco_tag.jpg
[0.083s] -- Up-to-date symlink: /home/kannan/E-yantra/E-Yantra/KC_ws/install/eyantra_warehouse/share/eyantra_warehouse//models/boxes/box_23/meshes/box.dae
[0.083s] -- Up-to-date symlink: /home/kannan/E-yantra/E-Yantra/KC_ws/install/eyantra_warehouse/share/eyantra_warehouse//models/boxes/box_23/meshes/box__bg.png
[0.083s] -- Up-to-date symlink: /home/kannan/E-yantra/E-Yantra/KC_ws/install/eyantra_warehouse/share/eyantra_warehouse//models/boxes/box_23/meshes/cardboard_bg.png
[0.083s] -- Up-to-date symlink: /home/kannan/E-yantra/E-Yantra/KC_ws/install/eyantra_warehouse/share/eyantra_warehouse//models/boxes/box_23/model.config
[0.083s] -- Up-to-date symlink: /home/kannan/E-yantra/E-Yantra/KC_ws/install/eyantra_warehouse/share/eyantra_warehouse//models/boxes/box_23/model.sdf
[0.083s] -- Up-to-date symlink: /home/kannan/E-yantra/E-Yantra/KC_ws/install/eyantra_warehouse/share/eyantra_warehouse//models/boxes/box_24/meshes/aruco_tag.jpg
[0.083s] -- Up-to-date symlink: /home/kannan/E-yantra/E-Yantra/KC_ws/install/eyantra_warehouse/share/eyantra_warehouse//models/boxes/box_24/meshes/box.dae
[0.083s] -- Up-to-date symlink: /home/kannan/E-yantra/E-Yantra/KC_ws/install/eyantra_warehouse/share/eyantra_warehouse//models/boxes/box_24/meshes/box__bg.png
[0.083s] -- Up-to-date symlink: /home/kannan/E-yantra/E-Yantra/KC_ws/install/eyantra_warehouse/share/eyantra_warehouse//models/boxes/box_24/meshes/cardboard_bg.png
[0.083s] -- Up-to-date symlink: /home/kannan/E-yantra/E-Yantra/KC_ws/install/eyantra_warehouse/share/eyantra_warehouse//models/boxes/box_24/model.config
[0.083s] -- Up-to-date symlink: /home/kannan/E-yantra/E-Yantra/KC_ws/install/eyantra_warehouse/share/eyantra_warehouse//models/boxes/box_24/model.sdf
[0.083s] -- Up-to-date symlink: /home/kannan/E-yantra/E-Yantra/KC_ws/install/eyantra_warehouse/share/eyantra_warehouse//models/boxes/box_25/meshes/aruco_tag.jpg
[0.083s] -- Up-to-date symlink: /home/kannan/E-yantra/E-Yantra/KC_ws/install/eyantra_warehouse/share/eyantra_warehouse//models/boxes/box_25/meshes/box.dae
[0.083s] -- Up-to-date symlink: /home/kannan/E-yantra/E-Yantra/KC_ws/install/eyantra_warehouse/share/eyantra_warehouse//models/boxes/box_25/meshes/box__bg.png
[0.084s] -- Up-to-date symlink: /home/kannan/E-yantra/E-Yantra/KC_ws/install/eyantra_warehouse/share/eyantra_warehouse//models/boxes/box_25/meshes/cardboard_bg.png
[0.084s] -- Up-to-date symlink: /home/kannan/E-yantra/E-Yantra/KC_ws/install/eyantra_warehouse/share/eyantra_warehouse//models/boxes/box_25/model.config
[0.084s] -- Up-to-date symlink: /home/kannan/E-yantra/E-Yantra/KC_ws/install/eyantra_warehouse/share/eyantra_warehouse//models/boxes/box_25/model.sdf
[0.084s] -- Up-to-date symlink: /home/kannan/E-yantra/E-Yantra/KC_ws/install/eyantra_warehouse/share/eyantra_warehouse//models/boxes/box_26/meshes/aruco_tag.jpg
[0.084s] -- Up-to-date symlink: /home/kannan/E-yantra/E-Yantra/KC_ws/install/eyantra_warehouse/share/eyantra_warehouse//models/boxes/box_26/meshes/box.dae
[0.084s] -- Up-to-date symlink: /home/kannan/E-yantra/E-Yantra/KC_ws/install/eyantra_warehouse/share/eyantra_warehouse//models/boxes/box_26/meshes/box__bg.png
[0.084s] -- Up-to-date symlink: /home/kannan/E-yantra/E-Yantra/KC_ws/install/eyantra_warehouse/share/eyantra_warehouse//models/boxes/box_26/meshes/cardboard_bg.png
[0.084s] -- Up-to-date symlink: /home/kannan/E-yantra/E-Yantra/KC_ws/install/eyantra_warehouse/share/eyantra_warehouse//models/boxes/box_26/model.config
[0.084s] -- Up-to-date symlink: /home/kannan/E-yantra/E-Yantra/KC_ws/install/eyantra_warehouse/share/eyantra_warehouse//models/boxes/box_26/model.sdf
[0.084s] -- Up-to-date symlink: /home/kannan/E-yantra/E-Yantra/KC_ws/install/eyantra_warehouse/share/eyantra_warehouse//models/boxes/box_27/meshes/aruco_tag.jpg
[0.084s] -- Up-to-date symlink: /home/kannan/E-yantra/E-Yantra/KC_ws/install/eyantra_warehouse/share/eyantra_warehouse//models/boxes/box_27/meshes/box.dae
[0.084s] -- Up-to-date symlink: /home/kannan/E-yantra/E-Yantra/KC_ws/install/eyantra_warehouse/share/eyantra_warehouse//models/boxes/box_27/meshes/box__bg.png
[0.084s] -- Up-to-date symlink: /home/kannan/E-yantra/E-Yantra/KC_ws/install/eyantra_warehouse/share/eyantra_warehouse//models/boxes/box_27/meshes/cardboard_bg.png
[0.084s] -- Up-to-date symlink: /home/kannan/E-yantra/E-Yantra/KC_ws/install/eyantra_warehouse/share/eyantra_warehouse//models/boxes/box_27/model.config
[0.084s] -- Up-to-date symlink: /home/kannan/E-yantra/E-Yantra/KC_ws/install/eyantra_warehouse/share/eyantra_warehouse//models/boxes/box_27/model.sdf
[0.084s] -- Up-to-date symlink: /home/kannan/E-yantra/E-Yantra/KC_ws/install/eyantra_warehouse/share/eyantra_warehouse//models/boxes/box_28/meshes/aruco_tag.jpg
[0.084s] -- Up-to-date symlink: /home/kannan/E-yantra/E-Yantra/KC_ws/install/eyantra_warehouse/share/eyantra_warehouse//models/boxes/box_28/meshes/box.dae
[0.084s] -- Up-to-date symlink: /home/kannan/E-yantra/E-Yantra/KC_ws/install/eyantra_warehouse/share/eyantra_warehouse//models/boxes/box_28/meshes/box__bg.png
[0.084s] -- Up-to-date symlink: /home/kannan/E-yantra/E-Yantra/KC_ws/install/eyantra_warehouse/share/eyantra_warehouse//models/boxes/box_28/meshes/cardboard_bg.png
[0.084s] -- Up-to-date symlink: /home/kannan/E-yantra/E-Yantra/KC_ws/install/eyantra_warehouse/share/eyantra_warehouse//models/boxes/box_28/model.config
[0.084s] -- Up-to-date symlink: /home/kannan/E-yantra/E-Yantra/KC_ws/install/eyantra_warehouse/share/eyantra_warehouse//models/boxes/box_28/model.sdf
[0.085s] -- Up-to-date symlink: /home/kannan/E-yantra/E-Yantra/KC_ws/install/eyantra_warehouse/share/eyantra_warehouse//models/boxes/box_29/meshes/aruco_tag.jpg
[0.085s] -- Up-to-date symlink: /home/kannan/E-yantra/E-Yantra/KC_ws/install/eyantra_warehouse/share/eyantra_warehouse//models/boxes/box_29/meshes/box.dae
[0.085s] -- Up-to-date symlink: /home/kannan/E-yantra/E-Yantra/KC_ws/install/eyantra_warehouse/share/eyantra_warehouse//models/boxes/box_29/meshes/box__bg.png
[0.085s] -- Up-to-date symlink: /home/kannan/E-yantra/E-Yantra/KC_ws/install/eyantra_warehouse/share/eyantra_warehouse//models/boxes/box_29/meshes/cardboard_bg.png
[0.085s] -- Up-to-date symlink: /home/kannan/E-yantra/E-Yantra/KC_ws/install/eyantra_warehouse/share/eyantra_warehouse//models/boxes/box_29/model.config
[0.085s] -- Up-to-date symlink: /home/kannan/E-yantra/E-Yantra/KC_ws/install/eyantra_warehouse/share/eyantra_warehouse//models/boxes/box_29/model.sdf
[0.085s] -- Up-to-date symlink: /home/kannan/E-yantra/E-Yantra/KC_ws/install/eyantra_warehouse/share/eyantra_warehouse//models/boxes/box_3/meshes/aruco_tag.jpg
[0.085s] -- Up-to-date symlink: /home/kannan/E-yantra/E-Yantra/KC_ws/install/eyantra_warehouse/share/eyantra_warehouse//models/boxes/box_3/meshes/box.dae
[0.085s] -- Up-to-date symlink: /home/kannan/E-yantra/E-Yantra/KC_ws/install/eyantra_warehouse/share/eyantra_warehouse//models/boxes/box_3/meshes/box__bg.png
[0.085s] -- Up-to-date symlink: /home/kannan/E-yantra/E-Yantra/KC_ws/install/eyantra_warehouse/share/eyantra_warehouse//models/boxes/box_3/meshes/cardboard_bg.png
[0.085s] -- Up-to-date symlink: /home/kannan/E-yantra/E-Yantra/KC_ws/install/eyantra_warehouse/share/eyantra_warehouse//models/boxes/box_3/model.config
[0.085s] -- Up-to-date symlink: /home/kannan/E-yantra/E-Yantra/KC_ws/install/eyantra_warehouse/share/eyantra_warehouse//models/boxes/box_3/model.sdf
[0.085s] -- Up-to-date symlink: /home/kannan/E-yantra/E-Yantra/KC_ws/install/eyantra_warehouse/share/eyantra_warehouse//models/boxes/box_30/meshes/aruco_tag.jpg
[0.085s] -- Up-to-date symlink: /home/kannan/E-yantra/E-Yantra/KC_ws/install/eyantra_warehouse/share/eyantra_warehouse//models/boxes/box_30/meshes/box.dae
[0.085s] -- Up-to-date symlink: /home/kannan/E-yantra/E-Yantra/KC_ws/install/eyantra_warehouse/share/eyantra_warehouse//models/boxes/box_30/meshes/box__bg.png
[0.085s] -- Up-to-date symlink: /home/kannan/E-yantra/E-Yantra/KC_ws/install/eyantra_warehouse/share/eyantra_warehouse//models/boxes/box_30/meshes/cardboard_bg.png
[0.085s] -- Up-to-date symlink: /home/kannan/E-yantra/E-Yantra/KC_ws/install/eyantra_warehouse/share/eyantra_warehouse//models/boxes/box_30/model.config
[0.085s] -- Up-to-date symlink: /home/kannan/E-yantra/E-Yantra/KC_ws/install/eyantra_warehouse/share/eyantra_warehouse//models/boxes/box_30/model.sdf
[0.086s] -- Up-to-date symlink: /home/kannan/E-yantra/E-Yantra/KC_ws/install/eyantra_warehouse/share/eyantra_warehouse//models/boxes/box_31/meshes/aruco_tag.jpg
[0.086s] -- Up-to-date symlink: /home/kannan/E-yantra/E-Yantra/KC_ws/install/eyantra_warehouse/share/eyantra_warehouse//models/boxes/box_31/meshes/box.dae
[0.086s] -- Up-to-date symlink: /home/kannan/E-yantra/E-Yantra/KC_ws/install/eyantra_warehouse/share/eyantra_warehouse//models/boxes/box_31/meshes/box__bg.png
[0.086s] -- Up-to-date symlink: /home/kannan/E-yantra/E-Yantra/KC_ws/install/eyantra_warehouse/share/eyantra_warehouse//models/boxes/box_31/meshes/cardboard_bg.png
[0.086s] -- Up-to-date symlink: /home/kannan/E-yantra/E-Yantra/KC_ws/install/eyantra_warehouse/share/eyantra_warehouse//models/boxes/box_31/model.config
[0.086s] -- Up-to-date symlink: /home/kannan/E-yantra/E-Yantra/KC_ws/install/eyantra_warehouse/share/eyantra_warehouse//models/boxes/box_31/model.sdf
[0.086s] -- Up-to-date symlink: /home/kannan/E-yantra/E-Yantra/KC_ws/install/eyantra_warehouse/share/eyantra_warehouse//models/boxes/box_32/meshes/aruco_tag.jpg
[0.086s] -- Up-to-date symlink: /home/kannan/E-yantra/E-Yantra/KC_ws/install/eyantra_warehouse/share/eyantra_warehouse//models/boxes/box_32/meshes/box.dae
[0.086s] -- Up-to-date symlink: /home/kannan/E-yantra/E-Yantra/KC_ws/install/eyantra_warehouse/share/eyantra_warehouse//models/boxes/box_32/meshes/box__bg.png
[0.086s] -- Up-to-date symlink: /home/kannan/E-yantra/E-Yantra/KC_ws/install/eyantra_warehouse/share/eyantra_warehouse//models/boxes/box_32/meshes/cardboard_bg.png
[0.086s] -- Up-to-date symlink: /home/kannan/E-yantra/E-Yantra/KC_ws/install/eyantra_warehouse/share/eyantra_warehouse//models/boxes/box_32/model.config
[0.086s] -- Up-to-date symlink: /home/kannan/E-yantra/E-Yantra/KC_ws/install/eyantra_warehouse/share/eyantra_warehouse//models/boxes/box_32/model.sdf
[0.086s] -- Up-to-date symlink: /home/kannan/E-yantra/E-Yantra/KC_ws/install/eyantra_warehouse/share/eyantra_warehouse//models/boxes/box_33/meshes/aruco_tag.jpg
[0.086s] -- Up-to-date symlink: /home/kannan/E-yantra/E-Yantra/KC_ws/install/eyantra_warehouse/share/eyantra_warehouse//models/boxes/box_33/meshes/box.dae
[0.086s] -- Up-to-date symlink: /home/kannan/E-yantra/E-Yantra/KC_ws/install/eyantra_warehouse/share/eyantra_warehouse//models/boxes/box_33/meshes/box__bg.png
[0.086s] -- Up-to-date symlink: /home/kannan/E-yantra/E-Yantra/KC_ws/install/eyantra_warehouse/share/eyantra_warehouse//models/boxes/box_33/meshes/cardboard_bg.png
[0.086s] -- Up-to-date symlink: /home/kannan/E-yantra/E-Yantra/KC_ws/install/eyantra_warehouse/share/eyantra_warehouse//models/boxes/box_33/model.config
[0.086s] -- Up-to-date symlink: /home/kannan/E-yantra/E-Yantra/KC_ws/install/eyantra_warehouse/share/eyantra_warehouse//models/boxes/box_33/model.sdf
[0.086s] -- Up-to-date symlink: /home/kannan/E-yantra/E-Yantra/KC_ws/install/eyantra_warehouse/share/eyantra_warehouse//models/boxes/box_34/meshes/aruco_tag.jpg
[0.086s] -- Up-to-date symlink: /home/kannan/E-yantra/E-Yantra/KC_ws/install/eyantra_warehouse/share/eyantra_warehouse//models/boxes/box_34/meshes/box.dae
[0.086s] -- Up-to-date symlink: /home/kannan/E-yantra/E-Yantra/KC_ws/install/eyantra_warehouse/share/eyantra_warehouse//models/boxes/box_34/meshes/box__bg.png
[0.086s] -- Up-to-date symlink: /home/kannan/E-yantra/E-Yantra/KC_ws/install/eyantra_warehouse/share/eyantra_warehouse//models/boxes/box_34/meshes/cardboard_bg.png
[0.087s] -- Up-to-date symlink: /home/kannan/E-yantra/E-Yantra/KC_ws/install/eyantra_warehouse/share/eyantra_warehouse//models/boxes/box_34/model.config
[0.087s] -- Up-to-date symlink: /home/kannan/E-yantra/E-Yantra/KC_ws/install/eyantra_warehouse/share/eyantra_warehouse//models/boxes/box_34/model.sdf
[0.087s] -- Up-to-date symlink: /home/kannan/E-yantra/E-Yantra/KC_ws/install/eyantra_warehouse/share/eyantra_warehouse//models/boxes/box_35/meshes/aruco_tag.jpg
[0.087s] -- Up-to-date symlink: /home/kannan/E-yantra/E-Yantra/KC_ws/install/eyantra_warehouse/share/eyantra_warehouse//models/boxes/box_35/meshes/box.dae
[0.087s] -- Up-to-date symlink: /home/kannan/E-yantra/E-Yantra/KC_ws/install/eyantra_warehouse/share/eyantra_warehouse//models/boxes/box_35/meshes/box__bg.png
[0.087s] -- Up-to-date symlink: /home/kannan/E-yantra/E-Yantra/KC_ws/install/eyantra_warehouse/share/eyantra_warehouse//models/boxes/box_35/meshes/cardboard_bg.png
[0.087s] -- Up-to-date symlink: /home/kannan/E-yantra/E-Yantra/KC_ws/install/eyantra_warehouse/share/eyantra_warehouse//models/boxes/box_35/model.config
[0.087s] -- Up-to-date symlink: /home/kannan/E-yantra/E-Yantra/KC_ws/install/eyantra_warehouse/share/eyantra_warehouse//models/boxes/box_35/model.sdf
[0.087s] -- Up-to-date symlink: /home/kannan/E-yantra/E-Yantra/KC_ws/install/eyantra_warehouse/share/eyantra_warehouse//models/boxes/box_36/meshes/aruco_tag.jpg
[0.087s] -- Up-to-date symlink: /home/kannan/E-yantra/E-Yantra/KC_ws/install/eyantra_warehouse/share/eyantra_warehouse//models/boxes/box_36/meshes/box.dae
[0.087s] -- Up-to-date symlink: /home/kannan/E-yantra/E-Yantra/KC_ws/install/eyantra_warehouse/share/eyantra_warehouse//models/boxes/box_36/meshes/box__bg.png
[0.087s] -- Up-to-date symlink: /home/kannan/E-yantra/E-Yantra/KC_ws/install/eyantra_warehouse/share/eyantra_warehouse//models/boxes/box_36/meshes/cardboard_bg.png
[0.087s] -- Up-to-date symlink: /home/kannan/E-yantra/E-Yantra/KC_ws/install/eyantra_warehouse/share/eyantra_warehouse//models/boxes/box_36/model.config
[0.087s] -- Up-to-date symlink: /home/kannan/E-yantra/E-Yantra/KC_ws/install/eyantra_warehouse/share/eyantra_warehouse//models/boxes/box_36/model.sdf
[0.087s] -- Up-to-date symlink: /home/kannan/E-yantra/E-Yantra/KC_ws/install/eyantra_warehouse/share/eyantra_warehouse//models/boxes/box_37/meshes/aruco_tag.jpg
[0.087s] -- Up-to-date symlink: /home/kannan/E-yantra/E-Yantra/KC_ws/install/eyantra_warehouse/share/eyantra_warehouse//models/boxes/box_37/meshes/box.dae
[0.087s] -- Up-to-date symlink: /home/kannan/E-yantra/E-Yantra/KC_ws/install/eyantra_warehouse/share/eyantra_warehouse//models/boxes/box_37/meshes/box__bg.png
[0.087s] -- Up-to-date symlink: /home/kannan/E-yantra/E-Yantra/KC_ws/install/eyantra_warehouse/share/eyantra_warehouse//models/boxes/box_37/meshes/cardboard_bg.png
[0.087s] -- Up-to-date symlink: /home/kannan/E-yantra/E-Yantra/KC_ws/install/eyantra_warehouse/share/eyantra_warehouse//models/boxes/box_37/model.config
[0.087s] -- Up-to-date symlink: /home/kannan/E-yantra/E-Yantra/KC_ws/install/eyantra_warehouse/share/eyantra_warehouse//models/boxes/box_37/model.sdf
[0.087s] -- Up-to-date symlink: /home/kannan/E-yantra/E-Yantra/KC_ws/install/eyantra_warehouse/share/eyantra_warehouse//models/boxes/box_38/meshes/aruco_tag.jpg
[0.088s] -- Up-to-date symlink: /home/kannan/E-yantra/E-Yantra/KC_ws/install/eyantra_warehouse/share/eyantra_warehouse//models/boxes/box_38/meshes/box.dae
[0.088s] -- Up-to-date symlink: /home/kannan/E-yantra/E-Yantra/KC_ws/install/eyantra_warehouse/share/eyantra_warehouse//models/boxes/box_38/meshes/box__bg.png
[0.088s] -- Up-to-date symlink: /home/kannan/E-yantra/E-Yantra/KC_ws/install/eyantra_warehouse/share/eyantra_warehouse//models/boxes/box_38/meshes/cardboard_bg.png
[0.088s] -- Up-to-date symlink: /home/kannan/E-yantra/E-Yantra/KC_ws/install/eyantra_warehouse/share/eyantra_warehouse//models/boxes/box_38/model.config
[0.088s] -- Up-to-date symlink: /home/kannan/E-yantra/E-Yantra/KC_ws/install/eyantra_warehouse/share/eyantra_warehouse//models/boxes/box_38/model.sdf
[0.088s] -- Up-to-date symlink: /home/kannan/E-yantra/E-Yantra/KC_ws/install/eyantra_warehouse/share/eyantra_warehouse//models/boxes/box_39/meshes/aruco_tag.jpg
[0.088s] -- Up-to-date symlink: /home/kannan/E-yantra/E-Yantra/KC_ws/install/eyantra_warehouse/share/eyantra_warehouse//models/boxes/box_39/meshes/box.dae
[0.088s] -- Up-to-date symlink: /home/kannan/E-yantra/E-Yantra/KC_ws/install/eyantra_warehouse/share/eyantra_warehouse//models/boxes/box_39/meshes/box__bg.png
[0.088s] -- Up-to-date symlink: /home/kannan/E-yantra/E-Yantra/KC_ws/install/eyantra_warehouse/share/eyantra_warehouse//models/boxes/box_39/meshes/cardboard_bg.png
[0.088s] -- Up-to-date symlink: /home/kannan/E-yantra/E-Yantra/KC_ws/install/eyantra_warehouse/share/eyantra_warehouse//models/boxes/box_39/model.config
[0.088s] -- Up-to-date symlink: /home/kannan/E-yantra/E-Yantra/KC_ws/install/eyantra_warehouse/share/eyantra_warehouse//models/boxes/box_39/model.sdf
[0.088s] -- Up-to-date symlink: /home/kannan/E-yantra/E-Yantra/KC_ws/install/eyantra_warehouse/share/eyantra_warehouse//models/boxes/box_4/meshes/aruco_tag.jpg
[0.088s] -- Up-to-date symlink: /home/kannan/E-yantra/E-Yantra/KC_ws/install/eyantra_warehouse/share/eyantra_warehouse//models/boxes/box_4/meshes/box.dae
[0.088s] -- Up-to-date symlink: /home/kannan/E-yantra/E-Yantra/KC_ws/install/eyantra_warehouse/share/eyantra_warehouse//models/boxes/box_4/meshes/box__bg.png
[0.088s] -- Up-to-date symlink: /home/kannan/E-yantra/E-Yantra/KC_ws/install/eyantra_warehouse/share/eyantra_warehouse//models/boxes/box_4/meshes/cardboard_bg.png
[0.088s] -- Up-to-date symlink: /home/kannan/E-yantra/E-Yantra/KC_ws/install/eyantra_warehouse/share/eyantra_warehouse//models/boxes/box_4/model.config
[0.088s] -- Up-to-date symlink: /home/kannan/E-yantra/E-Yantra/KC_ws/install/eyantra_warehouse/share/eyantra_warehouse//models/boxes/box_4/model.sdf
[0.088s] -- Up-to-date symlink: /home/kannan/E-yantra/E-Yantra/KC_ws/install/eyantra_warehouse/share/eyantra_warehouse//models/boxes/box_40/meshes/aruco_tag.jpg
[0.088s] -- Up-to-date symlink: /home/kannan/E-yantra/E-Yantra/KC_ws/install/eyantra_warehouse/share/eyantra_warehouse//models/boxes/box_40/meshes/box.dae
[0.088s] -- Up-to-date symlink: /home/kannan/E-yantra/E-Yantra/KC_ws/install/eyantra_warehouse/share/eyantra_warehouse//models/boxes/box_40/meshes/box__bg.png
[0.089s] -- Up-to-date symlink: /home/kannan/E-yantra/E-Yantra/KC_ws/install/eyantra_warehouse/share/eyantra_warehouse//models/boxes/box_40/meshes/cardboard_bg.png
[0.089s] -- Up-to-date symlink: /home/kannan/E-yantra/E-Yantra/KC_ws/install/eyantra_warehouse/share/eyantra_warehouse//models/boxes/box_40/model.config
[0.089s] -- Up-to-date symlink: /home/kannan/E-yantra/E-Yantra/KC_ws/install/eyantra_warehouse/share/eyantra_warehouse//models/boxes/box_40/model.sdf
[0.089s] -- Up-to-date symlink: /home/kannan/E-yantra/E-Yantra/KC_ws/install/eyantra_warehouse/share/eyantra_warehouse//models/boxes/box_41/meshes/aruco_tag.jpg
[0.089s] -- Up-to-date symlink: /home/kannan/E-yantra/E-Yantra/KC_ws/install/eyantra_warehouse/share/eyantra_warehouse//models/boxes/box_41/meshes/box.dae
[0.089s] -- Up-to-date symlink: /home/kannan/E-yantra/E-Yantra/KC_ws/install/eyantra_warehouse/share/eyantra_warehouse//models/boxes/box_41/meshes/box__bg.png
[0.089s] -- Up-to-date symlink: /home/kannan/E-yantra/E-Yantra/KC_ws/install/eyantra_warehouse/share/eyantra_warehouse//models/boxes/box_41/meshes/cardboard_bg.png
[0.089s] -- Up-to-date symlink: /home/kannan/E-yantra/E-Yantra/KC_ws/install/eyantra_warehouse/share/eyantra_warehouse//models/boxes/box_41/model.config
[0.089s] -- Up-to-date symlink: /home/kannan/E-yantra/E-Yantra/KC_ws/install/eyantra_warehouse/share/eyantra_warehouse//models/boxes/box_41/model.sdf
[0.089s] -- Up-to-date symlink: /home/kannan/E-yantra/E-Yantra/KC_ws/install/eyantra_warehouse/share/eyantra_warehouse//models/boxes/box_42/meshes/aruco_tag.jpg
[0.089s] -- Up-to-date symlink: /home/kannan/E-yantra/E-Yantra/KC_ws/install/eyantra_warehouse/share/eyantra_warehouse//models/boxes/box_42/meshes/box.dae
[0.089s] -- Up-to-date symlink: /home/kannan/E-yantra/E-Yantra/KC_ws/install/eyantra_warehouse/share/eyantra_warehouse//models/boxes/box_42/meshes/box__bg.png
[0.089s] -- Up-to-date symlink: /home/kannan/E-yantra/E-Yantra/KC_ws/install/eyantra_warehouse/share/eyantra_warehouse//models/boxes/box_42/meshes/cardboard_bg.png
[0.089s] -- Up-to-date symlink: /home/kannan/E-yantra/E-Yantra/KC_ws/install/eyantra_warehouse/share/eyantra_warehouse//models/boxes/box_42/model.config
[0.089s] -- Up-to-date symlink: /home/kannan/E-yantra/E-Yantra/KC_ws/install/eyantra_warehouse/share/eyantra_warehouse//models/boxes/box_42/model.sdf
[0.089s] -- Up-to-date symlink: /home/kannan/E-yantra/E-Yantra/KC_ws/install/eyantra_warehouse/share/eyantra_warehouse//models/boxes/box_43/meshes/aruco_tag.jpg
[0.089s] -- Up-to-date symlink: /home/kannan/E-yantra/E-Yantra/KC_ws/install/eyantra_warehouse/share/eyantra_warehouse//models/boxes/box_43/meshes/box.dae
[0.089s] -- Up-to-date symlink: /home/kannan/E-yantra/E-Yantra/KC_ws/install/eyantra_warehouse/share/eyantra_warehouse//models/boxes/box_43/meshes/box__bg.png
[0.089s] -- Up-to-date symlink: /home/kannan/E-yantra/E-Yantra/KC_ws/install/eyantra_warehouse/share/eyantra_warehouse//models/boxes/box_43/meshes/cardboard_bg.png
[0.089s] -- Up-to-date symlink: /home/kannan/E-yantra/E-Yantra/KC_ws/install/eyantra_warehouse/share/eyantra_warehouse//models/boxes/box_43/model.config
[0.090s] -- Up-to-date symlink: /home/kannan/E-yantra/E-Yantra/KC_ws/install/eyantra_warehouse/share/eyantra_warehouse//models/boxes/box_43/model.sdf
[0.090s] -- Up-to-date symlink: /home/kannan/E-yantra/E-Yantra/KC_ws/install/eyantra_warehouse/share/eyantra_warehouse//models/boxes/box_44/meshes/aruco_tag.jpg
[0.090s] -- Up-to-date symlink: /home/kannan/E-yantra/E-Yantra/KC_ws/install/eyantra_warehouse/share/eyantra_warehouse//models/boxes/box_44/meshes/box.dae
[0.090s] -- Up-to-date symlink: /home/kannan/E-yantra/E-Yantra/KC_ws/install/eyantra_warehouse/share/eyantra_warehouse//models/boxes/box_44/meshes/box__bg.png
[0.090s] -- Up-to-date symlink: /home/kannan/E-yantra/E-Yantra/KC_ws/install/eyantra_warehouse/share/eyantra_warehouse//models/boxes/box_44/meshes/cardboard_bg.png
[0.090s] -- Up-to-date symlink: /home/kannan/E-yantra/E-Yantra/KC_ws/install/eyantra_warehouse/share/eyantra_warehouse//models/boxes/box_44/model.config
[0.090s] -- Up-to-date symlink: /home/kannan/E-yantra/E-Yantra/KC_ws/install/eyantra_warehouse/share/eyantra_warehouse//models/boxes/box_44/model.sdf
[0.090s] -- Up-to-date symlink: /home/kannan/E-yantra/E-Yantra/KC_ws/install/eyantra_warehouse/share/eyantra_warehouse//models/boxes/box_45/meshes/aruco_tag.jpg
[0.090s] -- Up-to-date symlink: /home/kannan/E-yantra/E-Yantra/KC_ws/install/eyantra_warehouse/share/eyantra_warehouse//models/boxes/box_45/meshes/box.dae
[0.090s] -- Up-to-date symlink: /home/kannan/E-yantra/E-Yantra/KC_ws/install/eyantra_warehouse/share/eyantra_warehouse//models/boxes/box_45/meshes/box__bg.png
[0.090s] -- Up-to-date symlink: /home/kannan/E-yantra/E-Yantra/KC_ws/install/eyantra_warehouse/share/eyantra_warehouse//models/boxes/box_45/meshes/cardboard_bg.png
[0.090s] -- Up-to-date symlink: /home/kannan/E-yantra/E-Yantra/KC_ws/install/eyantra_warehouse/share/eyantra_warehouse//models/boxes/box_45/model.config
[0.090s] -- Up-to-date symlink: /home/kannan/E-yantra/E-Yantra/KC_ws/install/eyantra_warehouse/share/eyantra_warehouse//models/boxes/box_45/model.sdf
[0.090s] -- Up-to-date symlink: /home/kannan/E-yantra/E-Yantra/KC_ws/install/eyantra_warehouse/share/eyantra_warehouse//models/boxes/box_46/meshes/aruco_tag.jpg
[0.090s] -- Up-to-date symlink: /home/kannan/E-yantra/E-Yantra/KC_ws/install/eyantra_warehouse/share/eyantra_warehouse//models/boxes/box_46/meshes/box.dae
[0.090s] -- Up-to-date symlink: /home/kannan/E-yantra/E-Yantra/KC_ws/install/eyantra_warehouse/share/eyantra_warehouse//models/boxes/box_46/meshes/box__bg.png
[0.090s] -- Up-to-date symlink: /home/kannan/E-yantra/E-Yantra/KC_ws/install/eyantra_warehouse/share/eyantra_warehouse//models/boxes/box_46/meshes/cardboard_bg.png
[0.090s] -- Up-to-date symlink: /home/kannan/E-yantra/E-Yantra/KC_ws/install/eyantra_warehouse/share/eyantra_warehouse//models/boxes/box_46/model.config
[0.090s] -- Up-to-date symlink: /home/kannan/E-yantra/E-Yantra/KC_ws/install/eyantra_warehouse/share/eyantra_warehouse//models/boxes/box_46/model.sdf
[0.090s] -- Up-to-date symlink: /home/kannan/E-yantra/E-Yantra/KC_ws/install/eyantra_warehouse/share/eyantra_warehouse//models/boxes/box_47/meshes/aruco_tag.jpg
[0.090s] -- Up-to-date symlink: /home/kannan/E-yantra/E-Yantra/KC_ws/install/eyantra_warehouse/share/eyantra_warehouse//models/boxes/box_47/meshes/box.dae
[0.091s] -- Up-to-date symlink: /home/kannan/E-yantra/E-Yantra/KC_ws/install/eyantra_warehouse/share/eyantra_warehouse//models/boxes/box_47/meshes/box__bg.png
[0.091s] -- Up-to-date symlink: /home/kannan/E-yantra/E-Yantra/KC_ws/install/eyantra_warehouse/share/eyantra_warehouse//models/boxes/box_47/meshes/cardboard_bg.png
[0.091s] -- Up-to-date symlink: /home/kannan/E-yantra/E-Yantra/KC_ws/install/eyantra_warehouse/share/eyantra_warehouse//models/boxes/box_47/model.config
[0.091s] -- Up-to-date symlink: /home/kannan/E-yantra/E-Yantra/KC_ws/install/eyantra_warehouse/share/eyantra_warehouse//models/boxes/box_47/model.sdf
[0.091s] -- Up-to-date symlink: /home/kannan/E-yantra/E-Yantra/KC_ws/install/eyantra_warehouse/share/eyantra_warehouse//models/boxes/box_48/meshes/aruco_tag.jpg
[0.091s] -- Up-to-date symlink: /home/kannan/E-yantra/E-Yantra/KC_ws/install/eyantra_warehouse/share/eyantra_warehouse//models/boxes/box_48/meshes/box.dae
[0.091s] -- Up-to-date symlink: /home/kannan/E-yantra/E-Yantra/KC_ws/install/eyantra_warehouse/share/eyantra_warehouse//models/boxes/box_48/meshes/box__bg.png
[0.091s] -- Up-to-date symlink: /home/kannan/E-yantra/E-Yantra/KC_ws/install/eyantra_warehouse/share/eyantra_warehouse//models/boxes/box_48/meshes/cardboard_bg.png
[0.091s] -- Up-to-date symlink: /home/kannan/E-yantra/E-Yantra/KC_ws/install/eyantra_warehouse/share/eyantra_warehouse//models/boxes/box_48/model.config
[0.091s] -- Up-to-date symlink: /home/kannan/E-yantra/E-Yantra/KC_ws/install/eyantra_warehouse/share/eyantra_warehouse//models/boxes/box_48/model.sdf
[0.091s] -- Up-to-date symlink: /home/kannan/E-yantra/E-Yantra/KC_ws/install/eyantra_warehouse/share/eyantra_warehouse//models/boxes/box_49/meshes/aruco_tag.jpg
[0.091s] -- Up-to-date symlink: /home/kannan/E-yantra/E-Yantra/KC_ws/install/eyantra_warehouse/share/eyantra_warehouse//models/boxes/box_49/meshes/box.dae
[0.091s] -- Up-to-date symlink: /home/kannan/E-yantra/E-Yantra/KC_ws/install/eyantra_warehouse/share/eyantra_warehouse//models/boxes/box_49/meshes/box__bg.png
[0.091s] -- Up-to-date symlink: /home/kannan/E-yantra/E-Yantra/KC_ws/install/eyantra_warehouse/share/eyantra_warehouse//models/boxes/box_49/meshes/cardboard_bg.png
[0.091s] -- Up-to-date symlink: /home/kannan/E-yantra/E-Yantra/KC_ws/install/eyantra_warehouse/share/eyantra_warehouse//models/boxes/box_49/model.config
[0.091s] -- Up-to-date symlink: /home/kannan/E-yantra/E-Yantra/KC_ws/install/eyantra_warehouse/share/eyantra_warehouse//models/boxes/box_49/model.sdf
[0.091s] -- Up-to-date symlink: /home/kannan/E-yantra/E-Yantra/KC_ws/install/eyantra_warehouse/share/eyantra_warehouse//models/boxes/box_5/meshes/aruco_tag.jpg
[0.091s] -- Up-to-date symlink: /home/kannan/E-yantra/E-Yantra/KC_ws/install/eyantra_warehouse/share/eyantra_warehouse//models/boxes/box_5/meshes/box.dae
[0.091s] -- Up-to-date symlink: /home/kannan/E-yantra/E-Yantra/KC_ws/install/eyantra_warehouse/share/eyantra_warehouse//models/boxes/box_5/meshes/box__bg.png
[0.091s] -- Up-to-date symlink: /home/kannan/E-yantra/E-Yantra/KC_ws/install/eyantra_warehouse/share/eyantra_warehouse//models/boxes/box_5/meshes/cardboard_bg.png
[0.091s] -- Up-to-date symlink: /home/kannan/E-yantra/E-Yantra/KC_ws/install/eyantra_warehouse/share/eyantra_warehouse//models/boxes/box_5/model.config
[0.092s] -- Up-to-date symlink: /home/kannan/E-yantra/E-Yantra/KC_ws/install/eyantra_warehouse/share/eyantra_warehouse//models/boxes/box_5/model.sdf
[0.092s] -- Up-to-date symlink: /home/kannan/E-yantra/E-Yantra/KC_ws/install/eyantra_warehouse/share/eyantra_warehouse//models/boxes/box_50/meshes/aruco_tag.jpg
[0.092s] -- Up-to-date symlink: /home/kannan/E-yantra/E-Yantra/KC_ws/install/eyantra_warehouse/share/eyantra_warehouse//models/boxes/box_50/meshes/box.dae
[0.092s] -- Up-to-date symlink: /home/kannan/E-yantra/E-Yantra/KC_ws/install/eyantra_warehouse/share/eyantra_warehouse//models/boxes/box_50/meshes/box__bg.png
[0.092s] -- Up-to-date symlink: /home/kannan/E-yantra/E-Yantra/KC_ws/install/eyantra_warehouse/share/eyantra_warehouse//models/boxes/box_50/meshes/cardboard_bg.png
[0.092s] -- Up-to-date symlink: /home/kannan/E-yantra/E-Yantra/KC_ws/install/eyantra_warehouse/share/eyantra_warehouse//models/boxes/box_50/model.config
[0.092s] -- Up-to-date symlink: /home/kannan/E-yantra/E-Yantra/KC_ws/install/eyantra_warehouse/share/eyantra_warehouse//models/boxes/box_50/model.sdf
[0.092s] -- Up-to-date symlink: /home/kannan/E-yantra/E-Yantra/KC_ws/install/eyantra_warehouse/share/eyantra_warehouse//models/boxes/box_6/meshes/aruco_tag.jpg
[0.092s] -- Up-to-date symlink: /home/kannan/E-yantra/E-Yantra/KC_ws/install/eyantra_warehouse/share/eyantra_warehouse//models/boxes/box_6/meshes/box.dae
[0.092s] -- Up-to-date symlink: /home/kannan/E-yantra/E-Yantra/KC_ws/install/eyantra_warehouse/share/eyantra_warehouse//models/boxes/box_6/meshes/box__bg.png
[0.092s] -- Up-to-date symlink: /home/kannan/E-yantra/E-Yantra/KC_ws/install/eyantra_warehouse/share/eyantra_warehouse//models/boxes/box_6/meshes/cardboard_bg.png
[0.092s] -- Up-to-date symlink: /home/kannan/E-yantra/E-Yantra/KC_ws/install/eyantra_warehouse/share/eyantra_warehouse//models/boxes/box_6/model.config
[0.092s] -- Up-to-date symlink: /home/kannan/E-yantra/E-Yantra/KC_ws/install/eyantra_warehouse/share/eyantra_warehouse//models/boxes/box_6/model.sdf
[0.092s] -- Up-to-date symlink: /home/kannan/E-yantra/E-Yantra/KC_ws/install/eyantra_warehouse/share/eyantra_warehouse//models/boxes/box_7/meshes/aruco_tag.jpg
[0.092s] -- Up-to-date symlink: /home/kannan/E-yantra/E-Yantra/KC_ws/install/eyantra_warehouse/share/eyantra_warehouse//models/boxes/box_7/meshes/box.dae
[0.092s] -- Up-to-date symlink: /home/kannan/E-yantra/E-Yantra/KC_ws/install/eyantra_warehouse/share/eyantra_warehouse//models/boxes/box_7/meshes/box__bg.png
[0.092s] -- Up-to-date symlink: /home/kannan/E-yantra/E-Yantra/KC_ws/install/eyantra_warehouse/share/eyantra_warehouse//models/boxes/box_7/meshes/cardboard_bg.png
[0.092s] -- Up-to-date symlink: /home/kannan/E-yantra/E-Yantra/KC_ws/install/eyantra_warehouse/share/eyantra_warehouse//models/boxes/box_7/model.config
[0.092s] -- Up-to-date symlink: /home/kannan/E-yantra/E-Yantra/KC_ws/install/eyantra_warehouse/share/eyantra_warehouse//models/boxes/box_7/model.sdf
[0.092s] -- Up-to-date symlink: /home/kannan/E-yantra/E-Yantra/KC_ws/install/eyantra_warehouse/share/eyantra_warehouse//models/boxes/box_8/meshes/aruco_tag.jpg
[0.093s] -- Up-to-date symlink: /home/kannan/E-yantra/E-Yantra/KC_ws/install/eyantra_warehouse/share/eyantra_warehouse//models/boxes/box_8/meshes/box.dae
[0.093s] -- Up-to-date symlink: /home/kannan/E-yantra/E-Yantra/KC_ws/install/eyantra_warehouse/share/eyantra_warehouse//models/boxes/box_8/meshes/box__bg.png
[0.093s] -- Up-to-date symlink: /home/kannan/E-yantra/E-Yantra/KC_ws/install/eyantra_warehouse/share/eyantra_warehouse//models/boxes/box_8/meshes/cardboard_bg.png
[0.093s] -- Up-to-date symlink: /home/kannan/E-yantra/E-Yantra/KC_ws/install/eyantra_warehouse/share/eyantra_warehouse//models/boxes/box_8/model.config
[0.093s] -- Up-to-date symlink: /home/kannan/E-yantra/E-Yantra/KC_ws/install/eyantra_warehouse/share/eyantra_warehouse//models/boxes/box_8/model.sdf
[0.093s] -- Up-to-date symlink: /home/kannan/E-yantra/E-Yantra/KC_ws/install/eyantra_warehouse/share/eyantra_warehouse//models/boxes/box_9/meshes/aruco_tag.jpg
[0.093s] -- Up-to-date symlink: /home/kannan/E-yantra/E-Yantra/KC_ws/install/eyantra_warehouse/share/eyantra_warehouse//models/boxes/box_9/meshes/box.dae
[0.093s] -- Up-to-date symlink: /home/kannan/E-yantra/E-Yantra/KC_ws/install/eyantra_warehouse/share/eyantra_warehouse//models/boxes/box_9/meshes/box__bg.png
[0.093s] -- Up-to-date symlink: /home/kannan/E-yantra/E-Yantra/KC_ws/install/eyantra_warehouse/share/eyantra_warehouse//models/boxes/box_9/meshes/cardboard_bg.png
[0.093s] -- Up-to-date symlink: /home/kannan/E-yantra/E-Yantra/KC_ws/install/eyantra_warehouse/share/eyantra_warehouse//models/boxes/box_9/model.config
[0.093s] -- Up-to-date symlink: /home/kannan/E-yantra/E-Yantra/KC_ws/install/eyantra_warehouse/share/eyantra_warehouse//models/boxes/box_9/model.sdf
[0.093s] -- Up-to-date symlink: /home/kannan/E-yantra/E-Yantra/KC_ws/install/eyantra_warehouse/share/eyantra_warehouse//models/conveyor_belt/meshes/conveyor_belt.dae
[0.093s] -- Up-to-date symlink: /home/kannan/E-yantra/E-Yantra/KC_ws/install/eyantra_warehouse/share/eyantra_warehouse//models/conveyor_belt/meshes/conveyor_belt.stl
[0.093s] -- Up-to-date symlink: /home/kannan/E-yantra/E-Yantra/KC_ws/install/eyantra_warehouse/share/eyantra_warehouse//models/conveyor_belt/model.config
[0.093s] -- Up-to-date symlink: /home/kannan/E-yantra/E-Yantra/KC_ws/install/eyantra_warehouse/share/eyantra_warehouse//models/conveyor_belt/model.sdf
[0.093s] -- Up-to-date symlink: /home/kannan/E-yantra/E-Yantra/KC_ws/install/eyantra_warehouse/share/eyantra_warehouse//models/dock_shape/meshes/dock_shape.dae
[0.093s] -- Up-to-date symlink: /home/kannan/E-yantra/E-Yantra/KC_ws/install/eyantra_warehouse/share/eyantra_warehouse//models/dock_shape/meshes/dock_shape.mtl
[0.093s] -- Up-to-date symlink: /home/kannan/E-yantra/E-Yantra/KC_ws/install/eyantra_warehouse/share/eyantra_warehouse//models/dock_shape/meshes/dock_shape.obj
[0.093s] -- Up-to-date symlink: /home/kannan/E-yantra/E-Yantra/KC_ws/install/eyantra_warehouse/share/eyantra_warehouse//models/dock_shape/model.config
[0.093s] -- Up-to-date symlink: /home/kannan/E-yantra/E-Yantra/KC_ws/install/eyantra_warehouse/share/eyantra_warehouse//models/dock_shape/model.sdf
[0.094s] -- Up-to-date symlink: /home/kannan/E-yantra/E-Yantra/KC_ws/install/eyantra_warehouse/share/eyantra_warehouse//models/drop_conveyor_belt/meshes/conveyor_belt.dae
[0.094s] -- Up-to-date symlink: /home/kannan/E-yantra/E-Yantra/KC_ws/install/eyantra_warehouse/share/eyantra_warehouse//models/drop_conveyor_belt/meshes/conveyor_belt.stl
[0.094s] -- Up-to-date symlink: /home/kannan/E-yantra/E-Yantra/KC_ws/install/eyantra_warehouse/share/eyantra_warehouse//models/drop_conveyor_belt/model.config
[0.094s] -- Up-to-date symlink: /home/kannan/E-yantra/E-Yantra/KC_ws/install/eyantra_warehouse/share/eyantra_warehouse//models/drop_conveyor_belt/model.sdf
[0.094s] -- Up-to-date symlink: /home/kannan/E-yantra/E-Yantra/KC_ws/install/eyantra_warehouse/share/eyantra_warehouse//models/drop_table/meshes/eyantra_logo~red_280x55.png
[0.094s] -- Up-to-date symlink: /home/kannan/E-yantra/E-Yantra/KC_ws/install/eyantra_warehouse/share/eyantra_warehouse//models/drop_table/meshes/eyantra_logo~red_280x55.png.001.png
[0.094s] -- Up-to-date symlink: /home/kannan/E-yantra/E-Yantra/KC_ws/install/eyantra_warehouse/share/eyantra_warehouse//models/drop_table/meshes/table.dae
[0.094s] -- Up-to-date symlink: /home/kannan/E-yantra/E-Yantra/KC_ws/install/eyantra_warehouse/share/eyantra_warehouse//models/drop_table/model.config
[0.094s] -- Up-to-date symlink: /home/kannan/E-yantra/E-Yantra/KC_ws/install/eyantra_warehouse/share/eyantra_warehouse//models/drop_table/model.sdf
[0.094s] -- Up-to-date symlink: /home/kannan/E-yantra/E-Yantra/KC_ws/install/eyantra_warehouse/share/eyantra_warehouse//models/ground_plane/model.config
[0.094s] -- Up-to-date symlink: /home/kannan/E-yantra/E-Yantra/KC_ws/install/eyantra_warehouse/share/eyantra_warehouse//models/ground_plane/model.sdf
[0.094s] -- Up-to-date symlink: /home/kannan/E-yantra/E-Yantra/KC_ws/install/eyantra_warehouse/share/eyantra_warehouse//models/pick_table/meshes/eyantra_logo~red_280x55.png
[0.094s] -- Up-to-date symlink: /home/kannan/E-yantra/E-Yantra/KC_ws/install/eyantra_warehouse/share/eyantra_warehouse//models/pick_table/meshes/eyantra_logo~red_280x55.png.001.png
[0.094s] -- Up-to-date symlink: /home/kannan/E-yantra/E-Yantra/KC_ws/install/eyantra_warehouse/share/eyantra_warehouse//models/pick_table/meshes/table.dae
[0.094s] -- Up-to-date symlink: /home/kannan/E-yantra/E-Yantra/KC_ws/install/eyantra_warehouse/share/eyantra_warehouse//models/pick_table/model.config
[0.094s] -- Up-to-date symlink: /home/kannan/E-yantra/E-Yantra/KC_ws/install/eyantra_warehouse/share/eyantra_warehouse//models/pick_table/model.sdf
[0.094s] -- Up-to-date symlink: /home/kannan/E-yantra/E-Yantra/KC_ws/install/eyantra_warehouse/share/eyantra_warehouse//models/plant/meshes/KB_plant.dae
[0.094s] -- Up-to-date symlink: /home/kannan/E-yantra/E-Yantra/KC_ws/install/eyantra_warehouse/share/eyantra_warehouse//models/plant/meshes/leaf.jpg
[0.094s] -- Up-to-date symlink: /home/kannan/E-yantra/E-Yantra/KC_ws/install/eyantra_warehouse/share/eyantra_warehouse//models/plant/model.config
[0.094s] -- Up-to-date symlink: /home/kannan/E-yantra/E-Yantra/KC_ws/install/eyantra_warehouse/share/eyantra_warehouse//models/plant/model.sdf
[0.094s] -- Up-to-date symlink: /home/kannan/E-yantra/E-Yantra/KC_ws/install/eyantra_warehouse/share/eyantra_warehouse//models/plant_all_bell_peppers/meshes/KB_plant.dae
[0.095s] -- Up-to-date symlink: /home/kannan/E-yantra/E-Yantra/KC_ws/install/eyantra_warehouse/share/eyantra_warehouse//models/plant_all_bell_peppers/meshes/leaf.jpg
[0.095s] -- Up-to-date symlink: /home/kannan/E-yantra/E-Yantra/KC_ws/install/eyantra_warehouse/share/eyantra_warehouse//models/plant_all_bell_peppers/model.config
[0.095s] -- Up-to-date symlink: /home/kannan/E-yantra/E-Yantra/KC_ws/install/eyantra_warehouse/share/eyantra_warehouse//models/plant_all_bell_peppers/model.sdf
[0.095s] -- Up-to-date symlink: /home/kannan/E-yantra/E-Yantra/KC_ws/install/eyantra_warehouse/share/eyantra_warehouse//models/plant_bell_pepper_brown/meshes/KB_plant.dae
[0.095s] -- Up-to-date symlink: /home/kannan/E-yantra/E-Yantra/KC_ws/install/eyantra_warehouse/share/eyantra_warehouse//models/plant_bell_pepper_brown/meshes/leaf.jpg
[0.095s] -- Up-to-date symlink: /home/kannan/E-yantra/E-Yantra/KC_ws/install/eyantra_warehouse/share/eyantra_warehouse//models/plant_bell_pepper_brown/model.config
[0.095s] -- Up-to-date symlink: /home/kannan/E-yantra/E-Yantra/KC_ws/install/eyantra_warehouse/share/eyantra_warehouse//models/plant_bell_pepper_brown/model.sdf
[0.095s] -- Up-to-date symlink: /home/kannan/E-yantra/E-Yantra/KC_ws/install/eyantra_warehouse/share/eyantra_warehouse//models/plant_bell_pepper_red/meshes/KB_plant.dae
[0.095s] -- Up-to-date symlink: /home/kannan/E-yantra/E-Yantra/KC_ws/install/eyantra_warehouse/share/eyantra_warehouse//models/plant_bell_pepper_red/meshes/leaf.jpg
[0.095s] -- Up-to-date symlink: /home/kannan/E-yantra/E-Yantra/KC_ws/install/eyantra_warehouse/share/eyantra_warehouse//models/plant_bell_pepper_red/model.config
[0.095s] -- Up-to-date symlink: /home/kannan/E-yantra/E-Yantra/KC_ws/install/eyantra_warehouse/share/eyantra_warehouse//models/plant_bell_pepper_red/model.sdf
[0.095s] -- Up-to-date symlink: /home/kannan/E-yantra/E-Yantra/KC_ws/install/eyantra_warehouse/share/eyantra_warehouse//models/plant_bell_pepper_yellow/meshes/KB_plant.dae
[0.095s] -- Up-to-date symlink: /home/kannan/E-yantra/E-Yantra/KC_ws/install/eyantra_warehouse/share/eyantra_warehouse//models/plant_bell_pepper_yellow/meshes/leaf.jpg
[0.095s] -- Up-to-date symlink: /home/kannan/E-yantra/E-Yantra/KC_ws/install/eyantra_warehouse/share/eyantra_warehouse//models/plant_bell_pepper_yellow/model.config
[0.095s] -- Up-to-date symlink: /home/kannan/E-yantra/E-Yantra/KC_ws/install/eyantra_warehouse/share/eyantra_warehouse//models/plant_bell_pepper_yellow/model.sdf
[0.095s] -- Up-to-date symlink: /home/kannan/E-yantra/E-Yantra/KC_ws/install/eyantra_warehouse/share/eyantra_warehouse//models/plant_red_yellow_bell_peppers_trough/meshes/KB_plant_red_yellow_bell_pepper.dae
[0.095s] -- Up-to-date symlink: /home/kannan/E-yantra/E-Yantra/KC_ws/install/eyantra_warehouse/share/eyantra_warehouse//models/plant_red_yellow_bell_peppers_trough/meshes/leaf.jpg
[0.095s] -- Up-to-date symlink: /home/kannan/E-yantra/E-Yantra/KC_ws/install/eyantra_warehouse/share/eyantra_warehouse//models/plant_red_yellow_bell_peppers_trough/meshes/soil-texture-png-3.png
[0.095s] -- Up-to-date symlink: /home/kannan/E-yantra/E-Yantra/KC_ws/install/eyantra_warehouse/share/eyantra_warehouse//models/plant_red_yellow_bell_peppers_trough/model.config
[0.095s] -- Up-to-date symlink: /home/kannan/E-yantra/E-Yantra/KC_ws/install/eyantra_warehouse/share/eyantra_warehouse//models/plant_red_yellow_bell_peppers_trough/model.sdf
[0.096s] -- Up-to-date symlink: /home/kannan/E-yantra/E-Yantra/KC_ws/install/eyantra_warehouse/share/eyantra_warehouse//models/rack/meshes/brushedsteel4.jpg
[0.096s] -- Up-to-date symlink: /home/kannan/E-yantra/E-Yantra/KC_ws/install/eyantra_warehouse/share/eyantra_warehouse//models/rack/meshes/brushedsteel_bg.jpg
[0.096s] -- Up-to-date symlink: /home/kannan/E-yantra/E-Yantra/KC_ws/install/eyantra_warehouse/share/eyantra_warehouse//models/rack/meshes/rack.dae
[0.096s] -- Up-to-date symlink: /home/kannan/E-yantra/E-Yantra/KC_ws/install/eyantra_warehouse/share/eyantra_warehouse//models/rack/meshes/rack.stl
[0.096s] -- Up-to-date symlink: /home/kannan/E-yantra/E-Yantra/KC_ws/install/eyantra_warehouse/share/eyantra_warehouse//models/rack/model.config
[0.096s] -- Up-to-date symlink: /home/kannan/E-yantra/E-Yantra/KC_ws/install/eyantra_warehouse/share/eyantra_warehouse//models/rack/model.sdf
[0.096s] -- Up-to-date symlink: /home/kannan/E-yantra/E-Yantra/KC_ws/install/eyantra_warehouse/share/eyantra_warehouse//models/square_shape/meshes/square_shape.mtl
[0.096s] -- Up-to-date symlink: /home/kannan/E-yantra/E-Yantra/KC_ws/install/eyantra_warehouse/share/eyantra_warehouse//models/square_shape/meshes/square_shape.obj
[0.096s] -- Up-to-date symlink: /home/kannan/E-yantra/E-Yantra/KC_ws/install/eyantra_warehouse/share/eyantra_warehouse//models/square_shape/model.config
[0.096s] -- Up-to-date symlink: /home/kannan/E-yantra/E-Yantra/KC_ws/install/eyantra_warehouse/share/eyantra_warehouse//models/square_shape/model.sdf
[0.096s] -- Up-to-date symlink: /home/kannan/E-yantra/E-Yantra/KC_ws/install/eyantra_warehouse/share/eyantra_warehouse//models/tree_1/tree_1.mtl
[0.096s] -- Up-to-date symlink: /home/kannan/E-yantra/E-Yantra/KC_ws/install/eyantra_warehouse/share/eyantra_warehouse//models/tree_1/tree_1.obj
[0.096s] -- Up-to-date symlink: /home/kannan/E-yantra/E-Yantra/KC_ws/install/eyantra_warehouse/share/eyantra_warehouse//models/tree_2/tree_2.mtl
[0.096s] -- Up-to-date symlink: /home/kannan/E-yantra/E-Yantra/KC_ws/install/eyantra_warehouse/share/eyantra_warehouse//models/tree_2/tree_2.obj
[0.096s] -- Up-to-date symlink: /home/kannan/E-yantra/E-Yantra/KC_ws/install/eyantra_warehouse/share/eyantra_warehouse//models/triangle_shape/meshes/triangle_shape.mtl
[0.096s] -- Up-to-date symlink: /home/kannan/E-yantra/E-Yantra/KC_ws/install/eyantra_warehouse/share/eyantra_warehouse//models/triangle_shape/meshes/triangle_shape.obj
[0.096s] -- Up-to-date symlink: /home/kannan/E-yantra/E-Yantra/KC_ws/install/eyantra_warehouse/share/eyantra_warehouse//models/triangle_shape/model.config
[0.096s] -- Up-to-date symlink: /home/kannan/E-yantra/E-Yantra/KC_ws/install/eyantra_warehouse/share/eyantra_warehouse//models/triangle_shape/model.sdf
[0.096s] -- Up-to-date symlink: /home/kannan/E-yantra/E-Yantra/KC_ws/install/eyantra_warehouse/share/eyantra_warehouse//models/trough/meshes/brick.mtl
[0.096s] -- Up-to-date symlink: /home/kannan/E-yantra/E-Yantra/KC_ws/install/eyantra_warehouse/share/eyantra_warehouse//models/trough/meshes/brick.obj
[0.096s] -- Up-to-date symlink: /home/kannan/E-yantra/E-Yantra/KC_ws/install/eyantra_warehouse/share/eyantra_warehouse//models/trough/meshes/leaf.jpg
[0.097s] -- Up-to-date symlink: /home/kannan/E-yantra/E-Yantra/KC_ws/install/eyantra_warehouse/share/eyantra_warehouse//models/trough/meshes/leaf.jpg.002.jpg
[0.097s] -- Up-to-date symlink: /home/kannan/E-yantra/E-Yantra/KC_ws/install/eyantra_warehouse/share/eyantra_warehouse//models/trough/meshes/leaf.jpg.002.jpg.001.jpg
[0.097s] -- Up-to-date symlink: /home/kannan/E-yantra/E-Yantra/KC_ws/install/eyantra_warehouse/share/eyantra_warehouse//models/trough/meshes/leaf.jpg.004.jpg
[0.097s] -- Up-to-date symlink: /home/kannan/E-yantra/E-Yantra/KC_ws/install/eyantra_warehouse/share/eyantra_warehouse//models/trough/meshes/soil-texture-png-3.png
[0.097s] -- Up-to-date symlink: /home/kannan/E-yantra/E-Yantra/KC_ws/install/eyantra_warehouse/share/eyantra_warehouse//models/trough/meshes/truf.mtl
[0.097s] -- Up-to-date symlink: /home/kannan/E-yantra/E-Yantra/KC_ws/install/eyantra_warehouse/share/eyantra_warehouse//models/trough/meshes/truf.obj
[0.097s] -- Up-to-date symlink: /home/kannan/E-yantra/E-Yantra/KC_ws/install/eyantra_warehouse/share/eyantra_warehouse//models/trough/meshes/truf_brick.mtl
[0.097s] -- Up-to-date symlink: /home/kannan/E-yantra/E-Yantra/KC_ws/install/eyantra_warehouse/share/eyantra_warehouse//models/trough/meshes/truf_brick.obj
[0.097s] -- Up-to-date symlink: /home/kannan/E-yantra/E-Yantra/KC_ws/install/eyantra_warehouse/share/eyantra_warehouse//models/trough/meshes/truf_brick_cone.dae
[0.097s] -- Up-to-date symlink: /home/kannan/E-yantra/E-Yantra/KC_ws/install/eyantra_warehouse/share/eyantra_warehouse//models/trough/meshes/truf_brick_cone.dae.bck
[0.097s] -- Up-to-date symlink: /home/kannan/E-yantra/E-Yantra/KC_ws/install/eyantra_warehouse/share/eyantra_warehouse//models/trough/meshes/truf_brick_cone.mtl
[0.097s] -- Up-to-date symlink: /home/kannan/E-yantra/E-Yantra/KC_ws/install/eyantra_warehouse/share/eyantra_warehouse//models/trough/meshes/truf_brick_cone.obj
[0.097s] -- Up-to-date symlink: /home/kannan/E-yantra/E-Yantra/KC_ws/install/eyantra_warehouse/share/eyantra_warehouse//models/trough/model.config
[0.097s] -- Up-to-date symlink: /home/kannan/E-yantra/E-Yantra/KC_ws/install/eyantra_warehouse/share/eyantra_warehouse//models/trough/model.sdf
[0.097s] -- Up-to-date symlink: /home/kannan/E-yantra/E-Yantra/KC_ws/install/eyantra_warehouse/share/eyantra_warehouse//models/warehouse_boundary/meshes/LAWN.jpg
[0.097s] -- Up-to-date symlink: /home/kannan/E-yantra/E-Yantra/KC_ws/install/eyantra_warehouse/share/eyantra_warehouse//models/warehouse_boundary/meshes/SolarPanelsPolycrystallineTypeBFramedClean001_COL_3K.jpg.001.jpg
[0.097s] -- Up-to-date symlink: /home/kannan/E-yantra/E-Yantra/KC_ws/install/eyantra_warehouse/share/eyantra_warehouse//models/warehouse_boundary/meshes/SolarPanelsPolycrystallineTypeBFramedClean001_COL_3K.jpg.002.jpg
[0.097s] -- Up-to-date symlink: /home/kannan/E-yantra/E-Yantra/KC_ws/install/eyantra_warehouse/share/eyantra_warehouse//models/warehouse_boundary/meshes/SolarPanelsPolycrystallineTypeBFramedClean001_COL_3K.jpg.003.jpg
[0.097s] -- Up-to-date symlink: /home/kannan/E-yantra/E-Yantra/KC_ws/install/eyantra_warehouse/share/eyantra_warehouse//models/warehouse_boundary/meshes/SolarPanelsPolycrystallineTypeBFramedClean001_COL_3K.jpg.004.jp.jpg
[0.097s] -- Up-to-date symlink: /home/kannan/E-yantra/E-Yantra/KC_ws/install/eyantra_warehouse/share/eyantra_warehouse//models/warehouse_boundary/meshes/SolarPanelsPolycrystallineTypeBFramedClean001_COL_3K.jpg.004.jpg
[0.098s] -- Up-to-date symlink: /home/kannan/E-yantra/E-Yantra/KC_ws/install/eyantra_warehouse/share/eyantra_warehouse//models/warehouse_boundary/meshes/SolarPanelsPolycrystallineTypeBFramedClean001_COL_3K.jpg.005.jpg
[0.098s] -- Up-to-date symlink: /home/kannan/E-yantra/E-Yantra/KC_ws/install/eyantra_warehouse/share/eyantra_warehouse//models/warehouse_boundary/meshes/SolarPanelsPolycrystallineTypeBFramedClean001_COL_3K.jpg.006.jpg
[0.098s] -- Up-to-date symlink: /home/kannan/E-yantra/E-Yantra/KC_ws/install/eyantra_warehouse/share/eyantra_warehouse//models/warehouse_boundary/meshes/SolarPanelsPolycrystallineTypeBFramedClean001_COL_3K.jpg.007.jpg
[0.098s] -- Up-to-date symlink: /home/kannan/E-yantra/E-Yantra/KC_ws/install/eyantra_warehouse/share/eyantra_warehouse//models/warehouse_boundary/meshes/SolarPanelsPolycrystallineTypeBFramedClean001_COL_3K.jpg.008.jpg
[0.098s] -- Up-to-date symlink: /home/kannan/E-yantra/E-Yantra/KC_ws/install/eyantra_warehouse/share/eyantra_warehouse//models/warehouse_boundary/meshes/SolarPanelsPolycrystallineTypeBFramedClean001_COL_3K.jpg.009.jpg
[0.098s] -- Up-to-date symlink: /home/kannan/E-yantra/E-Yantra/KC_ws/install/eyantra_warehouse/share/eyantra_warehouse//models/warehouse_boundary/meshes/SolarPanelsPolycrystallineTypeBFramedClean001_COL_3K.jpg.010.jpg
[0.098s] -- Up-to-date symlink: /home/kannan/E-yantra/E-Yantra/KC_ws/install/eyantra_warehouse/share/eyantra_warehouse//models/warehouse_boundary/meshes/SolarPanelsPolycrystallineTypeBFramedClean001_COL_3K.jpg.011.jpg
[0.098s] -- Up-to-date symlink: /home/kannan/E-yantra/E-Yantra/KC_ws/install/eyantra_warehouse/share/eyantra_warehouse//models/warehouse_boundary/meshes/SolarPanelsPolycrystallineTypeBFramedClean001_COL_3K.jpg.012.jpg
[0.098s] -- Up-to-date symlink: /home/kannan/E-yantra/E-Yantra/KC_ws/install/eyantra_warehouse/share/eyantra_warehouse//models/warehouse_boundary/meshes/SolarPanelsPolycrystallineTypeBFramedClean001_COL_3K.jpg.013.jpg
[0.098s] -- Up-to-date symlink: /home/kannan/E-yantra/E-Yantra/KC_ws/install/eyantra_warehouse/share/eyantra_warehouse//models/warehouse_boundary/meshes/SolarPanelsPolycrystallineTypeBFramedClean001_COL_3K.jpg.014.jpg
[0.098s] -- Up-to-date symlink: /home/kannan/E-yantra/E-Yantra/KC_ws/install/eyantra_warehouse/share/eyantra_warehouse//models/warehouse_boundary/meshes/SolarPanelsPolycrystallineTypeBFramedClean001_COL_3K.jpg.015.jpg
[0.098s] -- Up-to-date symlink: /home/kannan/E-yantra/E-Yantra/KC_ws/install/eyantra_warehouse/share/eyantra_warehouse//models/warehouse_boundary/meshes/SolarPanelsPolycrystallineTypeBFramedClean001_COL_3K.jpg.016.jpg
[0.098s] -- Up-to-date symlink: /home/kannan/E-yantra/E-Yantra/KC_ws/install/eyantra_warehouse/share/eyantra_warehouse//models/warehouse_boundary/meshes/SolarPanelsPolycrystallineTypeBFramedClean001_COL_3K.jpg.017.jpg
[0.098s] -- Up-to-date symlink: /home/kannan/E-yantra/E-Yantra/KC_ws/install/eyantra_warehouse/share/eyantra_warehouse//models/warehouse_boundary/meshes/SolarPanelsPolycrystallineTypeBFramedClean001_COL_3K.jpg.018.jpg
[0.098s] -- Up-to-date symlink: /home/kannan/E-yantra/E-Yantra/KC_ws/install/eyantra_warehouse/share/eyantra_warehouse//models/warehouse_boundary/meshes/SolarPanelsPolycrystallineTypeBFramedClean001_COL_3K.jpg.019.jpg
[0.098s] -- Up-to-date symlink: /home/kannan/E-yantra/E-Yantra/KC_ws/install/eyantra_warehouse/share/eyantra_warehouse//models/warehouse_boundary/meshes/SolarPanelsPolycrystallineTypeBFramedClean001_COL_3K.jpg.020.jpg
[0.098s] -- Up-to-date symlink: /home/kannan/E-yantra/E-Yantra/KC_ws/install/eyantra_warehouse/share/eyantra_warehouse//models/warehouse_boundary/meshes/SolarPanelsPolycrystallineTypeBFramedClean001_COL_3K.jpg.021.jpg
[0.098s] -- Up-to-date symlink: /home/kannan/E-yantra/E-Yantra/KC_ws/install/eyantra_warehouse/share/eyantra_warehouse//models/warehouse_boundary/meshes/SolarPanelsPolycrystallineTypeBFramedClean001_COL_3K.jpg.022.jpg
[0.098s] -- Up-to-date symlink: /home/kannan/E-yantra/E-Yantra/KC_ws/install/eyantra_warehouse/share/eyantra_warehouse//models/warehouse_boundary/meshes/SolarPanelsPolycrystallineTypeBFramedClean001_COL_3K.jpg.023.jpg
[0.098s] -- Up-to-date symlink: /home/kannan/E-yantra/E-Yantra/KC_ws/install/eyantra_warehouse/share/eyantra_warehouse//models/warehouse_boundary/meshes/SolarPanelsPolycrystallineTypeBFramedClean001_COL_3K.jpg.024.jpg
[0.098s] -- Up-to-date symlink: /home/kannan/E-yantra/E-Yantra/KC_ws/install/eyantra_warehouse/share/eyantra_warehouse//models/warehouse_boundary/meshes/SolarPanelsPolycrystallineTypeBFramedClean001_COL_3K.jpg.025.jpg
[0.099s] -- Up-to-date symlink: /home/kannan/E-yantra/E-Yantra/KC_ws/install/eyantra_warehouse/share/eyantra_warehouse//models/warehouse_boundary/meshes/SolarPanelsPolycrystallineTypeBFramedClean001_COL_3K.jpg.026.jpg
[0.099s] -- Up-to-date symlink: /home/kannan/E-yantra/E-Yantra/KC_ws/install/eyantra_warehouse/share/eyantra_warehouse//models/warehouse_boundary/meshes/SolarPanelsPolycrystallineTypeBFramedClean001_COL_3K.jpg.027.jpg
[0.099s] -- Up-to-date symlink: /home/kannan/E-yantra/E-Yantra/KC_ws/install/eyantra_warehouse/share/eyantra_warehouse//models/warehouse_boundary/meshes/SolarPanelsPolycrystallineTypeBFramedClean001_COL_3K.jpg.028.jpg
[0.099s] -- Up-to-date symlink: /home/kannan/E-yantra/E-Yantra/KC_ws/install/eyantra_warehouse/share/eyantra_warehouse//models/warehouse_boundary/meshes/SolarPanelsPolycrystallineTypeBFramedClean001_COL_3K.jpg.029.jpg
[0.099s] -- Up-to-date symlink: /home/kannan/E-yantra/E-Yantra/KC_ws/install/eyantra_warehouse/share/eyantra_warehouse//models/warehouse_boundary/meshes/SolarPanelsPolycrystallineTypeBFramedClean001_COL_3K.jpg.030.jpg
[0.099s] -- Up-to-date symlink: /home/kannan/E-yantra/E-Yantra/KC_ws/install/eyantra_warehouse/share/eyantra_warehouse//models/warehouse_boundary/meshes/bernd-dittrich-mapUehHSHYU-unsplash.jpg
[0.099s] -- Up-to-date symlink: /home/kannan/E-yantra/E-Yantra/KC_ws/install/eyantra_warehouse/share/eyantra_warehouse//models/warehouse_boundary/meshes/branch-texture-png.png
[0.099s] -- Up-to-date symlink: /home/kannan/E-yantra/E-Yantra/KC_ws/install/eyantra_warehouse/share/eyantra_warehouse//models/warehouse_boundary/meshes/greenhouse_wooden_floor.png
[0.099s] -- Up-to-date symlink: /home/kannan/E-yantra/E-Yantra/KC_ws/install/eyantra_warehouse/share/eyantra_warehouse//models/warehouse_boundary/meshes/ground.jpg
[0.099s] -- Up-to-date symlink: /home/kannan/E-yantra/E-Yantra/KC_ws/install/eyantra_warehouse/share/eyantra_warehouse//models/warehouse_boundary/meshes/miha-rekar-LIel8q1XQsE-unsplash.jpg
[0.099s] -- Up-to-date symlink: /home/kannan/E-yantra/E-Yantra/KC_ws/install/eyantra_warehouse/share/eyantra_warehouse//models/warehouse_boundary/meshes/miha-rekar-LIel8q1XQsE-unsplash.jpg.001.jpg
[0.099s] -- Up-to-date symlink: /home/kannan/E-yantra/E-Yantra/KC_ws/install/eyantra_warehouse/share/eyantra_warehouse//models/warehouse_boundary/meshes/tilebark.jpg
[0.099s] -- Up-to-date symlink: /home/kannan/E-yantra/E-Yantra/KC_ws/install/eyantra_warehouse/share/eyantra_warehouse//models/warehouse_boundary/meshes/warehouse_boundary.dae
[0.099s] -- Up-to-date symlink: /home/kannan/E-yantra/E-Yantra/KC_ws/install/eyantra_warehouse/share/eyantra_warehouse//models/warehouse_boundary/meshes/warehouse_boundary_glass_cover.dae
[0.099s] -- Up-to-date symlink: /home/kannan/E-yantra/E-Yantra/KC_ws/install/eyantra_warehouse/share/eyantra_warehouse//models/warehouse_boundary/meshes/warehouse_boundary_glass_cover_modified.dae
[0.099s] -- Up-to-date symlink: /home/kannan/E-yantra/E-Yantra/KC_ws/install/eyantra_warehouse/share/eyantra_warehouse//models/warehouse_boundary/meshes/warehouse_boundary_modified.dae
[0.099s] -- Up-to-date symlink: /home/kannan/E-yantra/E-Yantra/KC_ws/install/eyantra_warehouse/share/eyantra_warehouse//models/warehouse_boundary/meshes/warehouse_floor.jpg
[0.099s] -- Up-to-date symlink: /home/kannan/E-yantra/E-Yantra/KC_ws/install/eyantra_warehouse/share/eyantra_warehouse//models/warehouse_boundary/meshes/warningTape.png
[0.099s] -- Up-to-date symlink: /home/kannan/E-yantra/E-Yantra/KC_ws/install/eyantra_warehouse/share/eyantra_warehouse//models/warehouse_boundary/model.config
[0.099s] -- Up-to-date symlink: /home/kannan/E-yantra/E-Yantra/KC_ws/install/eyantra_warehouse/share/eyantra_warehouse//models/warehouse_boundary/model.sdf
[0.100s] -- Up-to-date symlink: /home/kannan/E-yantra/E-Yantra/KC_ws/install/eyantra_warehouse/share/eyantra_warehouse//models/warehouse_divider/meshes/LAWN.jpg
[0.100s] -- Up-to-date symlink: /home/kannan/E-yantra/E-Yantra/KC_ws/install/eyantra_warehouse/share/eyantra_warehouse//models/warehouse_divider/meshes/warehouse_divider.dae
[0.100s] -- Up-to-date symlink: /home/kannan/E-yantra/E-Yantra/KC_ws/install/eyantra_warehouse/share/eyantra_warehouse//models/warehouse_divider/model.config
[0.100s] -- Up-to-date symlink: /home/kannan/E-yantra/E-Yantra/KC_ws/install/eyantra_warehouse/share/eyantra_warehouse//models/warehouse_divider/model.sdf
[0.100s] -- Up-to-date symlink: /home/kannan/E-yantra/E-Yantra/KC_ws/install/eyantra_warehouse/share/eyantra_warehouse//models/water_tank/water_tank.mtl
[0.100s] -- Up-to-date symlink: /home/kannan/E-yantra/E-Yantra/KC_ws/install/eyantra_warehouse/share/eyantra_warehouse//models/water_tank/water_tank.obj
[0.100s] -- Up-to-date symlink: /home/kannan/E-yantra/E-Yantra/KC_ws/install/eyantra_warehouse/share/eyantra_warehouse//config/SkyX_Moon.fragment
[0.100s] -- Up-to-date symlink: /home/kannan/E-yantra/E-Yantra/KC_ws/install/eyantra_warehouse/share/eyantra_warehouse//config/SkyX_Moon.png
[0.100s] -- Up-to-date symlink: /home/kannan/E-yantra/E-Yantra/KC_ws/install/eyantra_warehouse/share/eyantra_warehouse//config/package_link.json
[0.100s] -- Up-to-date symlink: /home/kannan/E-yantra/E-Yantra/KC_ws/install/eyantra_warehouse/share/eyantra_warehouse//plugins/libSampleSystem.so
[0.100s] -- Up-to-date symlink: /home/kannan/E-yantra/E-Yantra/KC_ws/install/eyantra_warehouse/share/ament_index/resource_index/package_run_dependencies/eyantra_warehouse
[0.100s] -- Up-to-date symlink: /home/kannan/E-yantra/E-Yantra/KC_ws/install/eyantra_warehouse/share/ament_index/resource_index/parent_prefix_path/eyantra_warehouse
[0.100s] -- Up-to-date symlink: /home/kannan/E-yantra/E-Yantra/KC_ws/install/eyantra_warehouse/share/eyantra_warehouse/environment/ament_prefix_path.sh
[0.100s] -- Up-to-date symlink: /home/kannan/E-yantra/E-Yantra/KC_ws/install/eyantra_warehouse/share/eyantra_warehouse/environment/ament_prefix_path.dsv
[0.101s] -- Up-to-date symlink: /home/kannan/E-yantra/E-Yantra/KC_ws/install/eyantra_warehouse/share/eyantra_warehouse/environment/path.sh
[0.101s] -- Up-to-date symlink: /home/kannan/E-yantra/E-Yantra/KC_ws/install/eyantra_warehouse/share/eyantra_warehouse/environment/path.dsv
[0.101s] -- Up-to-date symlink: /home/kannan/E-yantra/E-Yantra/KC_ws/install/eyantra_warehouse/share/eyantra_warehouse/local_setup.bash
[0.101s] -- Up-to-date symlink: /home/kannan/E-yantra/E-Yantra/KC_ws/install/eyantra_warehouse/share/eyantra_warehouse/local_setup.sh
[0.101s] -- Up-to-date symlink: /home/kannan/E-yantra/E-Yantra/KC_ws/install/eyantra_warehouse/share/eyantra_warehouse/local_setup.zsh
[0.101s] -- Up-to-date symlink: /home/kannan/E-yantra/E-Yantra/KC_ws/install/eyantra_warehouse/share/eyantra_warehouse/local_setup.dsv
[0.101s] -- Symlinking: /home/kannan/E-yantra/E-Yantra/KC_ws/install/eyantra_warehouse/share/eyantra_warehouse/package.dsv
[0.106s] -- Up-to-date symlink: /home/kannan/E-yantra/E-Yantra/KC_ws/install/eyantra_warehouse/share/ament_index/resource_index/packages/eyantra_warehouse
[0.106s] -- Up-to-date symlink: /home/kannan/E-yantra/E-Yantra/KC_ws/install/eyantra_warehouse/share/eyantra_warehouse/cmake/eyantra_warehouseConfig.cmake
[0.107s] -- Up-to-date symlink: /home/kannan/E-yantra/E-Yantra/KC_ws/install/eyantra_warehouse/share/eyantra_warehouse/cmake/eyantra_warehouseConfig-version.cmake
[0.107s] -- Up-to-date symlink: /home/kannan/E-yantra/E-Yantra/KC_ws/install/eyantra_warehouse/share/eyantra_warehouse/package.xml
[0.108s] Invoked command in '/home/kannan/E-yantra/E-Yantra/KC_ws/build/eyantra_warehouse' returned '0': CMAKE_PREFIX_PATH=/home/kannan/ros2_ws/install/my_robot_controller:/opt/ros/humble /usr/bin/cmake --install /home/kannan/E-yantra/E-Yantra/KC_ws/build/eyantra_warehouse
