-- The C compiler identification is GNU 11.4.0
-- The CXX compiler identification is GNU 11.4.0
-- Detecting C compiler ABI info
-- Detecting C compiler ABI info - done
-- Check for working C compiler: /usr/bin/cc - skipped
-- Detecting C compile features
-- Detecting C compile features - done
-- Detecting CXX compiler ABI info
-- Detecting CXX compiler ABI info - done
-- Check for working CXX compiler: /usr/bin/c++ - skipped
-- Detecting CXX compile features
-- Detecting CXX compile features - done
-- Found ament_cmake: 1.3.11 (/opt/ros/humble/share/ament_cmake/cmake)
-- Found Python3: /usr/bin/python3 (found version "3.10.12") found components: Interpreter 
-- Override CMake install command with custom implementation using symlinks instead of copying resources
-- Found ament_lint_auto: 0.12.11 (/opt/ros/humble/share/ament_lint_auto/cmake)
-- Configuring done
-- Generating done
-- Build files have been written to: /home/kannan/E-yantra/E-Yantra/KC_ws/build/eyantra_warehouse
-- Install configuration: ""
-- Execute custom install script
-- Symlinking: /home/kannan/E-yantra/E-Yantra/KC_ws/install/eyantra_warehouse/share/eyantra_warehouse//launch/task0.launch.py
-- Symlinking: /home/kannan/E-yantra/E-Yantra/KC_ws/install/eyantra_warehouse/share/eyantra_warehouse//worlds/eyantra_warehouse_task0.world
-- Symlinking: /home/kannan/E-yantra/E-Yantra/KC_ws/install/eyantra_warehouse/share/eyantra_warehouse//models/TrashBin/meshes/TrashBin.mtl
-- Symlinking: /home/kannan/E-yantra/E-Yantra/KC_ws/install/eyantra_warehouse/share/eyantra_warehouse//models/TrashBin/meshes/TrashBin.obj
-- Symlinking: /home/kannan/E-yantra/E-Yantra/KC_ws/install/eyantra_warehouse/share/eyantra_warehouse//models/TrashBin/meshes/TrashBin_Diffuse.png
-- Symlinking: /home/kannan/E-yantra/E-Yantra/KC_ws/install/eyantra_warehouse/share/eyantra_warehouse//models/TrashBin/model.config
-- Symlinking: /home/kannan/E-yantra/E-Yantra/KC_ws/install/eyantra_warehouse/share/eyantra_warehouse//models/TrashBin/model.sdf
-- Symlinking: /home/kannan/E-yantra/E-Yantra/KC_ws/install/eyantra_warehouse/share/eyantra_warehouse//models/TrashBin/thumbnails/1.png
-- Symlinking: /home/kannan/E-yantra/E-Yantra/KC_ws/install/eyantra_warehouse/share/eyantra_warehouse//models/TrashBin/thumbnails/2.png
-- Symlinking: /home/kannan/E-yantra/E-Yantra/KC_ws/install/eyantra_warehouse/share/eyantra_warehouse//models/TrashBin/thumbnails/3.png
-- Symlinking: /home/kannan/E-yantra/E-Yantra/KC_ws/install/eyantra_warehouse/share/eyantra_warehouse//models/TrashBin/thumbnails/4.png
-- Symlinking: /home/kannan/E-yantra/E-Yantra/KC_ws/install/eyantra_warehouse/share/eyantra_warehouse//models/TrashBin/thumbnails/5.png
-- Symlinking: /home/kannan/E-yantra/E-Yantra/KC_ws/install/eyantra_warehouse/share/eyantra_warehouse//models/arm_base/meshes/arm_base.dae
-- Symlinking: /home/kannan/E-yantra/E-Yantra/KC_ws/install/eyantra_warehouse/share/eyantra_warehouse//models/arm_base/model.config
-- Symlinking: /home/kannan/E-yantra/E-Yantra/KC_ws/install/eyantra_warehouse/share/eyantra_warehouse//models/arm_base/model.sdf
-- Symlinking: /home/kannan/E-yantra/E-Yantra/KC_ws/install/eyantra_warehouse/share/eyantra_warehouse//models/bell_pepper_brown/meshes/bell_pepper_brown.dae
-- Symlinking: /home/kannan/E-yantra/E-Yantra/KC_ws/install/eyantra_warehouse/share/eyantra_warehouse//models/bell_pepper_brown/meshes/gradient_bell_pepper.jpg
-- Symlinking: /home/kannan/E-yantra/E-Yantra/KC_ws/install/eyantra_warehouse/share/eyantra_warehouse//models/bell_pepper_brown/model.config
-- Symlinking: /home/kannan/E-yantra/E-Yantra/KC_ws/install/eyantra_warehouse/share/eyantra_warehouse//models/bell_pepper_brown/model.sdf
-- Symlinking: /home/kannan/E-yantra/E-Yantra/KC_ws/install/eyantra_warehouse/share/eyantra_warehouse//models/bell_pepper_red/meshes/bell_pepper_red.dae
-- Symlinking: /home/kannan/E-yantra/E-Yantra/KC_ws/install/eyantra_warehouse/share/eyantra_warehouse//models/bell_pepper_red/model.config
-- Symlinking: /home/kannan/E-yantra/E-Yantra/KC_ws/install/eyantra_warehouse/share/eyantra_warehouse//models/bell_pepper_red/model.sdf
-- Symlinking: /home/kannan/E-yantra/E-Yantra/KC_ws/install/eyantra_warehouse/share/eyantra_warehouse//models/bell_pepper_yellow/meshes/bell_pepper_yellow.dae
-- Symlinking: /home/kannan/E-yantra/E-Yantra/KC_ws/install/eyantra_warehouse/share/eyantra_warehouse//models/bell_pepper_yellow/model.config
-- Symlinking: /home/kannan/E-yantra/E-Yantra/KC_ws/install/eyantra_warehouse/share/eyantra_warehouse//models/bell_pepper_yellow/model.sdf
-- Symlinking: /home/kannan/E-yantra/E-Yantra/KC_ws/install/eyantra_warehouse/share/eyantra_warehouse//models/box/meshes/aruco_tag.jpg
-- Symlinking: /home/kannan/E-yantra/E-Yantra/KC_ws/install/eyantra_warehouse/share/eyantra_warehouse//models/box/meshes/box.dae
-- Symlinking: /home/kannan/E-yantra/E-Yantra/KC_ws/install/eyantra_warehouse/share/eyantra_warehouse//models/box/meshes/box__bg.png
-- Symlinking: /home/kannan/E-yantra/E-Yantra/KC_ws/install/eyantra_warehouse/share/eyantra_warehouse//models/box/meshes/cardboard_bg.png
-- Symlinking: /home/kannan/E-yantra/E-Yantra/KC_ws/install/eyantra_warehouse/share/eyantra_warehouse//models/box/meshes/centroid_old_box.zip
-- Symlinking: /home/kannan/E-yantra/E-Yantra/KC_ws/install/eyantra_warehouse/share/eyantra_warehouse//models/box/model.config
-- Symlinking: /home/kannan/E-yantra/E-Yantra/KC_ws/install/eyantra_warehouse/share/eyantra_warehouse//models/box/model.sdf
-- Symlinking: /home/kannan/E-yantra/E-Yantra/KC_ws/install/eyantra_warehouse/share/eyantra_warehouse//models/boxes/box.stl
-- Symlinking: /home/kannan/E-yantra/E-Yantra/KC_ws/install/eyantra_warehouse/share/eyantra_warehouse//models/boxes/box_1/meshes/aruco_tag.jpg
-- Symlinking: /home/kannan/E-yantra/E-Yantra/KC_ws/install/eyantra_warehouse/share/eyantra_warehouse//models/boxes/box_1/meshes/box.dae
-- Symlinking: /home/kannan/E-yantra/E-Yantra/KC_ws/install/eyantra_warehouse/share/eyantra_warehouse//models/boxes/box_1/meshes/box__bg.png
-- Symlinking: /home/kannan/E-yantra/E-Yantra/KC_ws/install/eyantra_warehouse/share/eyantra_warehouse//models/boxes/box_1/meshes/cardboard_bg.png
-- Symlinking: /home/kannan/E-yantra/E-Yantra/KC_ws/install/eyantra_warehouse/share/eyantra_warehouse//models/boxes/box_1/model.config
-- Symlinking: /home/kannan/E-yantra/E-Yantra/KC_ws/install/eyantra_warehouse/share/eyantra_warehouse//models/boxes/box_1/model.sdf
-- Symlinking: /home/kannan/E-yantra/E-Yantra/KC_ws/install/eyantra_warehouse/share/eyantra_warehouse//models/boxes/box_10/meshes/aruco_tag.jpg
-- Symlinking: /home/kannan/E-yantra/E-Yantra/KC_ws/install/eyantra_warehouse/share/eyantra_warehouse//models/boxes/box_10/meshes/box.dae
-- Symlinking: /home/kannan/E-yantra/E-Yantra/KC_ws/install/eyantra_warehouse/share/eyantra_warehouse//models/boxes/box_10/meshes/box__bg.png
-- Symlinking: /home/kannan/E-yantra/E-Yantra/KC_ws/install/eyantra_warehouse/share/eyantra_warehouse//models/boxes/box_10/meshes/cardboard_bg.png
-- Symlinking: /home/kannan/E-yantra/E-Yantra/KC_ws/install/eyantra_warehouse/share/eyantra_warehouse//models/boxes/box_10/model.config
-- Symlinking: /home/kannan/E-yantra/E-Yantra/KC_ws/install/eyantra_warehouse/share/eyantra_warehouse//models/boxes/box_10/model.sdf
-- Symlinking: /home/kannan/E-yantra/E-Yantra/KC_ws/install/eyantra_warehouse/share/eyantra_warehouse//models/boxes/box_11/meshes/aruco_tag.jpg
-- Symlinking: /home/kannan/E-yantra/E-Yantra/KC_ws/install/eyantra_warehouse/share/eyantra_warehouse//models/boxes/box_11/meshes/box.dae
-- Symlinking: /home/kannan/E-yantra/E-Yantra/KC_ws/install/eyantra_warehouse/share/eyantra_warehouse//models/boxes/box_11/meshes/box__bg.png
-- Symlinking: /home/kannan/E-yantra/E-Yantra/KC_ws/install/eyantra_warehouse/share/eyantra_warehouse//models/boxes/box_11/meshes/cardboard_bg.png
-- Symlinking: /home/kannan/E-yantra/E-Yantra/KC_ws/install/eyantra_warehouse/share/eyantra_warehouse//models/boxes/box_11/model.config
-- Symlinking: /home/kannan/E-yantra/E-Yantra/KC_ws/install/eyantra_warehouse/share/eyantra_warehouse//models/boxes/box_11/model.sdf
-- Symlinking: /home/kannan/E-yantra/E-Yantra/KC_ws/install/eyantra_warehouse/share/eyantra_warehouse//models/boxes/box_12/meshes/aruco_tag.jpg
-- Symlinking: /home/kannan/E-yantra/E-Yantra/KC_ws/install/eyantra_warehouse/share/eyantra_warehouse//models/boxes/box_12/meshes/box.dae
-- Symlinking: /home/kannan/E-yantra/E-Yantra/KC_ws/install/eyantra_warehouse/share/eyantra_warehouse//models/boxes/box_12/meshes/box__bg.png
-- Symlinking: /home/kannan/E-yantra/E-Yantra/KC_ws/install/eyantra_warehouse/share/eyantra_warehouse//models/boxes/box_12/meshes/cardboard_bg.png
-- Symlinking: /home/kannan/E-yantra/E-Yantra/KC_ws/install/eyantra_warehouse/share/eyantra_warehouse//models/boxes/box_12/model.config
-- Symlinking: /home/kannan/E-yantra/E-Yantra/KC_ws/install/eyantra_warehouse/share/eyantra_warehouse//models/boxes/box_12/model.sdf
-- Symlinking: /home/kannan/E-yantra/E-Yantra/KC_ws/install/eyantra_warehouse/share/eyantra_warehouse//models/boxes/box_13/meshes/aruco_tag.jpg
-- Symlinking: /home/kannan/E-yantra/E-Yantra/KC_ws/install/eyantra_warehouse/share/eyantra_warehouse//models/boxes/box_13/meshes/box.dae
-- Symlinking: /home/kannan/E-yantra/E-Yantra/KC_ws/install/eyantra_warehouse/share/eyantra_warehouse//models/boxes/box_13/meshes/box__bg.png
-- Symlinking: /home/kannan/E-yantra/E-Yantra/KC_ws/install/eyantra_warehouse/share/eyantra_warehouse//models/boxes/box_13/meshes/cardboard_bg.png
-- Symlinking: /home/kannan/E-yantra/E-Yantra/KC_ws/install/eyantra_warehouse/share/eyantra_warehouse//models/boxes/box_13/model.config
-- Symlinking: /home/kannan/E-yantra/E-Yantra/KC_ws/install/eyantra_warehouse/share/eyantra_warehouse//models/boxes/box_13/model.sdf
-- Symlinking: /home/kannan/E-yantra/E-Yantra/KC_ws/install/eyantra_warehouse/share/eyantra_warehouse//models/boxes/box_14/meshes/aruco_tag.jpg
-- Symlinking: /home/kannan/E-yantra/E-Yantra/KC_ws/install/eyantra_warehouse/share/eyantra_warehouse//models/boxes/box_14/meshes/box.dae
-- Symlinking: /home/kannan/E-yantra/E-Yantra/KC_ws/install/eyantra_warehouse/share/eyantra_warehouse//models/boxes/box_14/meshes/box__bg.png
-- Symlinking: /home/kannan/E-yantra/E-Yantra/KC_ws/install/eyantra_warehouse/share/eyantra_warehouse//models/boxes/box_14/meshes/cardboard_bg.png
-- Symlinking: /home/kannan/E-yantra/E-Yantra/KC_ws/install/eyantra_warehouse/share/eyantra_warehouse//models/boxes/box_14/model.config
-- Symlinking: /home/kannan/E-yantra/E-Yantra/KC_ws/install/eyantra_warehouse/share/eyantra_warehouse//models/boxes/box_14/model.sdf
-- Symlinking: /home/kannan/E-yantra/E-Yantra/KC_ws/install/eyantra_warehouse/share/eyantra_warehouse//models/boxes/box_15/meshes/aruco_tag.jpg
-- Symlinking: /home/kannan/E-yantra/E-Yantra/KC_ws/install/eyantra_warehouse/share/eyantra_warehouse//models/boxes/box_15/meshes/box.dae
-- Symlinking: /home/kannan/E-yantra/E-Yantra/KC_ws/install/eyantra_warehouse/share/eyantra_warehouse//models/boxes/box_15/meshes/box__bg.png
-- Symlinking: /home/kannan/E-yantra/E-Yantra/KC_ws/install/eyantra_warehouse/share/eyantra_warehouse//models/boxes/box_15/meshes/cardboard_bg.png
-- Symlinking: /home/kannan/E-yantra/E-Yantra/KC_ws/install/eyantra_warehouse/share/eyantra_warehouse//models/boxes/box_15/model.config
-- Symlinking: /home/kannan/E-yantra/E-Yantra/KC_ws/install/eyantra_warehouse/share/eyantra_warehouse//models/boxes/box_15/model.sdf
-- Symlinking: /home/kannan/E-yantra/E-Yantra/KC_ws/install/eyantra_warehouse/share/eyantra_warehouse//models/boxes/box_16/meshes/aruco_tag.jpg
-- Symlinking: /home/kannan/E-yantra/E-Yantra/KC_ws/install/eyantra_warehouse/share/eyantra_warehouse//models/boxes/box_16/meshes/box.dae
-- Symlinking: /home/kannan/E-yantra/E-Yantra/KC_ws/install/eyantra_warehouse/share/eyantra_warehouse//models/boxes/box_16/meshes/box__bg.png
-- Symlinking: /home/kannan/E-yantra/E-Yantra/KC_ws/install/eyantra_warehouse/share/eyantra_warehouse//models/boxes/box_16/meshes/cardboard_bg.png
-- Symlinking: /home/kannan/E-yantra/E-Yantra/KC_ws/install/eyantra_warehouse/share/eyantra_warehouse//models/boxes/box_16/model.config
-- Symlinking: /home/kannan/E-yantra/E-Yantra/KC_ws/install/eyantra_warehouse/share/eyantra_warehouse//models/boxes/box_16/model.sdf
-- Symlinking: /home/kannan/E-yantra/E-Yantra/KC_ws/install/eyantra_warehouse/share/eyantra_warehouse//models/boxes/box_17/meshes/aruco_tag.jpg
-- Symlinking: /home/kannan/E-yantra/E-Yantra/KC_ws/install/eyantra_warehouse/share/eyantra_warehouse//models/boxes/box_17/meshes/box.dae
-- Symlinking: /home/kannan/E-yantra/E-Yantra/KC_ws/install/eyantra_warehouse/share/eyantra_warehouse//models/boxes/box_17/meshes/box__bg.png
-- Symlinking: /home/kannan/E-yantra/E-Yantra/KC_ws/install/eyantra_warehouse/share/eyantra_warehouse//models/boxes/box_17/meshes/cardboard_bg.png
-- Symlinking: /home/kannan/E-yantra/E-Yantra/KC_ws/install/eyantra_warehouse/share/eyantra_warehouse//models/boxes/box_17/model.config
-- Symlinking: /home/kannan/E-yantra/E-Yantra/KC_ws/install/eyantra_warehouse/share/eyantra_warehouse//models/boxes/box_17/model.sdf
-- Symlinking: /home/kannan/E-yantra/E-Yantra/KC_ws/install/eyantra_warehouse/share/eyantra_warehouse//models/boxes/box_18/meshes/aruco_tag.jpg
-- Symlinking: /home/kannan/E-yantra/E-Yantra/KC_ws/install/eyantra_warehouse/share/eyantra_warehouse//models/boxes/box_18/meshes/box.dae
-- Symlinking: /home/kannan/E-yantra/E-Yantra/KC_ws/install/eyantra_warehouse/share/eyantra_warehouse//models/boxes/box_18/meshes/box__bg.png
-- Symlinking: /home/kannan/E-yantra/E-Yantra/KC_ws/install/eyantra_warehouse/share/eyantra_warehouse//models/boxes/box_18/meshes/cardboard_bg.png
-- Symlinking: /home/kannan/E-yantra/E-Yantra/KC_ws/install/eyantra_warehouse/share/eyantra_warehouse//models/boxes/box_18/model.config
-- Symlinking: /home/kannan/E-yantra/E-Yantra/KC_ws/install/eyantra_warehouse/share/eyantra_warehouse//models/boxes/box_18/model.sdf
-- Symlinking: /home/kannan/E-yantra/E-Yantra/KC_ws/install/eyantra_warehouse/share/eyantra_warehouse//models/boxes/box_19/meshes/aruco_tag.jpg
-- Symlinking: /home/kannan/E-yantra/E-Yantra/KC_ws/install/eyantra_warehouse/share/eyantra_warehouse//models/boxes/box_19/meshes/box.dae
-- Symlinking: /home/kannan/E-yantra/E-Yantra/KC_ws/install/eyantra_warehouse/share/eyantra_warehouse//models/boxes/box_19/meshes/box__bg.png
-- Symlinking: /home/kannan/E-yantra/E-Yantra/KC_ws/install/eyantra_warehouse/share/eyantra_warehouse//models/boxes/box_19/meshes/cardboard_bg.png
-- Symlinking: /home/kannan/E-yantra/E-Yantra/KC_ws/install/eyantra_warehouse/share/eyantra_warehouse//models/boxes/box_19/model.config
-- Symlinking: /home/kannan/E-yantra/E-Yantra/KC_ws/install/eyantra_warehouse/share/eyantra_warehouse//models/boxes/box_19/model.sdf
-- Symlinking: /home/kannan/E-yantra/E-Yantra/KC_ws/install/eyantra_warehouse/share/eyantra_warehouse//models/boxes/box_2/meshes/aruco_tag.jpg
-- Symlinking: /home/kannan/E-yantra/E-Yantra/KC_ws/install/eyantra_warehouse/share/eyantra_warehouse//models/boxes/box_2/meshes/box.dae
-- Symlinking: /home/kannan/E-yantra/E-Yantra/KC_ws/install/eyantra_warehouse/share/eyantra_warehouse//models/boxes/box_2/meshes/box__bg.png
-- Symlinking: /home/kannan/E-yantra/E-Yantra/KC_ws/install/eyantra_warehouse/share/eyantra_warehouse//models/boxes/box_2/meshes/cardboard_bg.png
-- Symlinking: /home/kannan/E-yantra/E-Yantra/KC_ws/install/eyantra_warehouse/share/eyantra_warehouse//models/boxes/box_2/model.config
-- Symlinking: /home/kannan/E-yantra/E-Yantra/KC_ws/install/eyantra_warehouse/share/eyantra_warehouse//models/boxes/box_2/model.sdf
-- Symlinking: /home/kannan/E-yantra/E-Yantra/KC_ws/install/eyantra_warehouse/share/eyantra_warehouse//models/boxes/box_20/meshes/aruco_tag.jpg
-- Symlinking: /home/kannan/E-yantra/E-Yantra/KC_ws/install/eyantra_warehouse/share/eyantra_warehouse//models/boxes/box_20/meshes/box.dae
-- Symlinking: /home/kannan/E-yantra/E-Yantra/KC_ws/install/eyantra_warehouse/share/eyantra_warehouse//models/boxes/box_20/meshes/box__bg.png
-- Symlinking: /home/kannan/E-yantra/E-Yantra/KC_ws/install/eyantra_warehouse/share/eyantra_warehouse//models/boxes/box_20/meshes/cardboard_bg.png
-- Symlinking: /home/kannan/E-yantra/E-Yantra/KC_ws/install/eyantra_warehouse/share/eyantra_warehouse//models/boxes/box_20/model.config
-- Symlinking: /home/kannan/E-yantra/E-Yantra/KC_ws/install/eyantra_warehouse/share/eyantra_warehouse//models/boxes/box_20/model.sdf
-- Symlinking: /home/kannan/E-yantra/E-Yantra/KC_ws/install/eyantra_warehouse/share/eyantra_warehouse//models/boxes/box_21/meshes/aruco_tag.jpg
-- Symlinking: /home/kannan/E-yantra/E-Yantra/KC_ws/install/eyantra_warehouse/share/eyantra_warehouse//models/boxes/box_21/meshes/box.dae
-- Symlinking: /home/kannan/E-yantra/E-Yantra/KC_ws/install/eyantra_warehouse/share/eyantra_warehouse//models/boxes/box_21/meshes/box__bg.png
-- Symlinking: /home/kannan/E-yantra/E-Yantra/KC_ws/install/eyantra_warehouse/share/eyantra_warehouse//models/boxes/box_21/meshes/cardboard_bg.png
-- Symlinking: /home/kannan/E-yantra/E-Yantra/KC_ws/install/eyantra_warehouse/share/eyantra_warehouse//models/boxes/box_21/model.config
-- Symlinking: /home/kannan/E-yantra/E-Yantra/KC_ws/install/eyantra_warehouse/share/eyantra_warehouse//models/boxes/box_21/model.sdf
-- Symlinking: /home/kannan/E-yantra/E-Yantra/KC_ws/install/eyantra_warehouse/share/eyantra_warehouse//models/boxes/box_22/meshes/aruco_tag.jpg
-- Symlinking: /home/kannan/E-yantra/E-Yantra/KC_ws/install/eyantra_warehouse/share/eyantra_warehouse//models/boxes/box_22/meshes/box.dae
-- Symlinking: /home/kannan/E-yantra/E-Yantra/KC_ws/install/eyantra_warehouse/share/eyantra_warehouse//models/boxes/box_22/meshes/box__bg.png
-- Symlinking: /home/kannan/E-yantra/E-Yantra/KC_ws/install/eyantra_warehouse/share/eyantra_warehouse//models/boxes/box_22/meshes/cardboard_bg.png
-- Symlinking: /home/kannan/E-yantra/E-Yantra/KC_ws/install/eyantra_warehouse/share/eyantra_warehouse//models/boxes/box_22/model.config
-- Symlinking: /home/kannan/E-yantra/E-Yantra/KC_ws/install/eyantra_warehouse/share/eyantra_warehouse//models/boxes/box_22/model.sdf
-- Symlinking: /home/kannan/E-yantra/E-Yantra/KC_ws/install/eyantra_warehouse/share/eyantra_warehouse//models/boxes/box_23/meshes/aruco_tag.jpg
-- Symlinking: /home/kannan/E-yantra/E-Yantra/KC_ws/install/eyantra_warehouse/share/eyantra_warehouse//models/boxes/box_23/meshes/box.dae
-- Symlinking: /home/kannan/E-yantra/E-Yantra/KC_ws/install/eyantra_warehouse/share/eyantra_warehouse//models/boxes/box_23/meshes/box__bg.png
-- Symlinking: /home/kannan/E-yantra/E-Yantra/KC_ws/install/eyantra_warehouse/share/eyantra_warehouse//models/boxes/box_23/meshes/cardboard_bg.png
-- Symlinking: /home/kannan/E-yantra/E-Yantra/KC_ws/install/eyantra_warehouse/share/eyantra_warehouse//models/boxes/box_23/model.config
-- Symlinking: /home/kannan/E-yantra/E-Yantra/KC_ws/install/eyantra_warehouse/share/eyantra_warehouse//models/boxes/box_23/model.sdf
-- Symlinking: /home/kannan/E-yantra/E-Yantra/KC_ws/install/eyantra_warehouse/share/eyantra_warehouse//models/boxes/box_24/meshes/aruco_tag.jpg
-- Symlinking: /home/kannan/E-yantra/E-Yantra/KC_ws/install/eyantra_warehouse/share/eyantra_warehouse//models/boxes/box_24/meshes/box.dae
-- Symlinking: /home/kannan/E-yantra/E-Yantra/KC_ws/install/eyantra_warehouse/share/eyantra_warehouse//models/boxes/box_24/meshes/box__bg.png
-- Symlinking: /home/kannan/E-yantra/E-Yantra/KC_ws/install/eyantra_warehouse/share/eyantra_warehouse//models/boxes/box_24/meshes/cardboard_bg.png
-- Symlinking: /home/kannan/E-yantra/E-Yantra/KC_ws/install/eyantra_warehouse/share/eyantra_warehouse//models/boxes/box_24/model.config
-- Symlinking: /home/kannan/E-yantra/E-Yantra/KC_ws/install/eyantra_warehouse/share/eyantra_warehouse//models/boxes/box_24/model.sdf
-- Symlinking: /home/kannan/E-yantra/E-Yantra/KC_ws/install/eyantra_warehouse/share/eyantra_warehouse//models/boxes/box_25/meshes/aruco_tag.jpg
-- Symlinking: /home/kannan/E-yantra/E-Yantra/KC_ws/install/eyantra_warehouse/share/eyantra_warehouse//models/boxes/box_25/meshes/box.dae
-- Symlinking: /home/kannan/E-yantra/E-Yantra/KC_ws/install/eyantra_warehouse/share/eyantra_warehouse//models/boxes/box_25/meshes/box__bg.png
-- Symlinking: /home/kannan/E-yantra/E-Yantra/KC_ws/install/eyantra_warehouse/share/eyantra_warehouse//models/boxes/box_25/meshes/cardboard_bg.png
-- Symlinking: /home/kannan/E-yantra/E-Yantra/KC_ws/install/eyantra_warehouse/share/eyantra_warehouse//models/boxes/box_25/model.config
-- Symlinking: /home/kannan/E-yantra/E-Yantra/KC_ws/install/eyantra_warehouse/share/eyantra_warehouse//models/boxes/box_25/model.sdf
-- Symlinking: /home/kannan/E-yantra/E-Yantra/KC_ws/install/eyantra_warehouse/share/eyantra_warehouse//models/boxes/box_26/meshes/aruco_tag.jpg
-- Symlinking: /home/kannan/E-yantra/E-Yantra/KC_ws/install/eyantra_warehouse/share/eyantra_warehouse//models/boxes/box_26/meshes/box.dae
-- Symlinking: /home/kannan/E-yantra/E-Yantra/KC_ws/install/eyantra_warehouse/share/eyantra_warehouse//models/boxes/box_26/meshes/box__bg.png
-- Symlinking: /home/kannan/E-yantra/E-Yantra/KC_ws/install/eyantra_warehouse/share/eyantra_warehouse//models/boxes/box_26/meshes/cardboard_bg.png
-- Symlinking: /home/kannan/E-yantra/E-Yantra/KC_ws/install/eyantra_warehouse/share/eyantra_warehouse//models/boxes/box_26/model.config
-- Symlinking: /home/kannan/E-yantra/E-Yantra/KC_ws/install/eyantra_warehouse/share/eyantra_warehouse//models/boxes/box_26/model.sdf
-- Symlinking: /home/kannan/E-yantra/E-Yantra/KC_ws/install/eyantra_warehouse/share/eyantra_warehouse//models/boxes/box_27/meshes/aruco_tag.jpg
-- Symlinking: /home/kannan/E-yantra/E-Yantra/KC_ws/install/eyantra_warehouse/share/eyantra_warehouse//models/boxes/box_27/meshes/box.dae
-- Symlinking: /home/kannan/E-yantra/E-Yantra/KC_ws/install/eyantra_warehouse/share/eyantra_warehouse//models/boxes/box_27/meshes/box__bg.png
-- Symlinking: /home/kannan/E-yantra/E-Yantra/KC_ws/install/eyantra_warehouse/share/eyantra_warehouse//models/boxes/box_27/meshes/cardboard_bg.png
-- Symlinking: /home/kannan/E-yantra/E-Yantra/KC_ws/install/eyantra_warehouse/share/eyantra_warehouse//models/boxes/box_27/model.config
-- Symlinking: /home/kannan/E-yantra/E-Yantra/KC_ws/install/eyantra_warehouse/share/eyantra_warehouse//models/boxes/box_27/model.sdf
-- Symlinking: /home/kannan/E-yantra/E-Yantra/KC_ws/install/eyantra_warehouse/share/eyantra_warehouse//models/boxes/box_28/meshes/aruco_tag.jpg
-- Symlinking: /home/kannan/E-yantra/E-Yantra/KC_ws/install/eyantra_warehouse/share/eyantra_warehouse//models/boxes/box_28/meshes/box.dae
-- Symlinking: /home/kannan/E-yantra/E-Yantra/KC_ws/install/eyantra_warehouse/share/eyantra_warehouse//models/boxes/box_28/meshes/box__bg.png
-- Symlinking: /home/kannan/E-yantra/E-Yantra/KC_ws/install/eyantra_warehouse/share/eyantra_warehouse//models/boxes/box_28/meshes/cardboard_bg.png
-- Symlinking: /home/kannan/E-yantra/E-Yantra/KC_ws/install/eyantra_warehouse/share/eyantra_warehouse//models/boxes/box_28/model.config
-- Symlinking: /home/kannan/E-yantra/E-Yantra/KC_ws/install/eyantra_warehouse/share/eyantra_warehouse//models/boxes/box_28/model.sdf
-- Symlinking: /home/kannan/E-yantra/E-Yantra/KC_ws/install/eyantra_warehouse/share/eyantra_warehouse//models/boxes/box_29/meshes/aruco_tag.jpg
-- Symlinking: /home/kannan/E-yantra/E-Yantra/KC_ws/install/eyantra_warehouse/share/eyantra_warehouse//models/boxes/box_29/meshes/box.dae
-- Symlinking: /home/kannan/E-yantra/E-Yantra/KC_ws/install/eyantra_warehouse/share/eyantra_warehouse//models/boxes/box_29/meshes/box__bg.png
-- Symlinking: /home/kannan/E-yantra/E-Yantra/KC_ws/install/eyantra_warehouse/share/eyantra_warehouse//models/boxes/box_29/meshes/cardboard_bg.png
-- Symlinking: /home/kannan/E-yantra/E-Yantra/KC_ws/install/eyantra_warehouse/share/eyantra_warehouse//models/boxes/box_29/model.config
-- Symlinking: /home/kannan/E-yantra/E-Yantra/KC_ws/install/eyantra_warehouse/share/eyantra_warehouse//models/boxes/box_29/model.sdf
-- Symlinking: /home/kannan/E-yantra/E-Yantra/KC_ws/install/eyantra_warehouse/share/eyantra_warehouse//models/boxes/box_3/meshes/aruco_tag.jpg
-- Symlinking: /home/kannan/E-yantra/E-Yantra/KC_ws/install/eyantra_warehouse/share/eyantra_warehouse//models/boxes/box_3/meshes/box.dae
-- Symlinking: /home/kannan/E-yantra/E-Yantra/KC_ws/install/eyantra_warehouse/share/eyantra_warehouse//models/boxes/box_3/meshes/box__bg.png
-- Symlinking: /home/kannan/E-yantra/E-Yantra/KC_ws/install/eyantra_warehouse/share/eyantra_warehouse//models/boxes/box_3/meshes/cardboard_bg.png
-- Symlinking: /home/kannan/E-yantra/E-Yantra/KC_ws/install/eyantra_warehouse/share/eyantra_warehouse//models/boxes/box_3/model.config
-- Symlinking: /home/kannan/E-yantra/E-Yantra/KC_ws/install/eyantra_warehouse/share/eyantra_warehouse//models/boxes/box_3/model.sdf
-- Symlinking: /home/kannan/E-yantra/E-Yantra/KC_ws/install/eyantra_warehouse/share/eyantra_warehouse//models/boxes/box_30/meshes/aruco_tag.jpg
-- Symlinking: /home/kannan/E-yantra/E-Yantra/KC_ws/install/eyantra_warehouse/share/eyantra_warehouse//models/boxes/box_30/meshes/box.dae
-- Symlinking: /home/kannan/E-yantra/E-Yantra/KC_ws/install/eyantra_warehouse/share/eyantra_warehouse//models/boxes/box_30/meshes/box__bg.png
-- Symlinking: /home/kannan/E-yantra/E-Yantra/KC_ws/install/eyantra_warehouse/share/eyantra_warehouse//models/boxes/box_30/meshes/cardboard_bg.png
-- Symlinking: /home/kannan/E-yantra/E-Yantra/KC_ws/install/eyantra_warehouse/share/eyantra_warehouse//models/boxes/box_30/model.config
-- Symlinking: /home/kannan/E-yantra/E-Yantra/KC_ws/install/eyantra_warehouse/share/eyantra_warehouse//models/boxes/box_30/model.sdf
-- Symlinking: /home/kannan/E-yantra/E-Yantra/KC_ws/install/eyantra_warehouse/share/eyantra_warehouse//models/boxes/box_31/meshes/aruco_tag.jpg
-- Symlinking: /home/kannan/E-yantra/E-Yantra/KC_ws/install/eyantra_warehouse/share/eyantra_warehouse//models/boxes/box_31/meshes/box.dae
-- Symlinking: /home/kannan/E-yantra/E-Yantra/KC_ws/install/eyantra_warehouse/share/eyantra_warehouse//models/boxes/box_31/meshes/box__bg.png
-- Symlinking: /home/kannan/E-yantra/E-Yantra/KC_ws/install/eyantra_warehouse/share/eyantra_warehouse//models/boxes/box_31/meshes/cardboard_bg.png
-- Symlinking: /home/kannan/E-yantra/E-Yantra/KC_ws/install/eyantra_warehouse/share/eyantra_warehouse//models/boxes/box_31/model.config
-- Symlinking: /home/kannan/E-yantra/E-Yantra/KC_ws/install/eyantra_warehouse/share/eyantra_warehouse//models/boxes/box_31/model.sdf
-- Symlinking: /home/kannan/E-yantra/E-Yantra/KC_ws/install/eyantra_warehouse/share/eyantra_warehouse//models/boxes/box_32/meshes/aruco_tag.jpg
-- Symlinking: /home/kannan/E-yantra/E-Yantra/KC_ws/install/eyantra_warehouse/share/eyantra_warehouse//models/boxes/box_32/meshes/box.dae
-- Symlinking: /home/kannan/E-yantra/E-Yantra/KC_ws/install/eyantra_warehouse/share/eyantra_warehouse//models/boxes/box_32/meshes/box__bg.png
-- Symlinking: /home/kannan/E-yantra/E-Yantra/KC_ws/install/eyantra_warehouse/share/eyantra_warehouse//models/boxes/box_32/meshes/cardboard_bg.png
-- Symlinking: /home/kannan/E-yantra/E-Yantra/KC_ws/install/eyantra_warehouse/share/eyantra_warehouse//models/boxes/box_32/model.config
-- Symlinking: /home/kannan/E-yantra/E-Yantra/KC_ws/install/eyantra_warehouse/share/eyantra_warehouse//models/boxes/box_32/model.sdf
-- Symlinking: /home/kannan/E-yantra/E-Yantra/KC_ws/install/eyantra_warehouse/share/eyantra_warehouse//models/boxes/box_33/meshes/aruco_tag.jpg
-- Symlinking: /home/kannan/E-yantra/E-Yantra/KC_ws/install/eyantra_warehouse/share/eyantra_warehouse//models/boxes/box_33/meshes/box.dae
-- Symlinking: /home/kannan/E-yantra/E-Yantra/KC_ws/install/eyantra_warehouse/share/eyantra_warehouse//models/boxes/box_33/meshes/box__bg.png
-- Symlinking: /home/kannan/E-yantra/E-Yantra/KC_ws/install/eyantra_warehouse/share/eyantra_warehouse//models/boxes/box_33/meshes/cardboard_bg.png
-- Symlinking: /home/kannan/E-yantra/E-Yantra/KC_ws/install/eyantra_warehouse/share/eyantra_warehouse//models/boxes/box_33/model.config
-- Symlinking: /home/kannan/E-yantra/E-Yantra/KC_ws/install/eyantra_warehouse/share/eyantra_warehouse//models/boxes/box_33/model.sdf
-- Symlinking: /home/kannan/E-yantra/E-Yantra/KC_ws/install/eyantra_warehouse/share/eyantra_warehouse//models/boxes/box_34/meshes/aruco_tag.jpg
-- Symlinking: /home/kannan/E-yantra/E-Yantra/KC_ws/install/eyantra_warehouse/share/eyantra_warehouse//models/boxes/box_34/meshes/box.dae
-- Symlinking: /home/kannan/E-yantra/E-Yantra/KC_ws/install/eyantra_warehouse/share/eyantra_warehouse//models/boxes/box_34/meshes/box__bg.png
-- Symlinking: /home/kannan/E-yantra/E-Yantra/KC_ws/install/eyantra_warehouse/share/eyantra_warehouse//models/boxes/box_34/meshes/cardboard_bg.png
-- Symlinking: /home/kannan/E-yantra/E-Yantra/KC_ws/install/eyantra_warehouse/share/eyantra_warehouse//models/boxes/box_34/model.config
-- Symlinking: /home/kannan/E-yantra/E-Yantra/KC_ws/install/eyantra_warehouse/share/eyantra_warehouse//models/boxes/box_34/model.sdf
-- Symlinking: /home/kannan/E-yantra/E-Yantra/KC_ws/install/eyantra_warehouse/share/eyantra_warehouse//models/boxes/box_35/meshes/aruco_tag.jpg
-- Symlinking: /home/kannan/E-yantra/E-Yantra/KC_ws/install/eyantra_warehouse/share/eyantra_warehouse//models/boxes/box_35/meshes/box.dae
-- Symlinking: /home/kannan/E-yantra/E-Yantra/KC_ws/install/eyantra_warehouse/share/eyantra_warehouse//models/boxes/box_35/meshes/box__bg.png
-- Symlinking: /home/kannan/E-yantra/E-Yantra/KC_ws/install/eyantra_warehouse/share/eyantra_warehouse//models/boxes/box_35/meshes/cardboard_bg.png
-- Symlinking: /home/kannan/E-yantra/E-Yantra/KC_ws/install/eyantra_warehouse/share/eyantra_warehouse//models/boxes/box_35/model.config
-- Symlinking: /home/kannan/E-yantra/E-Yantra/KC_ws/install/eyantra_warehouse/share/eyantra_warehouse//models/boxes/box_35/model.sdf
-- Symlinking: /home/kannan/E-yantra/E-Yantra/KC_ws/install/eyantra_warehouse/share/eyantra_warehouse//models/boxes/box_36/meshes/aruco_tag.jpg
-- Symlinking: /home/kannan/E-yantra/E-Yantra/KC_ws/install/eyantra_warehouse/share/eyantra_warehouse//models/boxes/box_36/meshes/box.dae
-- Symlinking: /home/kannan/E-yantra/E-Yantra/KC_ws/install/eyantra_warehouse/share/eyantra_warehouse//models/boxes/box_36/meshes/box__bg.png
-- Symlinking: /home/kannan/E-yantra/E-Yantra/KC_ws/install/eyantra_warehouse/share/eyantra_warehouse//models/boxes/box_36/meshes/cardboard_bg.png
-- Symlinking: /home/kannan/E-yantra/E-Yantra/KC_ws/install/eyantra_warehouse/share/eyantra_warehouse//models/boxes/box_36/model.config
-- Symlinking: /home/kannan/E-yantra/E-Yantra/KC_ws/install/eyantra_warehouse/share/eyantra_warehouse//models/boxes/box_36/model.sdf
-- Symlinking: /home/kannan/E-yantra/E-Yantra/KC_ws/install/eyantra_warehouse/share/eyantra_warehouse//models/boxes/box_37/meshes/aruco_tag.jpg
-- Symlinking: /home/kannan/E-yantra/E-Yantra/KC_ws/install/eyantra_warehouse/share/eyantra_warehouse//models/boxes/box_37/meshes/box.dae
-- Symlinking: /home/kannan/E-yantra/E-Yantra/KC_ws/install/eyantra_warehouse/share/eyantra_warehouse//models/boxes/box_37/meshes/box__bg.png
-- Symlinking: /home/kannan/E-yantra/E-Yantra/KC_ws/install/eyantra_warehouse/share/eyantra_warehouse//models/boxes/box_37/meshes/cardboard_bg.png
-- Symlinking: /home/kannan/E-yantra/E-Yantra/KC_ws/install/eyantra_warehouse/share/eyantra_warehouse//models/boxes/box_37/model.config
-- Symlinking: /home/kannan/E-yantra/E-Yantra/KC_ws/install/eyantra_warehouse/share/eyantra_warehouse//models/boxes/box_37/model.sdf
-- Symlinking: /home/kannan/E-yantra/E-Yantra/KC_ws/install/eyantra_warehouse/share/eyantra_warehouse//models/boxes/box_38/meshes/aruco_tag.jpg
-- Symlinking: /home/kannan/E-yantra/E-Yantra/KC_ws/install/eyantra_warehouse/share/eyantra_warehouse//models/boxes/box_38/meshes/box.dae
-- Symlinking: /home/kannan/E-yantra/E-Yantra/KC_ws/install/eyantra_warehouse/share/eyantra_warehouse//models/boxes/box_38/meshes/box__bg.png
-- Symlinking: /home/kannan/E-yantra/E-Yantra/KC_ws/install/eyantra_warehouse/share/eyantra_warehouse//models/boxes/box_38/meshes/cardboard_bg.png
-- Symlinking: /home/kannan/E-yantra/E-Yantra/KC_ws/install/eyantra_warehouse/share/eyantra_warehouse//models/boxes/box_38/model.config
-- Symlinking: /home/kannan/E-yantra/E-Yantra/KC_ws/install/eyantra_warehouse/share/eyantra_warehouse//models/boxes/box_38/model.sdf
-- Symlinking: /home/kannan/E-yantra/E-Yantra/KC_ws/install/eyantra_warehouse/share/eyantra_warehouse//models/boxes/box_39/meshes/aruco_tag.jpg
-- Symlinking: /home/kannan/E-yantra/E-Yantra/KC_ws/install/eyantra_warehouse/share/eyantra_warehouse//models/boxes/box_39/meshes/box.dae
-- Symlinking: /home/kannan/E-yantra/E-Yantra/KC_ws/install/eyantra_warehouse/share/eyantra_warehouse//models/boxes/box_39/meshes/box__bg.png
-- Symlinking: /home/kannan/E-yantra/E-Yantra/KC_ws/install/eyantra_warehouse/share/eyantra_warehouse//models/boxes/box_39/meshes/cardboard_bg.png
-- Symlinking: /home/kannan/E-yantra/E-Yantra/KC_ws/install/eyantra_warehouse/share/eyantra_warehouse//models/boxes/box_39/model.config
-- Symlinking: /home/kannan/E-yantra/E-Yantra/KC_ws/install/eyantra_warehouse/share/eyantra_warehouse//models/boxes/box_39/model.sdf
-- Symlinking: /home/kannan/E-yantra/E-Yantra/KC_ws/install/eyantra_warehouse/share/eyantra_warehouse//models/boxes/box_4/meshes/aruco_tag.jpg
-- Symlinking: /home/kannan/E-yantra/E-Yantra/KC_ws/install/eyantra_warehouse/share/eyantra_warehouse//models/boxes/box_4/meshes/box.dae
-- Symlinking: /home/kannan/E-yantra/E-Yantra/KC_ws/install/eyantra_warehouse/share/eyantra_warehouse//models/boxes/box_4/meshes/box__bg.png
-- Symlinking: /home/kannan/E-yantra/E-Yantra/KC_ws/install/eyantra_warehouse/share/eyantra_warehouse//models/boxes/box_4/meshes/cardboard_bg.png
-- Symlinking: /home/kannan/E-yantra/E-Yantra/KC_ws/install/eyantra_warehouse/share/eyantra_warehouse//models/boxes/box_4/model.config
-- Symlinking: /home/kannan/E-yantra/E-Yantra/KC_ws/install/eyantra_warehouse/share/eyantra_warehouse//models/boxes/box_4/model.sdf
-- Symlinking: /home/kannan/E-yantra/E-Yantra/KC_ws/install/eyantra_warehouse/share/eyantra_warehouse//models/boxes/box_40/meshes/aruco_tag.jpg
-- Symlinking: /home/kannan/E-yantra/E-Yantra/KC_ws/install/eyantra_warehouse/share/eyantra_warehouse//models/boxes/box_40/meshes/box.dae
-- Symlinking: /home/kannan/E-yantra/E-Yantra/KC_ws/install/eyantra_warehouse/share/eyantra_warehouse//models/boxes/box_40/meshes/box__bg.png
-- Symlinking: /home/kannan/E-yantra/E-Yantra/KC_ws/install/eyantra_warehouse/share/eyantra_warehouse//models/boxes/box_40/meshes/cardboard_bg.png
-- Symlinking: /home/kannan/E-yantra/E-Yantra/KC_ws/install/eyantra_warehouse/share/eyantra_warehouse//models/boxes/box_40/model.config
-- Symlinking: /home/kannan/E-yantra/E-Yantra/KC_ws/install/eyantra_warehouse/share/eyantra_warehouse//models/boxes/box_40/model.sdf
-- Symlinking: /home/kannan/E-yantra/E-Yantra/KC_ws/install/eyantra_warehouse/share/eyantra_warehouse//models/boxes/box_41/meshes/aruco_tag.jpg
-- Symlinking: /home/kannan/E-yantra/E-Yantra/KC_ws/install/eyantra_warehouse/share/eyantra_warehouse//models/boxes/box_41/meshes/box.dae
-- Symlinking: /home/kannan/E-yantra/E-Yantra/KC_ws/install/eyantra_warehouse/share/eyantra_warehouse//models/boxes/box_41/meshes/box__bg.png
-- Symlinking: /home/kannan/E-yantra/E-Yantra/KC_ws/install/eyantra_warehouse/share/eyantra_warehouse//models/boxes/box_41/meshes/cardboard_bg.png
-- Symlinking: /home/kannan/E-yantra/E-Yantra/KC_ws/install/eyantra_warehouse/share/eyantra_warehouse//models/boxes/box_41/model.config
-- Symlinking: /home/kannan/E-yantra/E-Yantra/KC_ws/install/eyantra_warehouse/share/eyantra_warehouse//models/boxes/box_41/model.sdf
-- Symlinking: /home/kannan/E-yantra/E-Yantra/KC_ws/install/eyantra_warehouse/share/eyantra_warehouse//models/boxes/box_42/meshes/aruco_tag.jpg
-- Symlinking: /home/kannan/E-yantra/E-Yantra/KC_ws/install/eyantra_warehouse/share/eyantra_warehouse//models/boxes/box_42/meshes/box.dae
-- Symlinking: /home/kannan/E-yantra/E-Yantra/KC_ws/install/eyantra_warehouse/share/eyantra_warehouse//models/boxes/box_42/meshes/box__bg.png
-- Symlinking: /home/kannan/E-yantra/E-Yantra/KC_ws/install/eyantra_warehouse/share/eyantra_warehouse//models/boxes/box_42/meshes/cardboard_bg.png
-- Symlinking: /home/kannan/E-yantra/E-Yantra/KC_ws/install/eyantra_warehouse/share/eyantra_warehouse//models/boxes/box_42/model.config
-- Symlinking: /home/kannan/E-yantra/E-Yantra/KC_ws/install/eyantra_warehouse/share/eyantra_warehouse//models/boxes/box_42/model.sdf
-- Symlinking: /home/kannan/E-yantra/E-Yantra/KC_ws/install/eyantra_warehouse/share/eyantra_warehouse//models/boxes/box_43/meshes/aruco_tag.jpg
-- Symlinking: /home/kannan/E-yantra/E-Yantra/KC_ws/install/eyantra_warehouse/share/eyantra_warehouse//models/boxes/box_43/meshes/box.dae
-- Symlinking: /home/kannan/E-yantra/E-Yantra/KC_ws/install/eyantra_warehouse/share/eyantra_warehouse//models/boxes/box_43/meshes/box__bg.png
-- Symlinking: /home/kannan/E-yantra/E-Yantra/KC_ws/install/eyantra_warehouse/share/eyantra_warehouse//models/boxes/box_43/meshes/cardboard_bg.png
-- Symlinking: /home/kannan/E-yantra/E-Yantra/KC_ws/install/eyantra_warehouse/share/eyantra_warehouse//models/boxes/box_43/model.config
-- Symlinking: /home/kannan/E-yantra/E-Yantra/KC_ws/install/eyantra_warehouse/share/eyantra_warehouse//models/boxes/box_43/model.sdf
-- Symlinking: /home/kannan/E-yantra/E-Yantra/KC_ws/install/eyantra_warehouse/share/eyantra_warehouse//models/boxes/box_44/meshes/aruco_tag.jpg
-- Symlinking: /home/kannan/E-yantra/E-Yantra/KC_ws/install/eyantra_warehouse/share/eyantra_warehouse//models/boxes/box_44/meshes/box.dae
-- Symlinking: /home/kannan/E-yantra/E-Yantra/KC_ws/install/eyantra_warehouse/share/eyantra_warehouse//models/boxes/box_44/meshes/box__bg.png
-- Symlinking: /home/kannan/E-yantra/E-Yantra/KC_ws/install/eyantra_warehouse/share/eyantra_warehouse//models/boxes/box_44/meshes/cardboard_bg.png
-- Symlinking: /home/kannan/E-yantra/E-Yantra/KC_ws/install/eyantra_warehouse/share/eyantra_warehouse//models/boxes/box_44/model.config
-- Symlinking: /home/kannan/E-yantra/E-Yantra/KC_ws/install/eyantra_warehouse/share/eyantra_warehouse//models/boxes/box_44/model.sdf
-- Symlinking: /home/kannan/E-yantra/E-Yantra/KC_ws/install/eyantra_warehouse/share/eyantra_warehouse//models/boxes/box_45/meshes/aruco_tag.jpg
-- Symlinking: /home/kannan/E-yantra/E-Yantra/KC_ws/install/eyantra_warehouse/share/eyantra_warehouse//models/boxes/box_45/meshes/box.dae
-- Symlinking: /home/kannan/E-yantra/E-Yantra/KC_ws/install/eyantra_warehouse/share/eyantra_warehouse//models/boxes/box_45/meshes/box__bg.png
-- Symlinking: /home/kannan/E-yantra/E-Yantra/KC_ws/install/eyantra_warehouse/share/eyantra_warehouse//models/boxes/box_45/meshes/cardboard_bg.png
-- Symlinking: /home/kannan/E-yantra/E-Yantra/KC_ws/install/eyantra_warehouse/share/eyantra_warehouse//models/boxes/box_45/model.config
-- Symlinking: /home/kannan/E-yantra/E-Yantra/KC_ws/install/eyantra_warehouse/share/eyantra_warehouse//models/boxes/box_45/model.sdf
-- Symlinking: /home/kannan/E-yantra/E-Yantra/KC_ws/install/eyantra_warehouse/share/eyantra_warehouse//models/boxes/box_46/meshes/aruco_tag.jpg
-- Symlinking: /home/kannan/E-yantra/E-Yantra/KC_ws/install/eyantra_warehouse/share/eyantra_warehouse//models/boxes/box_46/meshes/box.dae
-- Symlinking: /home/kannan/E-yantra/E-Yantra/KC_ws/install/eyantra_warehouse/share/eyantra_warehouse//models/boxes/box_46/meshes/box__bg.png
-- Symlinking: /home/kannan/E-yantra/E-Yantra/KC_ws/install/eyantra_warehouse/share/eyantra_warehouse//models/boxes/box_46/meshes/cardboard_bg.png
-- Symlinking: /home/kannan/E-yantra/E-Yantra/KC_ws/install/eyantra_warehouse/share/eyantra_warehouse//models/boxes/box_46/model.config
-- Symlinking: /home/kannan/E-yantra/E-Yantra/KC_ws/install/eyantra_warehouse/share/eyantra_warehouse//models/boxes/box_46/model.sdf
-- Symlinking: /home/kannan/E-yantra/E-Yantra/KC_ws/install/eyantra_warehouse/share/eyantra_warehouse//models/boxes/box_47/meshes/aruco_tag.jpg
-- Symlinking: /home/kannan/E-yantra/E-Yantra/KC_ws/install/eyantra_warehouse/share/eyantra_warehouse//models/boxes/box_47/meshes/box.dae
-- Symlinking: /home/kannan/E-yantra/E-Yantra/KC_ws/install/eyantra_warehouse/share/eyantra_warehouse//models/boxes/box_47/meshes/box__bg.png
-- Symlinking: /home/kannan/E-yantra/E-Yantra/KC_ws/install/eyantra_warehouse/share/eyantra_warehouse//models/boxes/box_47/meshes/cardboard_bg.png
-- Symlinking: /home/kannan/E-yantra/E-Yantra/KC_ws/install/eyantra_warehouse/share/eyantra_warehouse//models/boxes/box_47/model.config
-- Symlinking: /home/kannan/E-yantra/E-Yantra/KC_ws/install/eyantra_warehouse/share/eyantra_warehouse//models/boxes/box_47/model.sdf
-- Symlinking: /home/kannan/E-yantra/E-Yantra/KC_ws/install/eyantra_warehouse/share/eyantra_warehouse//models/boxes/box_48/meshes/aruco_tag.jpg
-- Symlinking: /home/kannan/E-yantra/E-Yantra/KC_ws/install/eyantra_warehouse/share/eyantra_warehouse//models/boxes/box_48/meshes/box.dae
-- Symlinking: /home/kannan/E-yantra/E-Yantra/KC_ws/install/eyantra_warehouse/share/eyantra_warehouse//models/boxes/box_48/meshes/box__bg.png
-- Symlinking: /home/kannan/E-yantra/E-Yantra/KC_ws/install/eyantra_warehouse/share/eyantra_warehouse//models/boxes/box_48/meshes/cardboard_bg.png
-- Symlinking: /home/kannan/E-yantra/E-Yantra/KC_ws/install/eyantra_warehouse/share/eyantra_warehouse//models/boxes/box_48/model.config
-- Symlinking: /home/kannan/E-yantra/E-Yantra/KC_ws/install/eyantra_warehouse/share/eyantra_warehouse//models/boxes/box_48/model.sdf
-- Symlinking: /home/kannan/E-yantra/E-Yantra/KC_ws/install/eyantra_warehouse/share/eyantra_warehouse//models/boxes/box_49/meshes/aruco_tag.jpg
-- Symlinking: /home/kannan/E-yantra/E-Yantra/KC_ws/install/eyantra_warehouse/share/eyantra_warehouse//models/boxes/box_49/meshes/box.dae
-- Symlinking: /home/kannan/E-yantra/E-Yantra/KC_ws/install/eyantra_warehouse/share/eyantra_warehouse//models/boxes/box_49/meshes/box__bg.png
-- Symlinking: /home/kannan/E-yantra/E-Yantra/KC_ws/install/eyantra_warehouse/share/eyantra_warehouse//models/boxes/box_49/meshes/cardboard_bg.png
-- Symlinking: /home/kannan/E-yantra/E-Yantra/KC_ws/install/eyantra_warehouse/share/eyantra_warehouse//models/boxes/box_49/model.config
-- Symlinking: /home/kannan/E-yantra/E-Yantra/KC_ws/install/eyantra_warehouse/share/eyantra_warehouse//models/boxes/box_49/model.sdf
-- Symlinking: /home/kannan/E-yantra/E-Yantra/KC_ws/install/eyantra_warehouse/share/eyantra_warehouse//models/boxes/box_5/meshes/aruco_tag.jpg
-- Symlinking: /home/kannan/E-yantra/E-Yantra/KC_ws/install/eyantra_warehouse/share/eyantra_warehouse//models/boxes/box_5/meshes/box.dae
-- Symlinking: /home/kannan/E-yantra/E-Yantra/KC_ws/install/eyantra_warehouse/share/eyantra_warehouse//models/boxes/box_5/meshes/box__bg.png
-- Symlinking: /home/kannan/E-yantra/E-Yantra/KC_ws/install/eyantra_warehouse/share/eyantra_warehouse//models/boxes/box_5/meshes/cardboard_bg.png
-- Symlinking: /home/kannan/E-yantra/E-Yantra/KC_ws/install/eyantra_warehouse/share/eyantra_warehouse//models/boxes/box_5/model.config
-- Symlinking: /home/kannan/E-yantra/E-Yantra/KC_ws/install/eyantra_warehouse/share/eyantra_warehouse//models/boxes/box_5/model.sdf
-- Symlinking: /home/kannan/E-yantra/E-Yantra/KC_ws/install/eyantra_warehouse/share/eyantra_warehouse//models/boxes/box_50/meshes/aruco_tag.jpg
-- Symlinking: /home/kannan/E-yantra/E-Yantra/KC_ws/install/eyantra_warehouse/share/eyantra_warehouse//models/boxes/box_50/meshes/box.dae
-- Symlinking: /home/kannan/E-yantra/E-Yantra/KC_ws/install/eyantra_warehouse/share/eyantra_warehouse//models/boxes/box_50/meshes/box__bg.png
-- Symlinking: /home/kannan/E-yantra/E-Yantra/KC_ws/install/eyantra_warehouse/share/eyantra_warehouse//models/boxes/box_50/meshes/cardboard_bg.png
-- Symlinking: /home/kannan/E-yantra/E-Yantra/KC_ws/install/eyantra_warehouse/share/eyantra_warehouse//models/boxes/box_50/model.config
-- Symlinking: /home/kannan/E-yantra/E-Yantra/KC_ws/install/eyantra_warehouse/share/eyantra_warehouse//models/boxes/box_50/model.sdf
-- Symlinking: /home/kannan/E-yantra/E-Yantra/KC_ws/install/eyantra_warehouse/share/eyantra_warehouse//models/boxes/box_6/meshes/aruco_tag.jpg
-- Symlinking: /home/kannan/E-yantra/E-Yantra/KC_ws/install/eyantra_warehouse/share/eyantra_warehouse//models/boxes/box_6/meshes/box.dae
-- Symlinking: /home/kannan/E-yantra/E-Yantra/KC_ws/install/eyantra_warehouse/share/eyantra_warehouse//models/boxes/box_6/meshes/box__bg.png
-- Symlinking: /home/kannan/E-yantra/E-Yantra/KC_ws/install/eyantra_warehouse/share/eyantra_warehouse//models/boxes/box_6/meshes/cardboard_bg.png
-- Symlinking: /home/kannan/E-yantra/E-Yantra/KC_ws/install/eyantra_warehouse/share/eyantra_warehouse//models/boxes/box_6/model.config
-- Symlinking: /home/kannan/E-yantra/E-Yantra/KC_ws/install/eyantra_warehouse/share/eyantra_warehouse//models/boxes/box_6/model.sdf
-- Symlinking: /home/kannan/E-yantra/E-Yantra/KC_ws/install/eyantra_warehouse/share/eyantra_warehouse//models/boxes/box_7/meshes/aruco_tag.jpg
-- Symlinking: /home/kannan/E-yantra/E-Yantra/KC_ws/install/eyantra_warehouse/share/eyantra_warehouse//models/boxes/box_7/meshes/box.dae
-- Symlinking: /home/kannan/E-yantra/E-Yantra/KC_ws/install/eyantra_warehouse/share/eyantra_warehouse//models/boxes/box_7/meshes/box__bg.png
-- Symlinking: /home/kannan/E-yantra/E-Yantra/KC_ws/install/eyantra_warehouse/share/eyantra_warehouse//models/boxes/box_7/meshes/cardboard_bg.png
-- Symlinking: /home/kannan/E-yantra/E-Yantra/KC_ws/install/eyantra_warehouse/share/eyantra_warehouse//models/boxes/box_7/model.config
-- Symlinking: /home/kannan/E-yantra/E-Yantra/KC_ws/install/eyantra_warehouse/share/eyantra_warehouse//models/boxes/box_7/model.sdf
-- Symlinking: /home/kannan/E-yantra/E-Yantra/KC_ws/install/eyantra_warehouse/share/eyantra_warehouse//models/boxes/box_8/meshes/aruco_tag.jpg
-- Symlinking: /home/kannan/E-yantra/E-Yantra/KC_ws/install/eyantra_warehouse/share/eyantra_warehouse//models/boxes/box_8/meshes/box.dae
-- Symlinking: /home/kannan/E-yantra/E-Yantra/KC_ws/install/eyantra_warehouse/share/eyantra_warehouse//models/boxes/box_8/meshes/box__bg.png
-- Symlinking: /home/kannan/E-yantra/E-Yantra/KC_ws/install/eyantra_warehouse/share/eyantra_warehouse//models/boxes/box_8/meshes/cardboard_bg.png
-- Symlinking: /home/kannan/E-yantra/E-Yantra/KC_ws/install/eyantra_warehouse/share/eyantra_warehouse//models/boxes/box_8/model.config
-- Symlinking: /home/kannan/E-yantra/E-Yantra/KC_ws/install/eyantra_warehouse/share/eyantra_warehouse//models/boxes/box_8/model.sdf
-- Symlinking: /home/kannan/E-yantra/E-Yantra/KC_ws/install/eyantra_warehouse/share/eyantra_warehouse//models/boxes/box_9/meshes/aruco_tag.jpg
-- Symlinking: /home/kannan/E-yantra/E-Yantra/KC_ws/install/eyantra_warehouse/share/eyantra_warehouse//models/boxes/box_9/meshes/box.dae
-- Symlinking: /home/kannan/E-yantra/E-Yantra/KC_ws/install/eyantra_warehouse/share/eyantra_warehouse//models/boxes/box_9/meshes/box__bg.png
-- Symlinking: /home/kannan/E-yantra/E-Yantra/KC_ws/install/eyantra_warehouse/share/eyantra_warehouse//models/boxes/box_9/meshes/cardboard_bg.png
-- Symlinking: /home/kannan/E-yantra/E-Yantra/KC_ws/install/eyantra_warehouse/share/eyantra_warehouse//models/boxes/box_9/model.config
-- Symlinking: /home/kannan/E-yantra/E-Yantra/KC_ws/install/eyantra_warehouse/share/eyantra_warehouse//models/boxes/box_9/model.sdf
-- Symlinking: /home/kannan/E-yantra/E-Yantra/KC_ws/install/eyantra_warehouse/share/eyantra_warehouse//models/conveyor_belt/meshes/conveyor_belt.dae
-- Symlinking: /home/kannan/E-yantra/E-Yantra/KC_ws/install/eyantra_warehouse/share/eyantra_warehouse//models/conveyor_belt/meshes/conveyor_belt.stl
-- Symlinking: /home/kannan/E-yantra/E-Yantra/KC_ws/install/eyantra_warehouse/share/eyantra_warehouse//models/conveyor_belt/model.config
-- Symlinking: /home/kannan/E-yantra/E-Yantra/KC_ws/install/eyantra_warehouse/share/eyantra_warehouse//models/conveyor_belt/model.sdf
-- Symlinking: /home/kannan/E-yantra/E-Yantra/KC_ws/install/eyantra_warehouse/share/eyantra_warehouse//models/dock_shape/meshes/dock_shape.dae
-- Symlinking: /home/kannan/E-yantra/E-Yantra/KC_ws/install/eyantra_warehouse/share/eyantra_warehouse//models/dock_shape/meshes/dock_shape.mtl
-- Symlinking: /home/kannan/E-yantra/E-Yantra/KC_ws/install/eyantra_warehouse/share/eyantra_warehouse//models/dock_shape/meshes/dock_shape.obj
-- Symlinking: /home/kannan/E-yantra/E-Yantra/KC_ws/install/eyantra_warehouse/share/eyantra_warehouse//models/dock_shape/model.config
-- Symlinking: /home/kannan/E-yantra/E-Yantra/KC_ws/install/eyantra_warehouse/share/eyantra_warehouse//models/dock_shape/model.sdf
-- Symlinking: /home/kannan/E-yantra/E-Yantra/KC_ws/install/eyantra_warehouse/share/eyantra_warehouse//models/drop_conveyor_belt/meshes/conveyor_belt.dae
-- Symlinking: /home/kannan/E-yantra/E-Yantra/KC_ws/install/eyantra_warehouse/share/eyantra_warehouse//models/drop_conveyor_belt/meshes/conveyor_belt.stl
-- Symlinking: /home/kannan/E-yantra/E-Yantra/KC_ws/install/eyantra_warehouse/share/eyantra_warehouse//models/drop_conveyor_belt/model.config
-- Symlinking: /home/kannan/E-yantra/E-Yantra/KC_ws/install/eyantra_warehouse/share/eyantra_warehouse//models/drop_conveyor_belt/model.sdf
-- Symlinking: /home/kannan/E-yantra/E-Yantra/KC_ws/install/eyantra_warehouse/share/eyantra_warehouse//models/drop_table/meshes/eyantra_logo~red_280x55.png
-- Symlinking: /home/kannan/E-yantra/E-Yantra/KC_ws/install/eyantra_warehouse/share/eyantra_warehouse//models/drop_table/meshes/eyantra_logo~red_280x55.png.001.png
-- Symlinking: /home/kannan/E-yantra/E-Yantra/KC_ws/install/eyantra_warehouse/share/eyantra_warehouse//models/drop_table/meshes/table.dae
-- Symlinking: /home/kannan/E-yantra/E-Yantra/KC_ws/install/eyantra_warehouse/share/eyantra_warehouse//models/drop_table/model.config
-- Symlinking: /home/kannan/E-yantra/E-Yantra/KC_ws/install/eyantra_warehouse/share/eyantra_warehouse//models/drop_table/model.sdf
-- Symlinking: /home/kannan/E-yantra/E-Yantra/KC_ws/install/eyantra_warehouse/share/eyantra_warehouse//models/ground_plane/model.config
-- Symlinking: /home/kannan/E-yantra/E-Yantra/KC_ws/install/eyantra_warehouse/share/eyantra_warehouse//models/ground_plane/model.sdf
-- Symlinking: /home/kannan/E-yantra/E-Yantra/KC_ws/install/eyantra_warehouse/share/eyantra_warehouse//models/pick_table/meshes/eyantra_logo~red_280x55.png
-- Symlinking: /home/kannan/E-yantra/E-Yantra/KC_ws/install/eyantra_warehouse/share/eyantra_warehouse//models/pick_table/meshes/eyantra_logo~red_280x55.png.001.png
-- Symlinking: /home/kannan/E-yantra/E-Yantra/KC_ws/install/eyantra_warehouse/share/eyantra_warehouse//models/pick_table/meshes/table.dae
-- Symlinking: /home/kannan/E-yantra/E-Yantra/KC_ws/install/eyantra_warehouse/share/eyantra_warehouse//models/pick_table/model.config
-- Symlinking: /home/kannan/E-yantra/E-Yantra/KC_ws/install/eyantra_warehouse/share/eyantra_warehouse//models/pick_table/model.sdf
-- Symlinking: /home/kannan/E-yantra/E-Yantra/KC_ws/install/eyantra_warehouse/share/eyantra_warehouse//models/plant/meshes/KB_plant.dae
-- Symlinking: /home/kannan/E-yantra/E-Yantra/KC_ws/install/eyantra_warehouse/share/eyantra_warehouse//models/plant/meshes/leaf.jpg
-- Symlinking: /home/kannan/E-yantra/E-Yantra/KC_ws/install/eyantra_warehouse/share/eyantra_warehouse//models/plant/model.config
-- Symlinking: /home/kannan/E-yantra/E-Yantra/KC_ws/install/eyantra_warehouse/share/eyantra_warehouse//models/plant/model.sdf
-- Symlinking: /home/kannan/E-yantra/E-Yantra/KC_ws/install/eyantra_warehouse/share/eyantra_warehouse//models/plant_all_bell_peppers/meshes/KB_plant.dae
-- Symlinking: /home/kannan/E-yantra/E-Yantra/KC_ws/install/eyantra_warehouse/share/eyantra_warehouse//models/plant_all_bell_peppers/meshes/leaf.jpg
-- Symlinking: /home/kannan/E-yantra/E-Yantra/KC_ws/install/eyantra_warehouse/share/eyantra_warehouse//models/plant_all_bell_peppers/model.config
-- Symlinking: /home/kannan/E-yantra/E-Yantra/KC_ws/install/eyantra_warehouse/share/eyantra_warehouse//models/plant_all_bell_peppers/model.sdf
-- Symlinking: /home/kannan/E-yantra/E-Yantra/KC_ws/install/eyantra_warehouse/share/eyantra_warehouse//models/plant_bell_pepper_brown/meshes/KB_plant.dae
-- Symlinking: /home/kannan/E-yantra/E-Yantra/KC_ws/install/eyantra_warehouse/share/eyantra_warehouse//models/plant_bell_pepper_brown/meshes/leaf.jpg
-- Symlinking: /home/kannan/E-yantra/E-Yantra/KC_ws/install/eyantra_warehouse/share/eyantra_warehouse//models/plant_bell_pepper_brown/model.config
-- Symlinking: /home/kannan/E-yantra/E-Yantra/KC_ws/install/eyantra_warehouse/share/eyantra_warehouse//models/plant_bell_pepper_brown/model.sdf
-- Symlinking: /home/kannan/E-yantra/E-Yantra/KC_ws/install/eyantra_warehouse/share/eyantra_warehouse//models/plant_bell_pepper_red/meshes/KB_plant.dae
-- Symlinking: /home/kannan/E-yantra/E-Yantra/KC_ws/install/eyantra_warehouse/share/eyantra_warehouse//models/plant_bell_pepper_red/meshes/leaf.jpg
-- Symlinking: /home/kannan/E-yantra/E-Yantra/KC_ws/install/eyantra_warehouse/share/eyantra_warehouse//models/plant_bell_pepper_red/model.config
-- Symlinking: /home/kannan/E-yantra/E-Yantra/KC_ws/install/eyantra_warehouse/share/eyantra_warehouse//models/plant_bell_pepper_red/model.sdf
-- Symlinking: /home/kannan/E-yantra/E-Yantra/KC_ws/install/eyantra_warehouse/share/eyantra_warehouse//models/plant_bell_pepper_yellow/meshes/KB_plant.dae
-- Symlinking: /home/kannan/E-yantra/E-Yantra/KC_ws/install/eyantra_warehouse/share/eyantra_warehouse//models/plant_bell_pepper_yellow/meshes/leaf.jpg
-- Symlinking: /home/kannan/E-yantra/E-Yantra/KC_ws/install/eyantra_warehouse/share/eyantra_warehouse//models/plant_bell_pepper_yellow/model.config
-- Symlinking: /home/kannan/E-yantra/E-Yantra/KC_ws/install/eyantra_warehouse/share/eyantra_warehouse//models/plant_bell_pepper_yellow/model.sdf
-- Symlinking: /home/kannan/E-yantra/E-Yantra/KC_ws/install/eyantra_warehouse/share/eyantra_warehouse//models/plant_red_yellow_bell_peppers_trough/meshes/KB_plant_red_yellow_bell_pepper.dae
-- Symlinking: /home/kannan/E-yantra/E-Yantra/KC_ws/install/eyantra_warehouse/share/eyantra_warehouse//models/plant_red_yellow_bell_peppers_trough/meshes/leaf.jpg
-- Symlinking: /home/kannan/E-yantra/E-Yantra/KC_ws/install/eyantra_warehouse/share/eyantra_warehouse//models/plant_red_yellow_bell_peppers_trough/meshes/soil-texture-png-3.png
-- Symlinking: /home/kannan/E-yantra/E-Yantra/KC_ws/install/eyantra_warehouse/share/eyantra_warehouse//models/plant_red_yellow_bell_peppers_trough/model.config
-- Symlinking: /home/kannan/E-yantra/E-Yantra/KC_ws/install/eyantra_warehouse/share/eyantra_warehouse//models/plant_red_yellow_bell_peppers_trough/model.sdf
-- Symlinking: /home/kannan/E-yantra/E-Yantra/KC_ws/install/eyantra_warehouse/share/eyantra_warehouse//models/rack/meshes/brushedsteel4.jpg
-- Symlinking: /home/kannan/E-yantra/E-Yantra/KC_ws/install/eyantra_warehouse/share/eyantra_warehouse//models/rack/meshes/brushedsteel_bg.jpg
-- Symlinking: /home/kannan/E-yantra/E-Yantra/KC_ws/install/eyantra_warehouse/share/eyantra_warehouse//models/rack/meshes/rack.dae
-- Symlinking: /home/kannan/E-yantra/E-Yantra/KC_ws/install/eyantra_warehouse/share/eyantra_warehouse//models/rack/meshes/rack.stl
-- Symlinking: /home/kannan/E-yantra/E-Yantra/KC_ws/install/eyantra_warehouse/share/eyantra_warehouse//models/rack/model.config
-- Symlinking: /home/kannan/E-yantra/E-Yantra/KC_ws/install/eyantra_warehouse/share/eyantra_warehouse//models/rack/model.sdf
-- Symlinking: /home/kannan/E-yantra/E-Yantra/KC_ws/install/eyantra_warehouse/share/eyantra_warehouse//models/square_shape/meshes/square_shape.mtl
-- Symlinking: /home/kannan/E-yantra/E-Yantra/KC_ws/install/eyantra_warehouse/share/eyantra_warehouse//models/square_shape/meshes/square_shape.obj
-- Symlinking: /home/kannan/E-yantra/E-Yantra/KC_ws/install/eyantra_warehouse/share/eyantra_warehouse//models/square_shape/model.config
-- Symlinking: /home/kannan/E-yantra/E-Yantra/KC_ws/install/eyantra_warehouse/share/eyantra_warehouse//models/square_shape/model.sdf
-- Symlinking: /home/kannan/E-yantra/E-Yantra/KC_ws/install/eyantra_warehouse/share/eyantra_warehouse//models/tree_1/tree_1.mtl
-- Symlinking: /home/kannan/E-yantra/E-Yantra/KC_ws/install/eyantra_warehouse/share/eyantra_warehouse//models/tree_1/tree_1.obj
-- Symlinking: /home/kannan/E-yantra/E-Yantra/KC_ws/install/eyantra_warehouse/share/eyantra_warehouse//models/tree_2/tree_2.mtl
-- Symlinking: /home/kannan/E-yantra/E-Yantra/KC_ws/install/eyantra_warehouse/share/eyantra_warehouse//models/tree_2/tree_2.obj
-- Symlinking: /home/kannan/E-yantra/E-Yantra/KC_ws/install/eyantra_warehouse/share/eyantra_warehouse//models/triangle_shape/meshes/triangle_shape.mtl
-- Symlinking: /home/kannan/E-yantra/E-Yantra/KC_ws/install/eyantra_warehouse/share/eyantra_warehouse//models/triangle_shape/meshes/triangle_shape.obj
-- Symlinking: /home/kannan/E-yantra/E-Yantra/KC_ws/install/eyantra_warehouse/share/eyantra_warehouse//models/triangle_shape/model.config
-- Symlinking: /home/kannan/E-yantra/E-Yantra/KC_ws/install/eyantra_warehouse/share/eyantra_warehouse//models/triangle_shape/model.sdf
-- Symlinking: /home/kannan/E-yantra/E-Yantra/KC_ws/install/eyantra_warehouse/share/eyantra_warehouse//models/trough/meshes/brick.mtl
-- Symlinking: /home/kannan/E-yantra/E-Yantra/KC_ws/install/eyantra_warehouse/share/eyantra_warehouse//models/trough/meshes/brick.obj
-- Symlinking: /home/kannan/E-yantra/E-Yantra/KC_ws/install/eyantra_warehouse/share/eyantra_warehouse//models/trough/meshes/leaf.jpg
-- Symlinking: /home/kannan/E-yantra/E-Yantra/KC_ws/install/eyantra_warehouse/share/eyantra_warehouse//models/trough/meshes/leaf.jpg.002.jpg
-- Symlinking: /home/kannan/E-yantra/E-Yantra/KC_ws/install/eyantra_warehouse/share/eyantra_warehouse//models/trough/meshes/leaf.jpg.002.jpg.001.jpg
-- Symlinking: /home/kannan/E-yantra/E-Yantra/KC_ws/install/eyantra_warehouse/share/eyantra_warehouse//models/trough/meshes/leaf.jpg.004.jpg
-- Symlinking: /home/kannan/E-yantra/E-Yantra/KC_ws/install/eyantra_warehouse/share/eyantra_warehouse//models/trough/meshes/soil-texture-png-3.png
-- Symlinking: /home/kannan/E-yantra/E-Yantra/KC_ws/install/eyantra_warehouse/share/eyantra_warehouse//models/trough/meshes/truf.mtl
-- Symlinking: /home/kannan/E-yantra/E-Yantra/KC_ws/install/eyantra_warehouse/share/eyantra_warehouse//models/trough/meshes/truf.obj
-- Symlinking: /home/kannan/E-yantra/E-Yantra/KC_ws/install/eyantra_warehouse/share/eyantra_warehouse//models/trough/meshes/truf_brick.mtl
-- Symlinking: /home/kannan/E-yantra/E-Yantra/KC_ws/install/eyantra_warehouse/share/eyantra_warehouse//models/trough/meshes/truf_brick.obj
-- Symlinking: /home/kannan/E-yantra/E-Yantra/KC_ws/install/eyantra_warehouse/share/eyantra_warehouse//models/trough/meshes/truf_brick_cone.dae
-- Symlinking: /home/kannan/E-yantra/E-Yantra/KC_ws/install/eyantra_warehouse/share/eyantra_warehouse//models/trough/meshes/truf_brick_cone.dae.bck
-- Symlinking: /home/kannan/E-yantra/E-Yantra/KC_ws/install/eyantra_warehouse/share/eyantra_warehouse//models/trough/meshes/truf_brick_cone.mtl
-- Symlinking: /home/kannan/E-yantra/E-Yantra/KC_ws/install/eyantra_warehouse/share/eyantra_warehouse//models/trough/meshes/truf_brick_cone.obj
-- Symlinking: /home/kannan/E-yantra/E-Yantra/KC_ws/install/eyantra_warehouse/share/eyantra_warehouse//models/trough/model.config
-- Symlinking: /home/kannan/E-yantra/E-Yantra/KC_ws/install/eyantra_warehouse/share/eyantra_warehouse//models/trough/model.sdf
-- Symlinking: /home/kannan/E-yantra/E-Yantra/KC_ws/install/eyantra_warehouse/share/eyantra_warehouse//models/warehouse_boundary/meshes/LAWN.jpg
-- Symlinking: /home/kannan/E-yantra/E-Yantra/KC_ws/install/eyantra_warehouse/share/eyantra_warehouse//models/warehouse_boundary/meshes/SolarPanelsPolycrystallineTypeBFramedClean001_COL_3K.jpg.001.jpg
-- Symlinking: /home/kannan/E-yantra/E-Yantra/KC_ws/install/eyantra_warehouse/share/eyantra_warehouse//models/warehouse_boundary/meshes/SolarPanelsPolycrystallineTypeBFramedClean001_COL_3K.jpg.002.jpg
-- Symlinking: /home/kannan/E-yantra/E-Yantra/KC_ws/install/eyantra_warehouse/share/eyantra_warehouse//models/warehouse_boundary/meshes/SolarPanelsPolycrystallineTypeBFramedClean001_COL_3K.jpg.003.jpg
-- Symlinking: /home/kannan/E-yantra/E-Yantra/KC_ws/install/eyantra_warehouse/share/eyantra_warehouse//models/warehouse_boundary/meshes/SolarPanelsPolycrystallineTypeBFramedClean001_COL_3K.jpg.004.jp.jpg
-- Symlinking: /home/kannan/E-yantra/E-Yantra/KC_ws/install/eyantra_warehouse/share/eyantra_warehouse//models/warehouse_boundary/meshes/SolarPanelsPolycrystallineTypeBFramedClean001_COL_3K.jpg.004.jpg
-- Symlinking: /home/kannan/E-yantra/E-Yantra/KC_ws/install/eyantra_warehouse/share/eyantra_warehouse//models/warehouse_boundary/meshes/SolarPanelsPolycrystallineTypeBFramedClean001_COL_3K.jpg.005.jpg
-- Symlinking: /home/kannan/E-yantra/E-Yantra/KC_ws/install/eyantra_warehouse/share/eyantra_warehouse//models/warehouse_boundary/meshes/SolarPanelsPolycrystallineTypeBFramedClean001_COL_3K.jpg.006.jpg
-- Symlinking: /home/kannan/E-yantra/E-Yantra/KC_ws/install/eyantra_warehouse/share/eyantra_warehouse//models/warehouse_boundary/meshes/SolarPanelsPolycrystallineTypeBFramedClean001_COL_3K.jpg.007.jpg
-- Symlinking: /home/kannan/E-yantra/E-Yantra/KC_ws/install/eyantra_warehouse/share/eyantra_warehouse//models/warehouse_boundary/meshes/SolarPanelsPolycrystallineTypeBFramedClean001_COL_3K.jpg.008.jpg
-- Symlinking: /home/kannan/E-yantra/E-Yantra/KC_ws/install/eyantra_warehouse/share/eyantra_warehouse//models/warehouse_boundary/meshes/SolarPanelsPolycrystallineTypeBFramedClean001_COL_3K.jpg.009.jpg
-- Symlinking: /home/kannan/E-yantra/E-Yantra/KC_ws/install/eyantra_warehouse/share/eyantra_warehouse//models/warehouse_boundary/meshes/SolarPanelsPolycrystallineTypeBFramedClean001_COL_3K.jpg.010.jpg
-- Symlinking: /home/kannan/E-yantra/E-Yantra/KC_ws/install/eyantra_warehouse/share/eyantra_warehouse//models/warehouse_boundary/meshes/SolarPanelsPolycrystallineTypeBFramedClean001_COL_3K.jpg.011.jpg
-- Symlinking: /home/kannan/E-yantra/E-Yantra/KC_ws/install/eyantra_warehouse/share/eyantra_warehouse//models/warehouse_boundary/meshes/SolarPanelsPolycrystallineTypeBFramedClean001_COL_3K.jpg.012.jpg
-- Symlinking: /home/kannan/E-yantra/E-Yantra/KC_ws/install/eyantra_warehouse/share/eyantra_warehouse//models/warehouse_boundary/meshes/SolarPanelsPolycrystallineTypeBFramedClean001_COL_3K.jpg.013.jpg
-- Symlinking: /home/kannan/E-yantra/E-Yantra/KC_ws/install/eyantra_warehouse/share/eyantra_warehouse//models/warehouse_boundary/meshes/SolarPanelsPolycrystallineTypeBFramedClean001_COL_3K.jpg.014.jpg
-- Symlinking: /home/kannan/E-yantra/E-Yantra/KC_ws/install/eyantra_warehouse/share/eyantra_warehouse//models/warehouse_boundary/meshes/SolarPanelsPolycrystallineTypeBFramedClean001_COL_3K.jpg.015.jpg
-- Symlinking: /home/kannan/E-yantra/E-Yantra/KC_ws/install/eyantra_warehouse/share/eyantra_warehouse//models/warehouse_boundary/meshes/SolarPanelsPolycrystallineTypeBFramedClean001_COL_3K.jpg.016.jpg
-- Symlinking: /home/kannan/E-yantra/E-Yantra/KC_ws/install/eyantra_warehouse/share/eyantra_warehouse//models/warehouse_boundary/meshes/SolarPanelsPolycrystallineTypeBFramedClean001_COL_3K.jpg.017.jpg
-- Symlinking: /home/kannan/E-yantra/E-Yantra/KC_ws/install/eyantra_warehouse/share/eyantra_warehouse//models/warehouse_boundary/meshes/SolarPanelsPolycrystallineTypeBFramedClean001_COL_3K.jpg.018.jpg
-- Symlinking: /home/kannan/E-yantra/E-Yantra/KC_ws/install/eyantra_warehouse/share/eyantra_warehouse//models/warehouse_boundary/meshes/SolarPanelsPolycrystallineTypeBFramedClean001_COL_3K.jpg.019.jpg
-- Symlinking: /home/kannan/E-yantra/E-Yantra/KC_ws/install/eyantra_warehouse/share/eyantra_warehouse//models/warehouse_boundary/meshes/SolarPanelsPolycrystallineTypeBFramedClean001_COL_3K.jpg.020.jpg
-- Symlinking: /home/kannan/E-yantra/E-Yantra/KC_ws/install/eyantra_warehouse/share/eyantra_warehouse//models/warehouse_boundary/meshes/SolarPanelsPolycrystallineTypeBFramedClean001_COL_3K.jpg.021.jpg
-- Symlinking: /home/kannan/E-yantra/E-Yantra/KC_ws/install/eyantra_warehouse/share/eyantra_warehouse//models/warehouse_boundary/meshes/SolarPanelsPolycrystallineTypeBFramedClean001_COL_3K.jpg.022.jpg
-- Symlinking: /home/kannan/E-yantra/E-Yantra/KC_ws/install/eyantra_warehouse/share/eyantra_warehouse//models/warehouse_boundary/meshes/SolarPanelsPolycrystallineTypeBFramedClean001_COL_3K.jpg.023.jpg
-- Symlinking: /home/kannan/E-yantra/E-Yantra/KC_ws/install/eyantra_warehouse/share/eyantra_warehouse//models/warehouse_boundary/meshes/SolarPanelsPolycrystallineTypeBFramedClean001_COL_3K.jpg.024.jpg
-- Symlinking: /home/kannan/E-yantra/E-Yantra/KC_ws/install/eyantra_warehouse/share/eyantra_warehouse//models/warehouse_boundary/meshes/SolarPanelsPolycrystallineTypeBFramedClean001_COL_3K.jpg.025.jpg
-- Symlinking: /home/kannan/E-yantra/E-Yantra/KC_ws/install/eyantra_warehouse/share/eyantra_warehouse//models/warehouse_boundary/meshes/SolarPanelsPolycrystallineTypeBFramedClean001_COL_3K.jpg.026.jpg
-- Symlinking: /home/kannan/E-yantra/E-Yantra/KC_ws/install/eyantra_warehouse/share/eyantra_warehouse//models/warehouse_boundary/meshes/SolarPanelsPolycrystallineTypeBFramedClean001_COL_3K.jpg.027.jpg
-- Symlinking: /home/kannan/E-yantra/E-Yantra/KC_ws/install/eyantra_warehouse/share/eyantra_warehouse//models/warehouse_boundary/meshes/SolarPanelsPolycrystallineTypeBFramedClean001_COL_3K.jpg.028.jpg
-- Symlinking: /home/kannan/E-yantra/E-Yantra/KC_ws/install/eyantra_warehouse/share/eyantra_warehouse//models/warehouse_boundary/meshes/SolarPanelsPolycrystallineTypeBFramedClean001_COL_3K.jpg.029.jpg
-- Symlinking: /home/kannan/E-yantra/E-Yantra/KC_ws/install/eyantra_warehouse/share/eyantra_warehouse//models/warehouse_boundary/meshes/SolarPanelsPolycrystallineTypeBFramedClean001_COL_3K.jpg.030.jpg
-- Symlinking: /home/kannan/E-yantra/E-Yantra/KC_ws/install/eyantra_warehouse/share/eyantra_warehouse//models/warehouse_boundary/meshes/bernd-dittrich-mapUehHSHYU-unsplash.jpg
-- Symlinking: /home/kannan/E-yantra/E-Yantra/KC_ws/install/eyantra_warehouse/share/eyantra_warehouse//models/warehouse_boundary/meshes/branch-texture-png.png
-- Symlinking: /home/kannan/E-yantra/E-Yantra/KC_ws/install/eyantra_warehouse/share/eyantra_warehouse//models/warehouse_boundary/meshes/greenhouse_wooden_floor.png
-- Symlinking: /home/kannan/E-yantra/E-Yantra/KC_ws/install/eyantra_warehouse/share/eyantra_warehouse//models/warehouse_boundary/meshes/ground.jpg
-- Symlinking: /home/kannan/E-yantra/E-Yantra/KC_ws/install/eyantra_warehouse/share/eyantra_warehouse//models/warehouse_boundary/meshes/miha-rekar-LIel8q1XQsE-unsplash.jpg
-- Symlinking: /home/kannan/E-yantra/E-Yantra/KC_ws/install/eyantra_warehouse/share/eyantra_warehouse//models/warehouse_boundary/meshes/miha-rekar-LIel8q1XQsE-unsplash.jpg.001.jpg
-- Symlinking: /home/kannan/E-yantra/E-Yantra/KC_ws/install/eyantra_warehouse/share/eyantra_warehouse//models/warehouse_boundary/meshes/tilebark.jpg
-- Symlinking: /home/kannan/E-yantra/E-Yantra/KC_ws/install/eyantra_warehouse/share/eyantra_warehouse//models/warehouse_boundary/meshes/warehouse_boundary.dae
-- Symlinking: /home/kannan/E-yantra/E-Yantra/KC_ws/install/eyantra_warehouse/share/eyantra_warehouse//models/warehouse_boundary/meshes/warehouse_boundary_glass_cover.dae
-- Symlinking: /home/kannan/E-yantra/E-Yantra/KC_ws/install/eyantra_warehouse/share/eyantra_warehouse//models/warehouse_boundary/meshes/warehouse_boundary_glass_cover_modified.dae
-- Symlinking: /home/kannan/E-yantra/E-Yantra/KC_ws/install/eyantra_warehouse/share/eyantra_warehouse//models/warehouse_boundary/meshes/warehouse_boundary_modified.dae
-- Symlinking: /home/kannan/E-yantra/E-Yantra/KC_ws/install/eyantra_warehouse/share/eyantra_warehouse//models/warehouse_boundary/meshes/warehouse_floor.jpg
-- Symlinking: /home/kannan/E-yantra/E-Yantra/KC_ws/install/eyantra_warehouse/share/eyantra_warehouse//models/warehouse_boundary/meshes/warningTape.png
-- Symlinking: /home/kannan/E-yantra/E-Yantra/KC_ws/install/eyantra_warehouse/share/eyantra_warehouse//models/warehouse_boundary/model.config
-- Symlinking: /home/kannan/E-yantra/E-Yantra/KC_ws/install/eyantra_warehouse/share/eyantra_warehouse//models/warehouse_boundary/model.sdf
-- Symlinking: /home/kannan/E-yantra/E-Yantra/KC_ws/install/eyantra_warehouse/share/eyantra_warehouse//models/warehouse_divider/meshes/LAWN.jpg
-- Symlinking: /home/kannan/E-yantra/E-Yantra/KC_ws/install/eyantra_warehouse/share/eyantra_warehouse//models/warehouse_divider/meshes/warehouse_divider.dae
-- Symlinking: /home/kannan/E-yantra/E-Yantra/KC_ws/install/eyantra_warehouse/share/eyantra_warehouse//models/warehouse_divider/model.config
-- Symlinking: /home/kannan/E-yantra/E-Yantra/KC_ws/install/eyantra_warehouse/share/eyantra_warehouse//models/warehouse_divider/model.sdf
-- Symlinking: /home/kannan/E-yantra/E-Yantra/KC_ws/install/eyantra_warehouse/share/eyantra_warehouse//models/water_tank/water_tank.mtl
-- Symlinking: /home/kannan/E-yantra/E-Yantra/KC_ws/install/eyantra_warehouse/share/eyantra_warehouse//models/water_tank/water_tank.obj
-- Symlinking: /home/kannan/E-yantra/E-Yantra/KC_ws/install/eyantra_warehouse/share/eyantra_warehouse//config/SkyX_Moon.fragment
-- Symlinking: /home/kannan/E-yantra/E-Yantra/KC_ws/install/eyantra_warehouse/share/eyantra_warehouse//config/SkyX_Moon.png
-- Symlinking: /home/kannan/E-yantra/E-Yantra/KC_ws/install/eyantra_warehouse/share/eyantra_warehouse//config/package_link.json
-- Symlinking: /home/kannan/E-yantra/E-Yantra/KC_ws/install/eyantra_warehouse/share/eyantra_warehouse//plugins/libSampleSystem.so
-- Symlinking: /home/kannan/E-yantra/E-Yantra/KC_ws/install/eyantra_warehouse/share/ament_index/resource_index/package_run_dependencies/eyantra_warehouse
-- Symlinking: /home/kannan/E-yantra/E-Yantra/KC_ws/install/eyantra_warehouse/share/ament_index/resource_index/parent_prefix_path/eyantra_warehouse
-- Symlinking: /home/kannan/E-yantra/E-Yantra/KC_ws/install/eyantra_warehouse/share/eyantra_warehouse/environment/ament_prefix_path.sh
-- Symlinking: /home/kannan/E-yantra/E-Yantra/KC_ws/install/eyantra_warehouse/share/eyantra_warehouse/environment/ament_prefix_path.dsv
-- Symlinking: /home/kannan/E-yantra/E-Yantra/KC_ws/install/eyantra_warehouse/share/eyantra_warehouse/environment/path.sh
-- Symlinking: /home/kannan/E-yantra/E-Yantra/KC_ws/install/eyantra_warehouse/share/eyantra_warehouse/environment/path.dsv
-- Symlinking: /home/kannan/E-yantra/E-Yantra/KC_ws/install/eyantra_warehouse/share/eyantra_warehouse/local_setup.bash
-- Symlinking: /home/kannan/E-yantra/E-Yantra/KC_ws/install/eyantra_warehouse/share/eyantra_warehouse/local_setup.sh
-- Symlinking: /home/kannan/E-yantra/E-Yantra/KC_ws/install/eyantra_warehouse/share/eyantra_warehouse/local_setup.zsh
-- Symlinking: /home/kannan/E-yantra/E-Yantra/KC_ws/install/eyantra_warehouse/share/eyantra_warehouse/local_setup.dsv
-- Symlinking: /home/kannan/E-yantra/E-Yantra/KC_ws/install/eyantra_warehouse/share/eyantra_warehouse/package.dsv
-- Symlinking: /home/kannan/E-yantra/E-Yantra/KC_ws/install/eyantra_warehouse/share/ament_index/resource_index/packages/eyantra_warehouse
-- Symlinking: /home/kannan/E-yantra/E-Yantra/KC_ws/install/eyantra_warehouse/share/eyantra_warehouse/cmake/eyantra_warehouseConfig.cmake
-- Symlinking: /home/kannan/E-yantra/E-Yantra/KC_ws/install/eyantra_warehouse/share/eyantra_warehouse/cmake/eyantra_warehouseConfig-version.cmake
-- Symlinking: /home/kannan/E-yantra/E-Yantra/KC_ws/install/eyantra_warehouse/share/eyantra_warehouse/package.xml
