[0.008s] Invoking command in '/home/kannan/E-yantra/E-Yantra/KC_ws/build/eyantra_warehouse': CMAKE_PREFIX_PATH=/home/kannan/ros2_ws/install/my_robot_controller:/opt/ros/humble /usr/bin/cmake /home/kannan/E-yantra/E-Yantra/KC_ws/src/eyantra_warehouse -DAMENT_CMAKE_SYMLINK_INSTALL=1 -DCMAKE_INSTALL_PREFIX=/home/kannan/E-yantra/E-Yantra/KC_ws/install/eyantra_warehouse
[0.160s] -- The C compiler identification is GNU 11.4.0
[0.266s] -- The CXX compiler identification is GNU 11.4.0
[0.274s] -- Detecting C compiler ABI info
[0.360s] -- Detecting C compiler ABI info - done
[0.371s] -- Check for working C compiler: /usr/bin/cc - skipped
[0.372s] -- Detecting C compile features
[0.372s] -- Detecting C compile features - done
[0.377s] -- Detecting CXX compiler ABI info
[0.467s] -- Detecting CXX compiler ABI info - done
[0.475s] -- Check for working CXX compiler: /usr/bin/c++ - skipped
[0.476s] -- Detecting CXX compile features
[0.476s] -- Detecting CXX compile features - done
[0.481s] -- Found ament_cmake: 1.3.11 (/opt/ros/humble/share/ament_cmake/cmake)
[0.628s] -- Found Python3: /usr/bin/python3 (found version "3.10.12") found components: Interpreter 
[0.680s] -- Override CMake install command with custom implementation using symlinks instead of copying resources
[0.704s] -- Found ament_lint_auto: 0.12.11 (/opt/ros/humble/share/ament_lint_auto/cmake)
[0.760s] -- Configuring done
[0.762s] -- Generating done
[0.762s] -- Build files have been written to: /home/kannan/E-yantra/E-Yantra/KC_ws/build/eyantra_warehouse
[0.765s] Invoked command in '/home/kannan/E-yantra/E-Yantra/KC_ws/build/eyantra_warehouse' returned '0': CMAKE_PREFIX_PATH=/home/kannan/ros2_ws/install/my_robot_controller:/opt/ros/humble /usr/bin/cmake /home/kannan/E-yantra/E-Yantra/KC_ws/src/eyantra_warehouse -DAMENT_CMAKE_SYMLINK_INSTALL=1 -DCMAKE_INSTALL_PREFIX=/home/kannan/E-yantra/E-Yantra/KC_ws/install/eyantra_warehouse
[0.767s] Invoking command in '/home/kannan/E-yantra/E-Yantra/KC_ws/build/eyantra_warehouse': CMAKE_PREFIX_PATH=/home/kannan/ros2_ws/install/my_robot_controller:/opt/ros/humble /usr/bin/cmake --build /home/kannan/E-yantra/E-Yantra/KC_ws/build/eyantra_warehouse -- -j12 -l12
[0.808s] Invoked command in '/home/kannan/E-yantra/E-Yantra/KC_ws/build/eyantra_warehouse' returned '0': CMAKE_PREFIX_PATH=/home/kannan/ros2_ws/install/my_robot_controller:/opt/ros/humble /usr/bin/cmake --build /home/kannan/E-yantra/E-Yantra/KC_ws/build/eyantra_warehouse -- -j12 -l12
[0.820s] Invoking command in '/home/kannan/E-yantra/E-Yantra/KC_ws/build/eyantra_warehouse': CMAKE_PREFIX_PATH=/home/kannan/ros2_ws/install/my_robot_controller:/opt/ros/humble /usr/bin/cmake --install /home/kannan/E-yantra/E-Yantra/KC_ws/build/eyantra_warehouse
[0.829s] -- Install configuration: ""
[0.829s] -- Execute custom install script
[0.830s] -- Symlinking: /home/kannan/E-yantra/E-Yantra/KC_ws/install/eyantra_warehouse/share/eyantra_warehouse//launch/task0.launch.py
[0.842s] -- Symlinking: /home/kannan/E-yantra/E-Yantra/KC_ws/install/eyantra_warehouse/share/eyantra_warehouse//worlds/eyantra_warehouse_task0.world
[0.858s] -- Symlinking: /home/kannan/E-yantra/E-Yantra/KC_ws/install/eyantra_warehouse/share/eyantra_warehouse//models/TrashBin/meshes/TrashBin.mtl
[0.867s] -- Symlinking: /home/kannan/E-yantra/E-Yantra/KC_ws/install/eyantra_warehouse/share/eyantra_warehouse//models/TrashBin/meshes/TrashBin.obj
[0.877s] -- Symlinking: /home/kannan/E-yantra/E-Yantra/KC_ws/install/eyantra_warehouse/share/eyantra_warehouse//models/TrashBin/meshes/TrashBin_Diffuse.png
[0.885s] -- Symlinking: /home/kannan/E-yantra/E-Yantra/KC_ws/install/eyantra_warehouse/share/eyantra_warehouse//models/TrashBin/model.config
[0.894s] -- Symlinking: /home/kannan/E-yantra/E-Yantra/KC_ws/install/eyantra_warehouse/share/eyantra_warehouse//models/TrashBin/model.sdf
[0.903s] -- Symlinking: /home/kannan/E-yantra/E-Yantra/KC_ws/install/eyantra_warehouse/share/eyantra_warehouse//models/TrashBin/thumbnails/1.png
[0.911s] -- Symlinking: /home/kannan/E-yantra/E-Yantra/KC_ws/install/eyantra_warehouse/share/eyantra_warehouse//models/TrashBin/thumbnails/2.png
[0.920s] -- Symlinking: /home/kannan/E-yantra/E-Yantra/KC_ws/install/eyantra_warehouse/share/eyantra_warehouse//models/TrashBin/thumbnails/3.png
[0.930s] -- Symlinking: /home/kannan/E-yantra/E-Yantra/KC_ws/install/eyantra_warehouse/share/eyantra_warehouse//models/TrashBin/thumbnails/4.png
[0.941s] -- Symlinking: /home/kannan/E-yantra/E-Yantra/KC_ws/install/eyantra_warehouse/share/eyantra_warehouse//models/TrashBin/thumbnails/5.png
[0.951s] -- Symlinking: /home/kannan/E-yantra/E-Yantra/KC_ws/install/eyantra_warehouse/share/eyantra_warehouse//models/arm_base/meshes/arm_base.dae
[0.961s] -- Symlinking: /home/kannan/E-yantra/E-Yantra/KC_ws/install/eyantra_warehouse/share/eyantra_warehouse//models/arm_base/model.config
[0.971s] -- Symlinking: /home/kannan/E-yantra/E-Yantra/KC_ws/install/eyantra_warehouse/share/eyantra_warehouse//models/arm_base/model.sdf
[0.981s] -- Symlinking: /home/kannan/E-yantra/E-Yantra/KC_ws/install/eyantra_warehouse/share/eyantra_warehouse//models/bell_pepper_brown/meshes/bell_pepper_brown.dae
[0.990s] -- Symlinking: /home/kannan/E-yantra/E-Yantra/KC_ws/install/eyantra_warehouse/share/eyantra_warehouse//models/bell_pepper_brown/meshes/gradient_bell_pepper.jpg
[0.999s] -- Symlinking: /home/kannan/E-yantra/E-Yantra/KC_ws/install/eyantra_warehouse/share/eyantra_warehouse//models/bell_pepper_brown/model.config
[1.009s] -- Symlinking: /home/kannan/E-yantra/E-Yantra/KC_ws/install/eyantra_warehouse/share/eyantra_warehouse//models/bell_pepper_brown/model.sdf
[1.019s] -- Symlinking: /home/kannan/E-yantra/E-Yantra/KC_ws/install/eyantra_warehouse/share/eyantra_warehouse//models/bell_pepper_red/meshes/bell_pepper_red.dae
[1.028s] -- Symlinking: /home/kannan/E-yantra/E-Yantra/KC_ws/install/eyantra_warehouse/share/eyantra_warehouse//models/bell_pepper_red/model.config
[1.040s] -- Symlinking: /home/kannan/E-yantra/E-Yantra/KC_ws/install/eyantra_warehouse/share/eyantra_warehouse//models/bell_pepper_red/model.sdf
[1.050s] -- Symlinking: /home/kannan/E-yantra/E-Yantra/KC_ws/install/eyantra_warehouse/share/eyantra_warehouse//models/bell_pepper_yellow/meshes/bell_pepper_yellow.dae
[1.060s] -- Symlinking: /home/kannan/E-yantra/E-Yantra/KC_ws/install/eyantra_warehouse/share/eyantra_warehouse//models/bell_pepper_yellow/model.config
[1.069s] -- Symlinking: /home/kannan/E-yantra/E-Yantra/KC_ws/install/eyantra_warehouse/share/eyantra_warehouse//models/bell_pepper_yellow/model.sdf
[1.078s] -- Symlinking: /home/kannan/E-yantra/E-Yantra/KC_ws/install/eyantra_warehouse/share/eyantra_warehouse//models/box/meshes/aruco_tag.jpg
[1.088s] -- Symlinking: /home/kannan/E-yantra/E-Yantra/KC_ws/install/eyantra_warehouse/share/eyantra_warehouse//models/box/meshes/box.dae
[1.098s] -- Symlinking: /home/kannan/E-yantra/E-Yantra/KC_ws/install/eyantra_warehouse/share/eyantra_warehouse//models/box/meshes/box__bg.png
[1.106s] -- Symlinking: /home/kannan/E-yantra/E-Yantra/KC_ws/install/eyantra_warehouse/share/eyantra_warehouse//models/box/meshes/cardboard_bg.png
[1.116s] -- Symlinking: /home/kannan/E-yantra/E-Yantra/KC_ws/install/eyantra_warehouse/share/eyantra_warehouse//models/box/meshes/centroid_old_box.zip
[1.125s] -- Symlinking: /home/kannan/E-yantra/E-Yantra/KC_ws/install/eyantra_warehouse/share/eyantra_warehouse//models/box/model.config
[1.135s] -- Symlinking: /home/kannan/E-yantra/E-Yantra/KC_ws/install/eyantra_warehouse/share/eyantra_warehouse//models/box/model.sdf
[1.146s] -- Symlinking: /home/kannan/E-yantra/E-Yantra/KC_ws/install/eyantra_warehouse/share/eyantra_warehouse//models/boxes/box.stl
[1.156s] -- Symlinking: /home/kannan/E-yantra/E-Yantra/KC_ws/install/eyantra_warehouse/share/eyantra_warehouse//models/boxes/box_1/meshes/aruco_tag.jpg
[1.166s] -- Symlinking: /home/kannan/E-yantra/E-Yantra/KC_ws/install/eyantra_warehouse/share/eyantra_warehouse//models/boxes/box_1/meshes/box.dae
[1.176s] -- Symlinking: /home/kannan/E-yantra/E-Yantra/KC_ws/install/eyantra_warehouse/share/eyantra_warehouse//models/boxes/box_1/meshes/box__bg.png
[1.185s] -- Symlinking: /home/kannan/E-yantra/E-Yantra/KC_ws/install/eyantra_warehouse/share/eyantra_warehouse//models/boxes/box_1/meshes/cardboard_bg.png
[1.193s] -- Symlinking: /home/kannan/E-yantra/E-Yantra/KC_ws/install/eyantra_warehouse/share/eyantra_warehouse//models/boxes/box_1/model.config
[1.203s] -- Symlinking: /home/kannan/E-yantra/E-Yantra/KC_ws/install/eyantra_warehouse/share/eyantra_warehouse//models/boxes/box_1/model.sdf
[1.212s] -- Symlinking: /home/kannan/E-yantra/E-Yantra/KC_ws/install/eyantra_warehouse/share/eyantra_warehouse//models/boxes/box_10/meshes/aruco_tag.jpg
[1.221s] -- Symlinking: /home/kannan/E-yantra/E-Yantra/KC_ws/install/eyantra_warehouse/share/eyantra_warehouse//models/boxes/box_10/meshes/box.dae
[1.232s] -- Symlinking: /home/kannan/E-yantra/E-Yantra/KC_ws/install/eyantra_warehouse/share/eyantra_warehouse//models/boxes/box_10/meshes/box__bg.png
[1.242s] -- Symlinking: /home/kannan/E-yantra/E-Yantra/KC_ws/install/eyantra_warehouse/share/eyantra_warehouse//models/boxes/box_10/meshes/cardboard_bg.png
[1.250s] -- Symlinking: /home/kannan/E-yantra/E-Yantra/KC_ws/install/eyantra_warehouse/share/eyantra_warehouse//models/boxes/box_10/model.config
[1.261s] -- Symlinking: /home/kannan/E-yantra/E-Yantra/KC_ws/install/eyantra_warehouse/share/eyantra_warehouse//models/boxes/box_10/model.sdf
[1.271s] -- Symlinking: /home/kannan/E-yantra/E-Yantra/KC_ws/install/eyantra_warehouse/share/eyantra_warehouse//models/boxes/box_11/meshes/aruco_tag.jpg
[1.280s] -- Symlinking: /home/kannan/E-yantra/E-Yantra/KC_ws/install/eyantra_warehouse/share/eyantra_warehouse//models/boxes/box_11/meshes/box.dae
[1.288s] -- Symlinking: /home/kannan/E-yantra/E-Yantra/KC_ws/install/eyantra_warehouse/share/eyantra_warehouse//models/boxes/box_11/meshes/box__bg.png
[1.295s] -- Symlinking: /home/kannan/E-yantra/E-Yantra/KC_ws/install/eyantra_warehouse/share/eyantra_warehouse//models/boxes/box_11/meshes/cardboard_bg.png
[1.302s] -- Symlinking: /home/kannan/E-yantra/E-Yantra/KC_ws/install/eyantra_warehouse/share/eyantra_warehouse//models/boxes/box_11/model.config
[1.310s] -- Symlinking: /home/kannan/E-yantra/E-Yantra/KC_ws/install/eyantra_warehouse/share/eyantra_warehouse//models/boxes/box_11/model.sdf
[1.318s] -- Symlinking: /home/kannan/E-yantra/E-Yantra/KC_ws/install/eyantra_warehouse/share/eyantra_warehouse//models/boxes/box_12/meshes/aruco_tag.jpg
[1.328s] -- Symlinking: /home/kannan/E-yantra/E-Yantra/KC_ws/install/eyantra_warehouse/share/eyantra_warehouse//models/boxes/box_12/meshes/box.dae
[1.339s] -- Symlinking: /home/kannan/E-yantra/E-Yantra/KC_ws/install/eyantra_warehouse/share/eyantra_warehouse//models/boxes/box_12/meshes/box__bg.png
[1.349s] -- Symlinking: /home/kannan/E-yantra/E-Yantra/KC_ws/install/eyantra_warehouse/share/eyantra_warehouse//models/boxes/box_12/meshes/cardboard_bg.png
[1.359s] -- Symlinking: /home/kannan/E-yantra/E-Yantra/KC_ws/install/eyantra_warehouse/share/eyantra_warehouse//models/boxes/box_12/model.config
[1.370s] -- Symlinking: /home/kannan/E-yantra/E-Yantra/KC_ws/install/eyantra_warehouse/share/eyantra_warehouse//models/boxes/box_12/model.sdf
[1.379s] -- Symlinking: /home/kannan/E-yantra/E-Yantra/KC_ws/install/eyantra_warehouse/share/eyantra_warehouse//models/boxes/box_13/meshes/aruco_tag.jpg
[1.388s] -- Symlinking: /home/kannan/E-yantra/E-Yantra/KC_ws/install/eyantra_warehouse/share/eyantra_warehouse//models/boxes/box_13/meshes/box.dae
[1.397s] -- Symlinking: /home/kannan/E-yantra/E-Yantra/KC_ws/install/eyantra_warehouse/share/eyantra_warehouse//models/boxes/box_13/meshes/box__bg.png
[1.407s] -- Symlinking: /home/kannan/E-yantra/E-Yantra/KC_ws/install/eyantra_warehouse/share/eyantra_warehouse//models/boxes/box_13/meshes/cardboard_bg.png
[1.417s] -- Symlinking: /home/kannan/E-yantra/E-Yantra/KC_ws/install/eyantra_warehouse/share/eyantra_warehouse//models/boxes/box_13/model.config
[1.423s] -- Symlinking: /home/kannan/E-yantra/E-Yantra/KC_ws/install/eyantra_warehouse/share/eyantra_warehouse//models/boxes/box_13/model.sdf
[1.431s] -- Symlinking: /home/kannan/E-yantra/E-Yantra/KC_ws/install/eyantra_warehouse/share/eyantra_warehouse//models/boxes/box_14/meshes/aruco_tag.jpg
[1.439s] -- Symlinking: /home/kannan/E-yantra/E-Yantra/KC_ws/install/eyantra_warehouse/share/eyantra_warehouse//models/boxes/box_14/meshes/box.dae
[1.448s] -- Symlinking: /home/kannan/E-yantra/E-Yantra/KC_ws/install/eyantra_warehouse/share/eyantra_warehouse//models/boxes/box_14/meshes/box__bg.png
[1.459s] -- Symlinking: /home/kannan/E-yantra/E-Yantra/KC_ws/install/eyantra_warehouse/share/eyantra_warehouse//models/boxes/box_14/meshes/cardboard_bg.png
[1.469s] -- Symlinking: /home/kannan/E-yantra/E-Yantra/KC_ws/install/eyantra_warehouse/share/eyantra_warehouse//models/boxes/box_14/model.config
[1.479s] -- Symlinking: /home/kannan/E-yantra/E-Yantra/KC_ws/install/eyantra_warehouse/share/eyantra_warehouse//models/boxes/box_14/model.sdf
[1.488s] -- Symlinking: /home/kannan/E-yantra/E-Yantra/KC_ws/install/eyantra_warehouse/share/eyantra_warehouse//models/boxes/box_15/meshes/aruco_tag.jpg
[1.498s] -- Symlinking: /home/kannan/E-yantra/E-Yantra/KC_ws/install/eyantra_warehouse/share/eyantra_warehouse//models/boxes/box_15/meshes/box.dae
[1.507s] -- Symlinking: /home/kannan/E-yantra/E-Yantra/KC_ws/install/eyantra_warehouse/share/eyantra_warehouse//models/boxes/box_15/meshes/box__bg.png
[1.517s] -- Symlinking: /home/kannan/E-yantra/E-Yantra/KC_ws/install/eyantra_warehouse/share/eyantra_warehouse//models/boxes/box_15/meshes/cardboard_bg.png
[1.527s] -- Symlinking: /home/kannan/E-yantra/E-Yantra/KC_ws/install/eyantra_warehouse/share/eyantra_warehouse//models/boxes/box_15/model.config
[1.538s] -- Symlinking: /home/kannan/E-yantra/E-Yantra/KC_ws/install/eyantra_warehouse/share/eyantra_warehouse//models/boxes/box_15/model.sdf
[1.549s] -- Symlinking: /home/kannan/E-yantra/E-Yantra/KC_ws/install/eyantra_warehouse/share/eyantra_warehouse//models/boxes/box_16/meshes/aruco_tag.jpg
[1.559s] -- Symlinking: /home/kannan/E-yantra/E-Yantra/KC_ws/install/eyantra_warehouse/share/eyantra_warehouse//models/boxes/box_16/meshes/box.dae
[1.568s] -- Symlinking: /home/kannan/E-yantra/E-Yantra/KC_ws/install/eyantra_warehouse/share/eyantra_warehouse//models/boxes/box_16/meshes/box__bg.png
[1.576s] -- Symlinking: /home/kannan/E-yantra/E-Yantra/KC_ws/install/eyantra_warehouse/share/eyantra_warehouse//models/boxes/box_16/meshes/cardboard_bg.png
[1.586s] -- Symlinking: /home/kannan/E-yantra/E-Yantra/KC_ws/install/eyantra_warehouse/share/eyantra_warehouse//models/boxes/box_16/model.config
[1.595s] -- Symlinking: /home/kannan/E-yantra/E-Yantra/KC_ws/install/eyantra_warehouse/share/eyantra_warehouse//models/boxes/box_16/model.sdf
[1.604s] -- Symlinking: /home/kannan/E-yantra/E-Yantra/KC_ws/install/eyantra_warehouse/share/eyantra_warehouse//models/boxes/box_17/meshes/aruco_tag.jpg
[1.612s] -- Symlinking: /home/kannan/E-yantra/E-Yantra/KC_ws/install/eyantra_warehouse/share/eyantra_warehouse//models/boxes/box_17/meshes/box.dae
[1.622s] -- Symlinking: /home/kannan/E-yantra/E-Yantra/KC_ws/install/eyantra_warehouse/share/eyantra_warehouse//models/boxes/box_17/meshes/box__bg.png
[1.631s] -- Symlinking: /home/kannan/E-yantra/E-Yantra/KC_ws/install/eyantra_warehouse/share/eyantra_warehouse//models/boxes/box_17/meshes/cardboard_bg.png
[1.642s] -- Symlinking: /home/kannan/E-yantra/E-Yantra/KC_ws/install/eyantra_warehouse/share/eyantra_warehouse//models/boxes/box_17/model.config
[1.652s] -- Symlinking: /home/kannan/E-yantra/E-Yantra/KC_ws/install/eyantra_warehouse/share/eyantra_warehouse//models/boxes/box_17/model.sdf
[1.661s] -- Symlinking: /home/kannan/E-yantra/E-Yantra/KC_ws/install/eyantra_warehouse/share/eyantra_warehouse//models/boxes/box_18/meshes/aruco_tag.jpg
[1.671s] -- Symlinking: /home/kannan/E-yantra/E-Yantra/KC_ws/install/eyantra_warehouse/share/eyantra_warehouse//models/boxes/box_18/meshes/box.dae
[1.681s] -- Symlinking: /home/kannan/E-yantra/E-Yantra/KC_ws/install/eyantra_warehouse/share/eyantra_warehouse//models/boxes/box_18/meshes/box__bg.png
[1.690s] -- Symlinking: /home/kannan/E-yantra/E-Yantra/KC_ws/install/eyantra_warehouse/share/eyantra_warehouse//models/boxes/box_18/meshes/cardboard_bg.png
[1.699s] -- Symlinking: /home/kannan/E-yantra/E-Yantra/KC_ws/install/eyantra_warehouse/share/eyantra_warehouse//models/boxes/box_18/model.config
[1.708s] -- Symlinking: /home/kannan/E-yantra/E-Yantra/KC_ws/install/eyantra_warehouse/share/eyantra_warehouse//models/boxes/box_18/model.sdf
[1.717s] -- Symlinking: /home/kannan/E-yantra/E-Yantra/KC_ws/install/eyantra_warehouse/share/eyantra_warehouse//models/boxes/box_19/meshes/aruco_tag.jpg
[1.725s] -- Symlinking: /home/kannan/E-yantra/E-Yantra/KC_ws/install/eyantra_warehouse/share/eyantra_warehouse//models/boxes/box_19/meshes/box.dae
[1.735s] -- Symlinking: /home/kannan/E-yantra/E-Yantra/KC_ws/install/eyantra_warehouse/share/eyantra_warehouse//models/boxes/box_19/meshes/box__bg.png
[1.746s] -- Symlinking: /home/kannan/E-yantra/E-Yantra/KC_ws/install/eyantra_warehouse/share/eyantra_warehouse//models/boxes/box_19/meshes/cardboard_bg.png
[1.756s] -- Symlinking: /home/kannan/E-yantra/E-Yantra/KC_ws/install/eyantra_warehouse/share/eyantra_warehouse//models/boxes/box_19/model.config
[1.766s] -- Symlinking: /home/kannan/E-yantra/E-Yantra/KC_ws/install/eyantra_warehouse/share/eyantra_warehouse//models/boxes/box_19/model.sdf
[1.775s] -- Symlinking: /home/kannan/E-yantra/E-Yantra/KC_ws/install/eyantra_warehouse/share/eyantra_warehouse//models/boxes/box_2/meshes/aruco_tag.jpg
[1.785s] -- Symlinking: /home/kannan/E-yantra/E-Yantra/KC_ws/install/eyantra_warehouse/share/eyantra_warehouse//models/boxes/box_2/meshes/box.dae
[1.794s] -- Symlinking: /home/kannan/E-yantra/E-Yantra/KC_ws/install/eyantra_warehouse/share/eyantra_warehouse//models/boxes/box_2/meshes/box__bg.png
[1.803s] -- Symlinking: /home/kannan/E-yantra/E-Yantra/KC_ws/install/eyantra_warehouse/share/eyantra_warehouse//models/boxes/box_2/meshes/cardboard_bg.png
[1.811s] -- Symlinking: /home/kannan/E-yantra/E-Yantra/KC_ws/install/eyantra_warehouse/share/eyantra_warehouse//models/boxes/box_2/model.config
[1.820s] -- Symlinking: /home/kannan/E-yantra/E-Yantra/KC_ws/install/eyantra_warehouse/share/eyantra_warehouse//models/boxes/box_2/model.sdf
[1.830s] -- Symlinking: /home/kannan/E-yantra/E-Yantra/KC_ws/install/eyantra_warehouse/share/eyantra_warehouse//models/boxes/box_20/meshes/aruco_tag.jpg
[1.839s] -- Symlinking: /home/kannan/E-yantra/E-Yantra/KC_ws/install/eyantra_warehouse/share/eyantra_warehouse//models/boxes/box_20/meshes/box.dae
[1.851s] -- Symlinking: /home/kannan/E-yantra/E-Yantra/KC_ws/install/eyantra_warehouse/share/eyantra_warehouse//models/boxes/box_20/meshes/box__bg.png
[1.859s] -- Symlinking: /home/kannan/E-yantra/E-Yantra/KC_ws/install/eyantra_warehouse/share/eyantra_warehouse//models/boxes/box_20/meshes/cardboard_bg.png
[1.869s] -- Symlinking: /home/kannan/E-yantra/E-Yantra/KC_ws/install/eyantra_warehouse/share/eyantra_warehouse//models/boxes/box_20/model.config
[1.879s] -- Symlinking: /home/kannan/E-yantra/E-Yantra/KC_ws/install/eyantra_warehouse/share/eyantra_warehouse//models/boxes/box_20/model.sdf
[1.889s] -- Symlinking: /home/kannan/E-yantra/E-Yantra/KC_ws/install/eyantra_warehouse/share/eyantra_warehouse//models/boxes/box_21/meshes/aruco_tag.jpg
[1.899s] -- Symlinking: /home/kannan/E-yantra/E-Yantra/KC_ws/install/eyantra_warehouse/share/eyantra_warehouse//models/boxes/box_21/meshes/box.dae
[1.908s] -- Symlinking: /home/kannan/E-yantra/E-Yantra/KC_ws/install/eyantra_warehouse/share/eyantra_warehouse//models/boxes/box_21/meshes/box__bg.png
[1.918s] -- Symlinking: /home/kannan/E-yantra/E-Yantra/KC_ws/install/eyantra_warehouse/share/eyantra_warehouse//models/boxes/box_21/meshes/cardboard_bg.png
[1.927s] -- Symlinking: /home/kannan/E-yantra/E-Yantra/KC_ws/install/eyantra_warehouse/share/eyantra_warehouse//models/boxes/box_21/model.config
[1.937s] -- Symlinking: /home/kannan/E-yantra/E-Yantra/KC_ws/install/eyantra_warehouse/share/eyantra_warehouse//models/boxes/box_21/model.sdf
[1.948s] -- Symlinking: /home/kannan/E-yantra/E-Yantra/KC_ws/install/eyantra_warehouse/share/eyantra_warehouse//models/boxes/box_22/meshes/aruco_tag.jpg
[1.958s] -- Symlinking: /home/kannan/E-yantra/E-Yantra/KC_ws/install/eyantra_warehouse/share/eyantra_warehouse//models/boxes/box_22/meshes/box.dae
[1.967s] -- Symlinking: /home/kannan/E-yantra/E-Yantra/KC_ws/install/eyantra_warehouse/share/eyantra_warehouse//models/boxes/box_22/meshes/box__bg.png
[1.978s] -- Symlinking: /home/kannan/E-yantra/E-Yantra/KC_ws/install/eyantra_warehouse/share/eyantra_warehouse//models/boxes/box_22/meshes/cardboard_bg.png
[1.987s] -- Symlinking: /home/kannan/E-yantra/E-Yantra/KC_ws/install/eyantra_warehouse/share/eyantra_warehouse//models/boxes/box_22/model.config
[1.997s] -- Symlinking: /home/kannan/E-yantra/E-Yantra/KC_ws/install/eyantra_warehouse/share/eyantra_warehouse//models/boxes/box_22/model.sdf
[2.006s] -- Symlinking: /home/kannan/E-yantra/E-Yantra/KC_ws/install/eyantra_warehouse/share/eyantra_warehouse//models/boxes/box_23/meshes/aruco_tag.jpg
[2.016s] -- Symlinking: /home/kannan/E-yantra/E-Yantra/KC_ws/install/eyantra_warehouse/share/eyantra_warehouse//models/boxes/box_23/meshes/box.dae
[2.026s] -- Symlinking: /home/kannan/E-yantra/E-Yantra/KC_ws/install/eyantra_warehouse/share/eyantra_warehouse//models/boxes/box_23/meshes/box__bg.png
[2.036s] -- Symlinking: /home/kannan/E-yantra/E-Yantra/KC_ws/install/eyantra_warehouse/share/eyantra_warehouse//models/boxes/box_23/meshes/cardboard_bg.png
[2.049s] -- Symlinking: /home/kannan/E-yantra/E-Yantra/KC_ws/install/eyantra_warehouse/share/eyantra_warehouse//models/boxes/box_23/model.config
[2.059s] -- Symlinking: /home/kannan/E-yantra/E-Yantra/KC_ws/install/eyantra_warehouse/share/eyantra_warehouse//models/boxes/box_23/model.sdf
[2.067s] -- Symlinking: /home/kannan/E-yantra/E-Yantra/KC_ws/install/eyantra_warehouse/share/eyantra_warehouse//models/boxes/box_24/meshes/aruco_tag.jpg
[2.077s] -- Symlinking: /home/kannan/E-yantra/E-Yantra/KC_ws/install/eyantra_warehouse/share/eyantra_warehouse//models/boxes/box_24/meshes/box.dae
[2.087s] -- Symlinking: /home/kannan/E-yantra/E-Yantra/KC_ws/install/eyantra_warehouse/share/eyantra_warehouse//models/boxes/box_24/meshes/box__bg.png
[2.096s] -- Symlinking: /home/kannan/E-yantra/E-Yantra/KC_ws/install/eyantra_warehouse/share/eyantra_warehouse//models/boxes/box_24/meshes/cardboard_bg.png
[2.105s] -- Symlinking: /home/kannan/E-yantra/E-Yantra/KC_ws/install/eyantra_warehouse/share/eyantra_warehouse//models/boxes/box_24/model.config
[2.116s] -- Symlinking: /home/kannan/E-yantra/E-Yantra/KC_ws/install/eyantra_warehouse/share/eyantra_warehouse//models/boxes/box_24/model.sdf
[2.125s] -- Symlinking: /home/kannan/E-yantra/E-Yantra/KC_ws/install/eyantra_warehouse/share/eyantra_warehouse//models/boxes/box_25/meshes/aruco_tag.jpg
[2.136s] -- Symlinking: /home/kannan/E-yantra/E-Yantra/KC_ws/install/eyantra_warehouse/share/eyantra_warehouse//models/boxes/box_25/meshes/box.dae
[2.147s] -- Symlinking: /home/kannan/E-yantra/E-Yantra/KC_ws/install/eyantra_warehouse/share/eyantra_warehouse//models/boxes/box_25/meshes/box__bg.png
[2.157s] -- Symlinking: /home/kannan/E-yantra/E-Yantra/KC_ws/install/eyantra_warehouse/share/eyantra_warehouse//models/boxes/box_25/meshes/cardboard_bg.png
[2.167s] -- Symlinking: /home/kannan/E-yantra/E-Yantra/KC_ws/install/eyantra_warehouse/share/eyantra_warehouse//models/boxes/box_25/model.config
[2.172s] -- Symlinking: /home/kannan/E-yantra/E-Yantra/KC_ws/install/eyantra_warehouse/share/eyantra_warehouse//models/boxes/box_25/model.sdf
[2.181s] -- Symlinking: /home/kannan/E-yantra/E-Yantra/KC_ws/install/eyantra_warehouse/share/eyantra_warehouse//models/boxes/box_26/meshes/aruco_tag.jpg
[2.187s] -- Symlinking: /home/kannan/E-yantra/E-Yantra/KC_ws/install/eyantra_warehouse/share/eyantra_warehouse//models/boxes/box_26/meshes/box.dae
[2.194s] -- Symlinking: /home/kannan/E-yantra/E-Yantra/KC_ws/install/eyantra_warehouse/share/eyantra_warehouse//models/boxes/box_26/meshes/box__bg.png
[2.204s] -- Symlinking: /home/kannan/E-yantra/E-Yantra/KC_ws/install/eyantra_warehouse/share/eyantra_warehouse//models/boxes/box_26/meshes/cardboard_bg.png
[2.214s] -- Symlinking: /home/kannan/E-yantra/E-Yantra/KC_ws/install/eyantra_warehouse/share/eyantra_warehouse//models/boxes/box_26/model.config
[2.223s] -- Symlinking: /home/kannan/E-yantra/E-Yantra/KC_ws/install/eyantra_warehouse/share/eyantra_warehouse//models/boxes/box_26/model.sdf
[2.232s] -- Symlinking: /home/kannan/E-yantra/E-Yantra/KC_ws/install/eyantra_warehouse/share/eyantra_warehouse//models/boxes/box_27/meshes/aruco_tag.jpg
[2.242s] -- Symlinking: /home/kannan/E-yantra/E-Yantra/KC_ws/install/eyantra_warehouse/share/eyantra_warehouse//models/boxes/box_27/meshes/box.dae
[2.252s] -- Symlinking: /home/kannan/E-yantra/E-Yantra/KC_ws/install/eyantra_warehouse/share/eyantra_warehouse//models/boxes/box_27/meshes/box__bg.png
[2.262s] -- Symlinking: /home/kannan/E-yantra/E-Yantra/KC_ws/install/eyantra_warehouse/share/eyantra_warehouse//models/boxes/box_27/meshes/cardboard_bg.png
[2.272s] -- Symlinking: /home/kannan/E-yantra/E-Yantra/KC_ws/install/eyantra_warehouse/share/eyantra_warehouse//models/boxes/box_27/model.config
[2.281s] -- Symlinking: /home/kannan/E-yantra/E-Yantra/KC_ws/install/eyantra_warehouse/share/eyantra_warehouse//models/boxes/box_27/model.sdf
[2.291s] -- Symlinking: /home/kannan/E-yantra/E-Yantra/KC_ws/install/eyantra_warehouse/share/eyantra_warehouse//models/boxes/box_28/meshes/aruco_tag.jpg
[2.298s] -- Symlinking: /home/kannan/E-yantra/E-Yantra/KC_ws/install/eyantra_warehouse/share/eyantra_warehouse//models/boxes/box_28/meshes/box.dae
[2.304s] -- Symlinking: /home/kannan/E-yantra/E-Yantra/KC_ws/install/eyantra_warehouse/share/eyantra_warehouse//models/boxes/box_28/meshes/box__bg.png
[2.315s] -- Symlinking: /home/kannan/E-yantra/E-Yantra/KC_ws/install/eyantra_warehouse/share/eyantra_warehouse//models/boxes/box_28/meshes/cardboard_bg.png
[2.323s] -- Symlinking: /home/kannan/E-yantra/E-Yantra/KC_ws/install/eyantra_warehouse/share/eyantra_warehouse//models/boxes/box_28/model.config
[2.330s] -- Symlinking: /home/kannan/E-yantra/E-Yantra/KC_ws/install/eyantra_warehouse/share/eyantra_warehouse//models/boxes/box_28/model.sdf
[2.340s] -- Symlinking: /home/kannan/E-yantra/E-Yantra/KC_ws/install/eyantra_warehouse/share/eyantra_warehouse//models/boxes/box_29/meshes/aruco_tag.jpg
[2.346s] -- Symlinking: /home/kannan/E-yantra/E-Yantra/KC_ws/install/eyantra_warehouse/share/eyantra_warehouse//models/boxes/box_29/meshes/box.dae
[2.352s] -- Symlinking: /home/kannan/E-yantra/E-Yantra/KC_ws/install/eyantra_warehouse/share/eyantra_warehouse//models/boxes/box_29/meshes/box__bg.png
[2.358s] -- Symlinking: /home/kannan/E-yantra/E-Yantra/KC_ws/install/eyantra_warehouse/share/eyantra_warehouse//models/boxes/box_29/meshes/cardboard_bg.png
[2.365s] -- Symlinking: /home/kannan/E-yantra/E-Yantra/KC_ws/install/eyantra_warehouse/share/eyantra_warehouse//models/boxes/box_29/model.config
[2.373s] -- Symlinking: /home/kannan/E-yantra/E-Yantra/KC_ws/install/eyantra_warehouse/share/eyantra_warehouse//models/boxes/box_29/model.sdf
[2.382s] -- Symlinking: /home/kannan/E-yantra/E-Yantra/KC_ws/install/eyantra_warehouse/share/eyantra_warehouse//models/boxes/box_3/meshes/aruco_tag.jpg
[2.389s] -- Symlinking: /home/kannan/E-yantra/E-Yantra/KC_ws/install/eyantra_warehouse/share/eyantra_warehouse//models/boxes/box_3/meshes/box.dae
[2.396s] -- Symlinking: /home/kannan/E-yantra/E-Yantra/KC_ws/install/eyantra_warehouse/share/eyantra_warehouse//models/boxes/box_3/meshes/box__bg.png
[2.405s] -- Symlinking: /home/kannan/E-yantra/E-Yantra/KC_ws/install/eyantra_warehouse/share/eyantra_warehouse//models/boxes/box_3/meshes/cardboard_bg.png
[2.415s] -- Symlinking: /home/kannan/E-yantra/E-Yantra/KC_ws/install/eyantra_warehouse/share/eyantra_warehouse//models/boxes/box_3/model.config
[2.425s] -- Symlinking: /home/kannan/E-yantra/E-Yantra/KC_ws/install/eyantra_warehouse/share/eyantra_warehouse//models/boxes/box_3/model.sdf
[2.434s] -- Symlinking: /home/kannan/E-yantra/E-Yantra/KC_ws/install/eyantra_warehouse/share/eyantra_warehouse//models/boxes/box_30/meshes/aruco_tag.jpg
[2.446s] -- Symlinking: /home/kannan/E-yantra/E-Yantra/KC_ws/install/eyantra_warehouse/share/eyantra_warehouse//models/boxes/box_30/meshes/box.dae
[2.455s] -- Symlinking: /home/kannan/E-yantra/E-Yantra/KC_ws/install/eyantra_warehouse/share/eyantra_warehouse//models/boxes/box_30/meshes/box__bg.png
[2.462s] -- Symlinking: /home/kannan/E-yantra/E-Yantra/KC_ws/install/eyantra_warehouse/share/eyantra_warehouse//models/boxes/box_30/meshes/cardboard_bg.png
[2.472s] -- Symlinking: /home/kannan/E-yantra/E-Yantra/KC_ws/install/eyantra_warehouse/share/eyantra_warehouse//models/boxes/box_30/model.config
[2.483s] -- Symlinking: /home/kannan/E-yantra/E-Yantra/KC_ws/install/eyantra_warehouse/share/eyantra_warehouse//models/boxes/box_30/model.sdf
[2.493s] -- Symlinking: /home/kannan/E-yantra/E-Yantra/KC_ws/install/eyantra_warehouse/share/eyantra_warehouse//models/boxes/box_31/meshes/aruco_tag.jpg
[2.503s] -- Symlinking: /home/kannan/E-yantra/E-Yantra/KC_ws/install/eyantra_warehouse/share/eyantra_warehouse//models/boxes/box_31/meshes/box.dae
[2.512s] -- Symlinking: /home/kannan/E-yantra/E-Yantra/KC_ws/install/eyantra_warehouse/share/eyantra_warehouse//models/boxes/box_31/meshes/box__bg.png
[2.521s] -- Symlinking: /home/kannan/E-yantra/E-Yantra/KC_ws/install/eyantra_warehouse/share/eyantra_warehouse//models/boxes/box_31/meshes/cardboard_bg.png
[2.530s] -- Symlinking: /home/kannan/E-yantra/E-Yantra/KC_ws/install/eyantra_warehouse/share/eyantra_warehouse//models/boxes/box_31/model.config
[2.543s] -- Symlinking: /home/kannan/E-yantra/E-Yantra/KC_ws/install/eyantra_warehouse/share/eyantra_warehouse//models/boxes/box_31/model.sdf
[2.553s] -- Symlinking: /home/kannan/E-yantra/E-Yantra/KC_ws/install/eyantra_warehouse/share/eyantra_warehouse//models/boxes/box_32/meshes/aruco_tag.jpg
[2.562s] -- Symlinking: /home/kannan/E-yantra/E-Yantra/KC_ws/install/eyantra_warehouse/share/eyantra_warehouse//models/boxes/box_32/meshes/box.dae
[2.570s] -- Symlinking: /home/kannan/E-yantra/E-Yantra/KC_ws/install/eyantra_warehouse/share/eyantra_warehouse//models/boxes/box_32/meshes/box__bg.png
[2.579s] -- Symlinking: /home/kannan/E-yantra/E-Yantra/KC_ws/install/eyantra_warehouse/share/eyantra_warehouse//models/boxes/box_32/meshes/cardboard_bg.png
[2.589s] -- Symlinking: /home/kannan/E-yantra/E-Yantra/KC_ws/install/eyantra_warehouse/share/eyantra_warehouse//models/boxes/box_32/model.config
[2.599s] -- Symlinking: /home/kannan/E-yantra/E-Yantra/KC_ws/install/eyantra_warehouse/share/eyantra_warehouse//models/boxes/box_32/model.sdf
[2.607s] -- Symlinking: /home/kannan/E-yantra/E-Yantra/KC_ws/install/eyantra_warehouse/share/eyantra_warehouse//models/boxes/box_33/meshes/aruco_tag.jpg
[2.616s] -- Symlinking: /home/kannan/E-yantra/E-Yantra/KC_ws/install/eyantra_warehouse/share/eyantra_warehouse//models/boxes/box_33/meshes/box.dae
[2.626s] -- Symlinking: /home/kannan/E-yantra/E-Yantra/KC_ws/install/eyantra_warehouse/share/eyantra_warehouse//models/boxes/box_33/meshes/box__bg.png
[2.636s] -- Symlinking: /home/kannan/E-yantra/E-Yantra/KC_ws/install/eyantra_warehouse/share/eyantra_warehouse//models/boxes/box_33/meshes/cardboard_bg.png
[2.647s] -- Symlinking: /home/kannan/E-yantra/E-Yantra/KC_ws/install/eyantra_warehouse/share/eyantra_warehouse//models/boxes/box_33/model.config
[2.658s] -- Symlinking: /home/kannan/E-yantra/E-Yantra/KC_ws/install/eyantra_warehouse/share/eyantra_warehouse//models/boxes/box_33/model.sdf
[2.666s] -- Symlinking: /home/kannan/E-yantra/E-Yantra/KC_ws/install/eyantra_warehouse/share/eyantra_warehouse//models/boxes/box_34/meshes/aruco_tag.jpg
[2.674s] -- Symlinking: /home/kannan/E-yantra/E-Yantra/KC_ws/install/eyantra_warehouse/share/eyantra_warehouse//models/boxes/box_34/meshes/box.dae
[2.684s] -- Symlinking: /home/kannan/E-yantra/E-Yantra/KC_ws/install/eyantra_warehouse/share/eyantra_warehouse//models/boxes/box_34/meshes/box__bg.png
[2.693s] -- Symlinking: /home/kannan/E-yantra/E-Yantra/KC_ws/install/eyantra_warehouse/share/eyantra_warehouse//models/boxes/box_34/meshes/cardboard_bg.png
[2.702s] -- Symlinking: /home/kannan/E-yantra/E-Yantra/KC_ws/install/eyantra_warehouse/share/eyantra_warehouse//models/boxes/box_34/model.config
[2.711s] -- Symlinking: /home/kannan/E-yantra/E-Yantra/KC_ws/install/eyantra_warehouse/share/eyantra_warehouse//models/boxes/box_34/model.sdf
[2.722s] -- Symlinking: /home/kannan/E-yantra/E-Yantra/KC_ws/install/eyantra_warehouse/share/eyantra_warehouse//models/boxes/box_35/meshes/aruco_tag.jpg
[2.731s] -- Symlinking: /home/kannan/E-yantra/E-Yantra/KC_ws/install/eyantra_warehouse/share/eyantra_warehouse//models/boxes/box_35/meshes/box.dae
[2.742s] -- Symlinking: /home/kannan/E-yantra/E-Yantra/KC_ws/install/eyantra_warehouse/share/eyantra_warehouse//models/boxes/box_35/meshes/box__bg.png
[2.750s] -- Symlinking: /home/kannan/E-yantra/E-Yantra/KC_ws/install/eyantra_warehouse/share/eyantra_warehouse//models/boxes/box_35/meshes/cardboard_bg.png
[2.759s] -- Symlinking: /home/kannan/E-yantra/E-Yantra/KC_ws/install/eyantra_warehouse/share/eyantra_warehouse//models/boxes/box_35/model.config
[2.769s] -- Symlinking: /home/kannan/E-yantra/E-Yantra/KC_ws/install/eyantra_warehouse/share/eyantra_warehouse//models/boxes/box_35/model.sdf
[2.779s] -- Symlinking: /home/kannan/E-yantra/E-Yantra/KC_ws/install/eyantra_warehouse/share/eyantra_warehouse//models/boxes/box_36/meshes/aruco_tag.jpg
[2.787s] -- Symlinking: /home/kannan/E-yantra/E-Yantra/KC_ws/install/eyantra_warehouse/share/eyantra_warehouse//models/boxes/box_36/meshes/box.dae
[2.796s] -- Symlinking: /home/kannan/E-yantra/E-Yantra/KC_ws/install/eyantra_warehouse/share/eyantra_warehouse//models/boxes/box_36/meshes/box__bg.png
[2.806s] -- Symlinking: /home/kannan/E-yantra/E-Yantra/KC_ws/install/eyantra_warehouse/share/eyantra_warehouse//models/boxes/box_36/meshes/cardboard_bg.png
[2.816s] -- Symlinking: /home/kannan/E-yantra/E-Yantra/KC_ws/install/eyantra_warehouse/share/eyantra_warehouse//models/boxes/box_36/model.config
[2.824s] -- Symlinking: /home/kannan/E-yantra/E-Yantra/KC_ws/install/eyantra_warehouse/share/eyantra_warehouse//models/boxes/box_36/model.sdf
[2.834s] -- Symlinking: /home/kannan/E-yantra/E-Yantra/KC_ws/install/eyantra_warehouse/share/eyantra_warehouse//models/boxes/box_37/meshes/aruco_tag.jpg
[2.845s] -- Symlinking: /home/kannan/E-yantra/E-Yantra/KC_ws/install/eyantra_warehouse/share/eyantra_warehouse//models/boxes/box_37/meshes/box.dae
[2.855s] -- Symlinking: /home/kannan/E-yantra/E-Yantra/KC_ws/install/eyantra_warehouse/share/eyantra_warehouse//models/boxes/box_37/meshes/box__bg.png
[2.864s] -- Symlinking: /home/kannan/E-yantra/E-Yantra/KC_ws/install/eyantra_warehouse/share/eyantra_warehouse//models/boxes/box_37/meshes/cardboard_bg.png
[2.875s] -- Symlinking: /home/kannan/E-yantra/E-Yantra/KC_ws/install/eyantra_warehouse/share/eyantra_warehouse//models/boxes/box_37/model.config
[2.883s] -- Symlinking: /home/kannan/E-yantra/E-Yantra/KC_ws/install/eyantra_warehouse/share/eyantra_warehouse//models/boxes/box_37/model.sdf
[2.891s] -- Symlinking: /home/kannan/E-yantra/E-Yantra/KC_ws/install/eyantra_warehouse/share/eyantra_warehouse//models/boxes/box_38/meshes/aruco_tag.jpg
[2.901s] -- Symlinking: /home/kannan/E-yantra/E-Yantra/KC_ws/install/eyantra_warehouse/share/eyantra_warehouse//models/boxes/box_38/meshes/box.dae
[2.910s] -- Symlinking: /home/kannan/E-yantra/E-Yantra/KC_ws/install/eyantra_warehouse/share/eyantra_warehouse//models/boxes/box_38/meshes/box__bg.png
[2.920s] -- Symlinking: /home/kannan/E-yantra/E-Yantra/KC_ws/install/eyantra_warehouse/share/eyantra_warehouse//models/boxes/box_38/meshes/cardboard_bg.png
[2.929s] -- Symlinking: /home/kannan/E-yantra/E-Yantra/KC_ws/install/eyantra_warehouse/share/eyantra_warehouse//models/boxes/box_38/model.config
[2.938s] -- Symlinking: /home/kannan/E-yantra/E-Yantra/KC_ws/install/eyantra_warehouse/share/eyantra_warehouse//models/boxes/box_38/model.sdf
[2.944s] -- Symlinking: /home/kannan/E-yantra/E-Yantra/KC_ws/install/eyantra_warehouse/share/eyantra_warehouse//models/boxes/box_39/meshes/aruco_tag.jpg
[2.952s] -- Symlinking: /home/kannan/E-yantra/E-Yantra/KC_ws/install/eyantra_warehouse/share/eyantra_warehouse//models/boxes/box_39/meshes/box.dae
[2.962s] -- Symlinking: /home/kannan/E-yantra/E-Yantra/KC_ws/install/eyantra_warehouse/share/eyantra_warehouse//models/boxes/box_39/meshes/box__bg.png
[2.972s] -- Symlinking: /home/kannan/E-yantra/E-Yantra/KC_ws/install/eyantra_warehouse/share/eyantra_warehouse//models/boxes/box_39/meshes/cardboard_bg.png
[2.981s] -- Symlinking: /home/kannan/E-yantra/E-Yantra/KC_ws/install/eyantra_warehouse/share/eyantra_warehouse//models/boxes/box_39/model.config
[2.991s] -- Symlinking: /home/kannan/E-yantra/E-Yantra/KC_ws/install/eyantra_warehouse/share/eyantra_warehouse//models/boxes/box_39/model.sdf
[3.001s] -- Symlinking: /home/kannan/E-yantra/E-Yantra/KC_ws/install/eyantra_warehouse/share/eyantra_warehouse//models/boxes/box_4/meshes/aruco_tag.jpg
[3.010s] -- Symlinking: /home/kannan/E-yantra/E-Yantra/KC_ws/install/eyantra_warehouse/share/eyantra_warehouse//models/boxes/box_4/meshes/box.dae
[3.019s] -- Symlinking: /home/kannan/E-yantra/E-Yantra/KC_ws/install/eyantra_warehouse/share/eyantra_warehouse//models/boxes/box_4/meshes/box__bg.png
[3.028s] -- Symlinking: /home/kannan/E-yantra/E-Yantra/KC_ws/install/eyantra_warehouse/share/eyantra_warehouse//models/boxes/box_4/meshes/cardboard_bg.png
[3.037s] -- Symlinking: /home/kannan/E-yantra/E-Yantra/KC_ws/install/eyantra_warehouse/share/eyantra_warehouse//models/boxes/box_4/model.config
[3.049s] -- Symlinking: /home/kannan/E-yantra/E-Yantra/KC_ws/install/eyantra_warehouse/share/eyantra_warehouse//models/boxes/box_4/model.sdf
[3.060s] -- Symlinking: /home/kannan/E-yantra/E-Yantra/KC_ws/install/eyantra_warehouse/share/eyantra_warehouse//models/boxes/box_40/meshes/aruco_tag.jpg
[3.069s] -- Symlinking: /home/kannan/E-yantra/E-Yantra/KC_ws/install/eyantra_warehouse/share/eyantra_warehouse//models/boxes/box_40/meshes/box.dae
[3.078s] -- Symlinking: /home/kannan/E-yantra/E-Yantra/KC_ws/install/eyantra_warehouse/share/eyantra_warehouse//models/boxes/box_40/meshes/box__bg.png
[3.088s] -- Symlinking: /home/kannan/E-yantra/E-Yantra/KC_ws/install/eyantra_warehouse/share/eyantra_warehouse//models/boxes/box_40/meshes/cardboard_bg.png
[3.097s] -- Symlinking: /home/kannan/E-yantra/E-Yantra/KC_ws/install/eyantra_warehouse/share/eyantra_warehouse//models/boxes/box_40/model.config
[3.107s] -- Symlinking: /home/kannan/E-yantra/E-Yantra/KC_ws/install/eyantra_warehouse/share/eyantra_warehouse//models/boxes/box_40/model.sdf
[3.115s] -- Symlinking: /home/kannan/E-yantra/E-Yantra/KC_ws/install/eyantra_warehouse/share/eyantra_warehouse//models/boxes/box_41/meshes/aruco_tag.jpg
[3.125s] -- Symlinking: /home/kannan/E-yantra/E-Yantra/KC_ws/install/eyantra_warehouse/share/eyantra_warehouse//models/boxes/box_41/meshes/box.dae
[3.135s] -- Symlinking: /home/kannan/E-yantra/E-Yantra/KC_ws/install/eyantra_warehouse/share/eyantra_warehouse//models/boxes/box_41/meshes/box__bg.png
[3.145s] -- Symlinking: /home/kannan/E-yantra/E-Yantra/KC_ws/install/eyantra_warehouse/share/eyantra_warehouse//models/boxes/box_41/meshes/cardboard_bg.png
[3.154s] -- Symlinking: /home/kannan/E-yantra/E-Yantra/KC_ws/install/eyantra_warehouse/share/eyantra_warehouse//models/boxes/box_41/model.config
[3.164s] -- Symlinking: /home/kannan/E-yantra/E-Yantra/KC_ws/install/eyantra_warehouse/share/eyantra_warehouse//models/boxes/box_41/model.sdf
[3.173s] -- Symlinking: /home/kannan/E-yantra/E-Yantra/KC_ws/install/eyantra_warehouse/share/eyantra_warehouse//models/boxes/box_42/meshes/aruco_tag.jpg
[3.182s] -- Symlinking: /home/kannan/E-yantra/E-Yantra/KC_ws/install/eyantra_warehouse/share/eyantra_warehouse//models/boxes/box_42/meshes/box.dae
[3.191s] -- Symlinking: /home/kannan/E-yantra/E-Yantra/KC_ws/install/eyantra_warehouse/share/eyantra_warehouse//models/boxes/box_42/meshes/box__bg.png
[3.200s] -- Symlinking: /home/kannan/E-yantra/E-Yantra/KC_ws/install/eyantra_warehouse/share/eyantra_warehouse//models/boxes/box_42/meshes/cardboard_bg.png
[3.209s] -- Symlinking: /home/kannan/E-yantra/E-Yantra/KC_ws/install/eyantra_warehouse/share/eyantra_warehouse//models/boxes/box_42/model.config
[3.219s] -- Symlinking: /home/kannan/E-yantra/E-Yantra/KC_ws/install/eyantra_warehouse/share/eyantra_warehouse//models/boxes/box_42/model.sdf
[3.228s] -- Symlinking: /home/kannan/E-yantra/E-Yantra/KC_ws/install/eyantra_warehouse/share/eyantra_warehouse//models/boxes/box_43/meshes/aruco_tag.jpg
[3.238s] -- Symlinking: /home/kannan/E-yantra/E-Yantra/KC_ws/install/eyantra_warehouse/share/eyantra_warehouse//models/boxes/box_43/meshes/box.dae
[3.248s] -- Symlinking: /home/kannan/E-yantra/E-Yantra/KC_ws/install/eyantra_warehouse/share/eyantra_warehouse//models/boxes/box_43/meshes/box__bg.png
[3.258s] -- Symlinking: /home/kannan/E-yantra/E-Yantra/KC_ws/install/eyantra_warehouse/share/eyantra_warehouse//models/boxes/box_43/meshes/cardboard_bg.png
[3.265s] -- Symlinking: /home/kannan/E-yantra/E-Yantra/KC_ws/install/eyantra_warehouse/share/eyantra_warehouse//models/boxes/box_43/model.config
[3.271s] -- Symlinking: /home/kannan/E-yantra/E-Yantra/KC_ws/install/eyantra_warehouse/share/eyantra_warehouse//models/boxes/box_43/model.sdf
[3.278s] -- Symlinking: /home/kannan/E-yantra/E-Yantra/KC_ws/install/eyantra_warehouse/share/eyantra_warehouse//models/boxes/box_44/meshes/aruco_tag.jpg
[3.285s] -- Symlinking: /home/kannan/E-yantra/E-Yantra/KC_ws/install/eyantra_warehouse/share/eyantra_warehouse//models/boxes/box_44/meshes/box.dae
[3.293s] -- Symlinking: /home/kannan/E-yantra/E-Yantra/KC_ws/install/eyantra_warehouse/share/eyantra_warehouse//models/boxes/box_44/meshes/box__bg.png
[3.303s] -- Symlinking: /home/kannan/E-yantra/E-Yantra/KC_ws/install/eyantra_warehouse/share/eyantra_warehouse//models/boxes/box_44/meshes/cardboard_bg.png
[3.311s] -- Symlinking: /home/kannan/E-yantra/E-Yantra/KC_ws/install/eyantra_warehouse/share/eyantra_warehouse//models/boxes/box_44/model.config
[3.320s] -- Symlinking: /home/kannan/E-yantra/E-Yantra/KC_ws/install/eyantra_warehouse/share/eyantra_warehouse//models/boxes/box_44/model.sdf
[3.329s] -- Symlinking: /home/kannan/E-yantra/E-Yantra/KC_ws/install/eyantra_warehouse/share/eyantra_warehouse//models/boxes/box_45/meshes/aruco_tag.jpg
[3.340s] -- Symlinking: /home/kannan/E-yantra/E-Yantra/KC_ws/install/eyantra_warehouse/share/eyantra_warehouse//models/boxes/box_45/meshes/box.dae
[3.346s] -- Symlinking: /home/kannan/E-yantra/E-Yantra/KC_ws/install/eyantra_warehouse/share/eyantra_warehouse//models/boxes/box_45/meshes/box__bg.png
[3.354s] -- Symlinking: /home/kannan/E-yantra/E-Yantra/KC_ws/install/eyantra_warehouse/share/eyantra_warehouse//models/boxes/box_45/meshes/cardboard_bg.png
[3.361s] -- Symlinking: /home/kannan/E-yantra/E-Yantra/KC_ws/install/eyantra_warehouse/share/eyantra_warehouse//models/boxes/box_45/model.config
[3.370s] -- Symlinking: /home/kannan/E-yantra/E-Yantra/KC_ws/install/eyantra_warehouse/share/eyantra_warehouse//models/boxes/box_45/model.sdf
[3.380s] -- Symlinking: /home/kannan/E-yantra/E-Yantra/KC_ws/install/eyantra_warehouse/share/eyantra_warehouse//models/boxes/box_46/meshes/aruco_tag.jpg
[3.388s] -- Symlinking: /home/kannan/E-yantra/E-Yantra/KC_ws/install/eyantra_warehouse/share/eyantra_warehouse//models/boxes/box_46/meshes/box.dae
[3.399s] -- Symlinking: /home/kannan/E-yantra/E-Yantra/KC_ws/install/eyantra_warehouse/share/eyantra_warehouse//models/boxes/box_46/meshes/box__bg.png
[3.407s] -- Symlinking: /home/kannan/E-yantra/E-Yantra/KC_ws/install/eyantra_warehouse/share/eyantra_warehouse//models/boxes/box_46/meshes/cardboard_bg.png
[3.416s] -- Symlinking: /home/kannan/E-yantra/E-Yantra/KC_ws/install/eyantra_warehouse/share/eyantra_warehouse//models/boxes/box_46/model.config
[3.426s] -- Symlinking: /home/kannan/E-yantra/E-Yantra/KC_ws/install/eyantra_warehouse/share/eyantra_warehouse//models/boxes/box_46/model.sdf
[3.435s] -- Symlinking: /home/kannan/E-yantra/E-Yantra/KC_ws/install/eyantra_warehouse/share/eyantra_warehouse//models/boxes/box_47/meshes/aruco_tag.jpg
[3.446s] -- Symlinking: /home/kannan/E-yantra/E-Yantra/KC_ws/install/eyantra_warehouse/share/eyantra_warehouse//models/boxes/box_47/meshes/box.dae
[3.455s] -- Symlinking: /home/kannan/E-yantra/E-Yantra/KC_ws/install/eyantra_warehouse/share/eyantra_warehouse//models/boxes/box_47/meshes/box__bg.png
[3.465s] -- Symlinking: /home/kannan/E-yantra/E-Yantra/KC_ws/install/eyantra_warehouse/share/eyantra_warehouse//models/boxes/box_47/meshes/cardboard_bg.png
[3.475s] -- Symlinking: /home/kannan/E-yantra/E-Yantra/KC_ws/install/eyantra_warehouse/share/eyantra_warehouse//models/boxes/box_47/model.config
[3.485s] -- Symlinking: /home/kannan/E-yantra/E-Yantra/KC_ws/install/eyantra_warehouse/share/eyantra_warehouse//models/boxes/box_47/model.sdf
[3.494s] -- Symlinking: /home/kannan/E-yantra/E-Yantra/KC_ws/install/eyantra_warehouse/share/eyantra_warehouse//models/boxes/box_48/meshes/aruco_tag.jpg
[3.503s] -- Symlinking: /home/kannan/E-yantra/E-Yantra/KC_ws/install/eyantra_warehouse/share/eyantra_warehouse//models/boxes/box_48/meshes/box.dae
[3.513s] -- Symlinking: /home/kannan/E-yantra/E-Yantra/KC_ws/install/eyantra_warehouse/share/eyantra_warehouse//models/boxes/box_48/meshes/box__bg.png
[3.523s] -- Symlinking: /home/kannan/E-yantra/E-Yantra/KC_ws/install/eyantra_warehouse/share/eyantra_warehouse//models/boxes/box_48/meshes/cardboard_bg.png
[3.532s] -- Symlinking: /home/kannan/E-yantra/E-Yantra/KC_ws/install/eyantra_warehouse/share/eyantra_warehouse//models/boxes/box_48/model.config
[3.542s] -- Symlinking: /home/kannan/E-yantra/E-Yantra/KC_ws/install/eyantra_warehouse/share/eyantra_warehouse//models/boxes/box_48/model.sdf
[3.551s] -- Symlinking: /home/kannan/E-yantra/E-Yantra/KC_ws/install/eyantra_warehouse/share/eyantra_warehouse//models/boxes/box_49/meshes/aruco_tag.jpg
[3.561s] -- Symlinking: /home/kannan/E-yantra/E-Yantra/KC_ws/install/eyantra_warehouse/share/eyantra_warehouse//models/boxes/box_49/meshes/box.dae
[3.570s] -- Symlinking: /home/kannan/E-yantra/E-Yantra/KC_ws/install/eyantra_warehouse/share/eyantra_warehouse//models/boxes/box_49/meshes/box__bg.png
[3.580s] -- Symlinking: /home/kannan/E-yantra/E-Yantra/KC_ws/install/eyantra_warehouse/share/eyantra_warehouse//models/boxes/box_49/meshes/cardboard_bg.png
[3.590s] -- Symlinking: /home/kannan/E-yantra/E-Yantra/KC_ws/install/eyantra_warehouse/share/eyantra_warehouse//models/boxes/box_49/model.config
[3.600s] -- Symlinking: /home/kannan/E-yantra/E-Yantra/KC_ws/install/eyantra_warehouse/share/eyantra_warehouse//models/boxes/box_49/model.sdf
[3.609s] -- Symlinking: /home/kannan/E-yantra/E-Yantra/KC_ws/install/eyantra_warehouse/share/eyantra_warehouse//models/boxes/box_5/meshes/aruco_tag.jpg
[3.621s] -- Symlinking: /home/kannan/E-yantra/E-Yantra/KC_ws/install/eyantra_warehouse/share/eyantra_warehouse//models/boxes/box_5/meshes/box.dae
[3.629s] -- Symlinking: /home/kannan/E-yantra/E-Yantra/KC_ws/install/eyantra_warehouse/share/eyantra_warehouse//models/boxes/box_5/meshes/box__bg.png
[3.640s] -- Symlinking: /home/kannan/E-yantra/E-Yantra/KC_ws/install/eyantra_warehouse/share/eyantra_warehouse//models/boxes/box_5/meshes/cardboard_bg.png
[3.651s] -- Symlinking: /home/kannan/E-yantra/E-Yantra/KC_ws/install/eyantra_warehouse/share/eyantra_warehouse//models/boxes/box_5/model.config
[3.662s] -- Symlinking: /home/kannan/E-yantra/E-Yantra/KC_ws/install/eyantra_warehouse/share/eyantra_warehouse//models/boxes/box_5/model.sdf
[3.673s] -- Symlinking: /home/kannan/E-yantra/E-Yantra/KC_ws/install/eyantra_warehouse/share/eyantra_warehouse//models/boxes/box_50/meshes/aruco_tag.jpg
[3.683s] -- Symlinking: /home/kannan/E-yantra/E-Yantra/KC_ws/install/eyantra_warehouse/share/eyantra_warehouse//models/boxes/box_50/meshes/box.dae
[3.693s] -- Symlinking: /home/kannan/E-yantra/E-Yantra/KC_ws/install/eyantra_warehouse/share/eyantra_warehouse//models/boxes/box_50/meshes/box__bg.png
[3.703s] -- Symlinking: /home/kannan/E-yantra/E-Yantra/KC_ws/install/eyantra_warehouse/share/eyantra_warehouse//models/boxes/box_50/meshes/cardboard_bg.png
[3.713s] -- Symlinking: /home/kannan/E-yantra/E-Yantra/KC_ws/install/eyantra_warehouse/share/eyantra_warehouse//models/boxes/box_50/model.config
[3.722s] -- Symlinking: /home/kannan/E-yantra/E-Yantra/KC_ws/install/eyantra_warehouse/share/eyantra_warehouse//models/boxes/box_50/model.sdf
[3.733s] -- Symlinking: /home/kannan/E-yantra/E-Yantra/KC_ws/install/eyantra_warehouse/share/eyantra_warehouse//models/boxes/box_6/meshes/aruco_tag.jpg
[3.744s] -- Symlinking: /home/kannan/E-yantra/E-Yantra/KC_ws/install/eyantra_warehouse/share/eyantra_warehouse//models/boxes/box_6/meshes/box.dae
[3.752s] -- Symlinking: /home/kannan/E-yantra/E-Yantra/KC_ws/install/eyantra_warehouse/share/eyantra_warehouse//models/boxes/box_6/meshes/box__bg.png
[3.760s] -- Symlinking: /home/kannan/E-yantra/E-Yantra/KC_ws/install/eyantra_warehouse/share/eyantra_warehouse//models/boxes/box_6/meshes/cardboard_bg.png
[3.770s] -- Symlinking: /home/kannan/E-yantra/E-Yantra/KC_ws/install/eyantra_warehouse/share/eyantra_warehouse//models/boxes/box_6/model.config
[3.780s] -- Symlinking: /home/kannan/E-yantra/E-Yantra/KC_ws/install/eyantra_warehouse/share/eyantra_warehouse//models/boxes/box_6/model.sdf
[3.791s] -- Symlinking: /home/kannan/E-yantra/E-Yantra/KC_ws/install/eyantra_warehouse/share/eyantra_warehouse//models/boxes/box_7/meshes/aruco_tag.jpg
[3.801s] -- Symlinking: /home/kannan/E-yantra/E-Yantra/KC_ws/install/eyantra_warehouse/share/eyantra_warehouse//models/boxes/box_7/meshes/box.dae
[3.811s] -- Symlinking: /home/kannan/E-yantra/E-Yantra/KC_ws/install/eyantra_warehouse/share/eyantra_warehouse//models/boxes/box_7/meshes/box__bg.png
[3.820s] -- Symlinking: /home/kannan/E-yantra/E-Yantra/KC_ws/install/eyantra_warehouse/share/eyantra_warehouse//models/boxes/box_7/meshes/cardboard_bg.png
[3.830s] -- Symlinking: /home/kannan/E-yantra/E-Yantra/KC_ws/install/eyantra_warehouse/share/eyantra_warehouse//models/boxes/box_7/model.config
[3.840s] -- Symlinking: /home/kannan/E-yantra/E-Yantra/KC_ws/install/eyantra_warehouse/share/eyantra_warehouse//models/boxes/box_7/model.sdf
[3.851s] -- Symlinking: /home/kannan/E-yantra/E-Yantra/KC_ws/install/eyantra_warehouse/share/eyantra_warehouse//models/boxes/box_8/meshes/aruco_tag.jpg
[3.861s] -- Symlinking: /home/kannan/E-yantra/E-Yantra/KC_ws/install/eyantra_warehouse/share/eyantra_warehouse//models/boxes/box_8/meshes/box.dae
[3.872s] -- Symlinking: /home/kannan/E-yantra/E-Yantra/KC_ws/install/eyantra_warehouse/share/eyantra_warehouse//models/boxes/box_8/meshes/box__bg.png
[3.882s] -- Symlinking: /home/kannan/E-yantra/E-Yantra/KC_ws/install/eyantra_warehouse/share/eyantra_warehouse//models/boxes/box_8/meshes/cardboard_bg.png
[3.892s] -- Symlinking: /home/kannan/E-yantra/E-Yantra/KC_ws/install/eyantra_warehouse/share/eyantra_warehouse//models/boxes/box_8/model.config
[3.902s] -- Symlinking: /home/kannan/E-yantra/E-Yantra/KC_ws/install/eyantra_warehouse/share/eyantra_warehouse//models/boxes/box_8/model.sdf
[3.936s] -- Symlinking: /home/kannan/E-yantra/E-Yantra/KC_ws/install/eyantra_warehouse/share/eyantra_warehouse//models/boxes/box_9/meshes/aruco_tag.jpg
[3.948s] -- Symlinking: /home/kannan/E-yantra/E-Yantra/KC_ws/install/eyantra_warehouse/share/eyantra_warehouse//models/boxes/box_9/meshes/box.dae
[3.959s] -- Symlinking: /home/kannan/E-yantra/E-Yantra/KC_ws/install/eyantra_warehouse/share/eyantra_warehouse//models/boxes/box_9/meshes/box__bg.png
[3.968s] -- Symlinking: /home/kannan/E-yantra/E-Yantra/KC_ws/install/eyantra_warehouse/share/eyantra_warehouse//models/boxes/box_9/meshes/cardboard_bg.png
[3.976s] -- Symlinking: /home/kannan/E-yantra/E-Yantra/KC_ws/install/eyantra_warehouse/share/eyantra_warehouse//models/boxes/box_9/model.config
[3.987s] -- Symlinking: /home/kannan/E-yantra/E-Yantra/KC_ws/install/eyantra_warehouse/share/eyantra_warehouse//models/boxes/box_9/model.sdf
[3.998s] -- Symlinking: /home/kannan/E-yantra/E-Yantra/KC_ws/install/eyantra_warehouse/share/eyantra_warehouse//models/conveyor_belt/meshes/conveyor_belt.dae
[4.006s] -- Symlinking: /home/kannan/E-yantra/E-Yantra/KC_ws/install/eyantra_warehouse/share/eyantra_warehouse//models/conveyor_belt/meshes/conveyor_belt.stl
[4.015s] -- Symlinking: /home/kannan/E-yantra/E-Yantra/KC_ws/install/eyantra_warehouse/share/eyantra_warehouse//models/conveyor_belt/model.config
[4.025s] -- Symlinking: /home/kannan/E-yantra/E-Yantra/KC_ws/install/eyantra_warehouse/share/eyantra_warehouse//models/conveyor_belt/model.sdf
[4.035s] -- Symlinking: /home/kannan/E-yantra/E-Yantra/KC_ws/install/eyantra_warehouse/share/eyantra_warehouse//models/dock_shape/meshes/dock_shape.dae
[4.046s] -- Symlinking: /home/kannan/E-yantra/E-Yantra/KC_ws/install/eyantra_warehouse/share/eyantra_warehouse//models/dock_shape/meshes/dock_shape.mtl
[4.057s] -- Symlinking: /home/kannan/E-yantra/E-Yantra/KC_ws/install/eyantra_warehouse/share/eyantra_warehouse//models/dock_shape/meshes/dock_shape.obj
[4.067s] -- Symlinking: /home/kannan/E-yantra/E-Yantra/KC_ws/install/eyantra_warehouse/share/eyantra_warehouse//models/dock_shape/model.config
[4.078s] -- Symlinking: /home/kannan/E-yantra/E-Yantra/KC_ws/install/eyantra_warehouse/share/eyantra_warehouse//models/dock_shape/model.sdf
[4.089s] -- Symlinking: /home/kannan/E-yantra/E-Yantra/KC_ws/install/eyantra_warehouse/share/eyantra_warehouse//models/drop_conveyor_belt/meshes/conveyor_belt.dae
[4.099s] -- Symlinking: /home/kannan/E-yantra/E-Yantra/KC_ws/install/eyantra_warehouse/share/eyantra_warehouse//models/drop_conveyor_belt/meshes/conveyor_belt.stl
[4.109s] -- Symlinking: /home/kannan/E-yantra/E-Yantra/KC_ws/install/eyantra_warehouse/share/eyantra_warehouse//models/drop_conveyor_belt/model.config
[4.119s] -- Symlinking: /home/kannan/E-yantra/E-Yantra/KC_ws/install/eyantra_warehouse/share/eyantra_warehouse//models/drop_conveyor_belt/model.sdf
[4.129s] -- Symlinking: /home/kannan/E-yantra/E-Yantra/KC_ws/install/eyantra_warehouse/share/eyantra_warehouse//models/drop_table/meshes/eyantra_logo~red_280x55.png
[4.142s] -- Symlinking: /home/kannan/E-yantra/E-Yantra/KC_ws/install/eyantra_warehouse/share/eyantra_warehouse//models/drop_table/meshes/eyantra_logo~red_280x55.png.001.png
[4.152s] -- Symlinking: /home/kannan/E-yantra/E-Yantra/KC_ws/install/eyantra_warehouse/share/eyantra_warehouse//models/drop_table/meshes/table.dae
[4.163s] -- Symlinking: /home/kannan/E-yantra/E-Yantra/KC_ws/install/eyantra_warehouse/share/eyantra_warehouse//models/drop_table/model.config
[4.172s] -- Symlinking: /home/kannan/E-yantra/E-Yantra/KC_ws/install/eyantra_warehouse/share/eyantra_warehouse//models/drop_table/model.sdf
[4.181s] -- Symlinking: /home/kannan/E-yantra/E-Yantra/KC_ws/install/eyantra_warehouse/share/eyantra_warehouse//models/ground_plane/model.config
[4.192s] -- Symlinking: /home/kannan/E-yantra/E-Yantra/KC_ws/install/eyantra_warehouse/share/eyantra_warehouse//models/ground_plane/model.sdf
[4.201s] -- Symlinking: /home/kannan/E-yantra/E-Yantra/KC_ws/install/eyantra_warehouse/share/eyantra_warehouse//models/pick_table/meshes/eyantra_logo~red_280x55.png
[4.211s] -- Symlinking: /home/kannan/E-yantra/E-Yantra/KC_ws/install/eyantra_warehouse/share/eyantra_warehouse//models/pick_table/meshes/eyantra_logo~red_280x55.png.001.png
[4.221s] -- Symlinking: /home/kannan/E-yantra/E-Yantra/KC_ws/install/eyantra_warehouse/share/eyantra_warehouse//models/pick_table/meshes/table.dae
[4.232s] -- Symlinking: /home/kannan/E-yantra/E-Yantra/KC_ws/install/eyantra_warehouse/share/eyantra_warehouse//models/pick_table/model.config
[4.242s] -- Symlinking: /home/kannan/E-yantra/E-Yantra/KC_ws/install/eyantra_warehouse/share/eyantra_warehouse//models/pick_table/model.sdf
[4.252s] -- Symlinking: /home/kannan/E-yantra/E-Yantra/KC_ws/install/eyantra_warehouse/share/eyantra_warehouse//models/plant/meshes/KB_plant.dae
[4.260s] -- Symlinking: /home/kannan/E-yantra/E-Yantra/KC_ws/install/eyantra_warehouse/share/eyantra_warehouse//models/plant/meshes/leaf.jpg
[4.271s] -- Symlinking: /home/kannan/E-yantra/E-Yantra/KC_ws/install/eyantra_warehouse/share/eyantra_warehouse//models/plant/model.config
[4.280s] -- Symlinking: /home/kannan/E-yantra/E-Yantra/KC_ws/install/eyantra_warehouse/share/eyantra_warehouse//models/plant/model.sdf
[4.290s] -- Symlinking: /home/kannan/E-yantra/E-Yantra/KC_ws/install/eyantra_warehouse/share/eyantra_warehouse//models/plant_all_bell_peppers/meshes/KB_plant.dae
[4.301s] -- Symlinking: /home/kannan/E-yantra/E-Yantra/KC_ws/install/eyantra_warehouse/share/eyantra_warehouse//models/plant_all_bell_peppers/meshes/leaf.jpg
[4.310s] -- Symlinking: /home/kannan/E-yantra/E-Yantra/KC_ws/install/eyantra_warehouse/share/eyantra_warehouse//models/plant_all_bell_peppers/model.config
[4.320s] -- Symlinking: /home/kannan/E-yantra/E-Yantra/KC_ws/install/eyantra_warehouse/share/eyantra_warehouse//models/plant_all_bell_peppers/model.sdf
[4.330s] -- Symlinking: /home/kannan/E-yantra/E-Yantra/KC_ws/install/eyantra_warehouse/share/eyantra_warehouse//models/plant_bell_pepper_brown/meshes/KB_plant.dae
[4.343s] -- Symlinking: /home/kannan/E-yantra/E-Yantra/KC_ws/install/eyantra_warehouse/share/eyantra_warehouse//models/plant_bell_pepper_brown/meshes/leaf.jpg
[4.354s] -- Symlinking: /home/kannan/E-yantra/E-Yantra/KC_ws/install/eyantra_warehouse/share/eyantra_warehouse//models/plant_bell_pepper_brown/model.config
[4.365s] -- Symlinking: /home/kannan/E-yantra/E-Yantra/KC_ws/install/eyantra_warehouse/share/eyantra_warehouse//models/plant_bell_pepper_brown/model.sdf
[4.376s] -- Symlinking: /home/kannan/E-yantra/E-Yantra/KC_ws/install/eyantra_warehouse/share/eyantra_warehouse//models/plant_bell_pepper_red/meshes/KB_plant.dae
[4.386s] -- Symlinking: /home/kannan/E-yantra/E-Yantra/KC_ws/install/eyantra_warehouse/share/eyantra_warehouse//models/plant_bell_pepper_red/meshes/leaf.jpg
[4.396s] -- Symlinking: /home/kannan/E-yantra/E-Yantra/KC_ws/install/eyantra_warehouse/share/eyantra_warehouse//models/plant_bell_pepper_red/model.config
[4.404s] -- Symlinking: /home/kannan/E-yantra/E-Yantra/KC_ws/install/eyantra_warehouse/share/eyantra_warehouse//models/plant_bell_pepper_red/model.sdf
[4.413s] -- Symlinking: /home/kannan/E-yantra/E-Yantra/KC_ws/install/eyantra_warehouse/share/eyantra_warehouse//models/plant_bell_pepper_yellow/meshes/KB_plant.dae
[4.423s] -- Symlinking: /home/kannan/E-yantra/E-Yantra/KC_ws/install/eyantra_warehouse/share/eyantra_warehouse//models/plant_bell_pepper_yellow/meshes/leaf.jpg
[4.431s] -- Symlinking: /home/kannan/E-yantra/E-Yantra/KC_ws/install/eyantra_warehouse/share/eyantra_warehouse//models/plant_bell_pepper_yellow/model.config
[4.442s] -- Symlinking: /home/kannan/E-yantra/E-Yantra/KC_ws/install/eyantra_warehouse/share/eyantra_warehouse//models/plant_bell_pepper_yellow/model.sdf
[4.455s] -- Symlinking: /home/kannan/E-yantra/E-Yantra/KC_ws/install/eyantra_warehouse/share/eyantra_warehouse//models/plant_red_yellow_bell_peppers_trough/meshes/KB_plant_red_yellow_bell_pepper.dae
[4.464s] -- Symlinking: /home/kannan/E-yantra/E-Yantra/KC_ws/install/eyantra_warehouse/share/eyantra_warehouse//models/plant_red_yellow_bell_peppers_trough/meshes/leaf.jpg
[4.477s] -- Symlinking: /home/kannan/E-yantra/E-Yantra/KC_ws/install/eyantra_warehouse/share/eyantra_warehouse//models/plant_red_yellow_bell_peppers_trough/meshes/soil-texture-png-3.png
[4.487s] -- Symlinking: /home/kannan/E-yantra/E-Yantra/KC_ws/install/eyantra_warehouse/share/eyantra_warehouse//models/plant_red_yellow_bell_peppers_trough/model.config
[4.495s] -- Symlinking: /home/kannan/E-yantra/E-Yantra/KC_ws/install/eyantra_warehouse/share/eyantra_warehouse//models/plant_red_yellow_bell_peppers_trough/model.sdf
[4.505s] -- Symlinking: /home/kannan/E-yantra/E-Yantra/KC_ws/install/eyantra_warehouse/share/eyantra_warehouse//models/rack/meshes/brushedsteel4.jpg
[4.515s] -- Symlinking: /home/kannan/E-yantra/E-Yantra/KC_ws/install/eyantra_warehouse/share/eyantra_warehouse//models/rack/meshes/brushedsteel_bg.jpg
[4.526s] -- Symlinking: /home/kannan/E-yantra/E-Yantra/KC_ws/install/eyantra_warehouse/share/eyantra_warehouse//models/rack/meshes/rack.dae
[4.536s] -- Symlinking: /home/kannan/E-yantra/E-Yantra/KC_ws/install/eyantra_warehouse/share/eyantra_warehouse//models/rack/meshes/rack.stl
[4.547s] -- Symlinking: /home/kannan/E-yantra/E-Yantra/KC_ws/install/eyantra_warehouse/share/eyantra_warehouse//models/rack/model.config
[4.555s] -- Symlinking: /home/kannan/E-yantra/E-Yantra/KC_ws/install/eyantra_warehouse/share/eyantra_warehouse//models/rack/model.sdf
[4.566s] -- Symlinking: /home/kannan/E-yantra/E-Yantra/KC_ws/install/eyantra_warehouse/share/eyantra_warehouse//models/square_shape/meshes/square_shape.mtl
[4.577s] -- Symlinking: /home/kannan/E-yantra/E-Yantra/KC_ws/install/eyantra_warehouse/share/eyantra_warehouse//models/square_shape/meshes/square_shape.obj
[4.588s] -- Symlinking: /home/kannan/E-yantra/E-Yantra/KC_ws/install/eyantra_warehouse/share/eyantra_warehouse//models/square_shape/model.config
[4.598s] -- Symlinking: /home/kannan/E-yantra/E-Yantra/KC_ws/install/eyantra_warehouse/share/eyantra_warehouse//models/square_shape/model.sdf
[4.609s] -- Symlinking: /home/kannan/E-yantra/E-Yantra/KC_ws/install/eyantra_warehouse/share/eyantra_warehouse//models/tree_1/tree_1.mtl
[4.619s] -- Symlinking: /home/kannan/E-yantra/E-Yantra/KC_ws/install/eyantra_warehouse/share/eyantra_warehouse//models/tree_1/tree_1.obj
[4.627s] -- Symlinking: /home/kannan/E-yantra/E-Yantra/KC_ws/install/eyantra_warehouse/share/eyantra_warehouse//models/tree_2/tree_2.mtl
[4.638s] -- Symlinking: /home/kannan/E-yantra/E-Yantra/KC_ws/install/eyantra_warehouse/share/eyantra_warehouse//models/tree_2/tree_2.obj
[4.651s] -- Symlinking: /home/kannan/E-yantra/E-Yantra/KC_ws/install/eyantra_warehouse/share/eyantra_warehouse//models/triangle_shape/meshes/triangle_shape.mtl
[4.663s] -- Symlinking: /home/kannan/E-yantra/E-Yantra/KC_ws/install/eyantra_warehouse/share/eyantra_warehouse//models/triangle_shape/meshes/triangle_shape.obj
[4.674s] -- Symlinking: /home/kannan/E-yantra/E-Yantra/KC_ws/install/eyantra_warehouse/share/eyantra_warehouse//models/triangle_shape/model.config
[4.685s] -- Symlinking: /home/kannan/E-yantra/E-Yantra/KC_ws/install/eyantra_warehouse/share/eyantra_warehouse//models/triangle_shape/model.sdf
[4.694s] -- Symlinking: /home/kannan/E-yantra/E-Yantra/KC_ws/install/eyantra_warehouse/share/eyantra_warehouse//models/trough/meshes/brick.mtl
[4.704s] -- Symlinking: /home/kannan/E-yantra/E-Yantra/KC_ws/install/eyantra_warehouse/share/eyantra_warehouse//models/trough/meshes/brick.obj
[4.714s] -- Symlinking: /home/kannan/E-yantra/E-Yantra/KC_ws/install/eyantra_warehouse/share/eyantra_warehouse//models/trough/meshes/leaf.jpg
[4.723s] -- Symlinking: /home/kannan/E-yantra/E-Yantra/KC_ws/install/eyantra_warehouse/share/eyantra_warehouse//models/trough/meshes/leaf.jpg.002.jpg
[4.735s] -- Symlinking: /home/kannan/E-yantra/E-Yantra/KC_ws/install/eyantra_warehouse/share/eyantra_warehouse//models/trough/meshes/leaf.jpg.002.jpg.001.jpg
[4.748s] -- Symlinking: /home/kannan/E-yantra/E-Yantra/KC_ws/install/eyantra_warehouse/share/eyantra_warehouse//models/trough/meshes/leaf.jpg.004.jpg
[4.758s] -- Symlinking: /home/kannan/E-yantra/E-Yantra/KC_ws/install/eyantra_warehouse/share/eyantra_warehouse//models/trough/meshes/soil-texture-png-3.png
[4.768s] -- Symlinking: /home/kannan/E-yantra/E-Yantra/KC_ws/install/eyantra_warehouse/share/eyantra_warehouse//models/trough/meshes/truf.mtl
[4.779s] -- Symlinking: /home/kannan/E-yantra/E-Yantra/KC_ws/install/eyantra_warehouse/share/eyantra_warehouse//models/trough/meshes/truf.obj
[4.789s] -- Symlinking: /home/kannan/E-yantra/E-Yantra/KC_ws/install/eyantra_warehouse/share/eyantra_warehouse//models/trough/meshes/truf_brick.mtl
[4.799s] -- Symlinking: /home/kannan/E-yantra/E-Yantra/KC_ws/install/eyantra_warehouse/share/eyantra_warehouse//models/trough/meshes/truf_brick.obj
[4.809s] -- Symlinking: /home/kannan/E-yantra/E-Yantra/KC_ws/install/eyantra_warehouse/share/eyantra_warehouse//models/trough/meshes/truf_brick_cone.dae
[4.820s] -- Symlinking: /home/kannan/E-yantra/E-Yantra/KC_ws/install/eyantra_warehouse/share/eyantra_warehouse//models/trough/meshes/truf_brick_cone.dae.bck
[4.829s] -- Symlinking: /home/kannan/E-yantra/E-Yantra/KC_ws/install/eyantra_warehouse/share/eyantra_warehouse//models/trough/meshes/truf_brick_cone.mtl
[4.841s] -- Symlinking: /home/kannan/E-yantra/E-Yantra/KC_ws/install/eyantra_warehouse/share/eyantra_warehouse//models/trough/meshes/truf_brick_cone.obj
[4.852s] -- Symlinking: /home/kannan/E-yantra/E-Yantra/KC_ws/install/eyantra_warehouse/share/eyantra_warehouse//models/trough/model.config
[4.864s] -- Symlinking: /home/kannan/E-yantra/E-Yantra/KC_ws/install/eyantra_warehouse/share/eyantra_warehouse//models/trough/model.sdf
[4.874s] -- Symlinking: /home/kannan/E-yantra/E-Yantra/KC_ws/install/eyantra_warehouse/share/eyantra_warehouse//models/warehouse_boundary/meshes/LAWN.jpg
[4.884s] -- Symlinking: /home/kannan/E-yantra/E-Yantra/KC_ws/install/eyantra_warehouse/share/eyantra_warehouse//models/warehouse_boundary/meshes/SolarPanelsPolycrystallineTypeBFramedClean001_COL_3K.jpg.001.jpg
[4.894s] -- Symlinking: /home/kannan/E-yantra/E-Yantra/KC_ws/install/eyantra_warehouse/share/eyantra_warehouse//models/warehouse_boundary/meshes/SolarPanelsPolycrystallineTypeBFramedClean001_COL_3K.jpg.002.jpg
[4.901s] -- Symlinking: /home/kannan/E-yantra/E-Yantra/KC_ws/install/eyantra_warehouse/share/eyantra_warehouse//models/warehouse_boundary/meshes/SolarPanelsPolycrystallineTypeBFramedClean001_COL_3K.jpg.003.jpg
[4.911s] -- Symlinking: /home/kannan/E-yantra/E-Yantra/KC_ws/install/eyantra_warehouse/share/eyantra_warehouse//models/warehouse_boundary/meshes/SolarPanelsPolycrystallineTypeBFramedClean001_COL_3K.jpg.004.jp.jpg
[4.920s] -- Symlinking: /home/kannan/E-yantra/E-Yantra/KC_ws/install/eyantra_warehouse/share/eyantra_warehouse//models/warehouse_boundary/meshes/SolarPanelsPolycrystallineTypeBFramedClean001_COL_3K.jpg.004.jpg
[4.927s] -- Symlinking: /home/kannan/E-yantra/E-Yantra/KC_ws/install/eyantra_warehouse/share/eyantra_warehouse//models/warehouse_boundary/meshes/SolarPanelsPolycrystallineTypeBFramedClean001_COL_3K.jpg.005.jpg
[4.934s] -- Symlinking: /home/kannan/E-yantra/E-Yantra/KC_ws/install/eyantra_warehouse/share/eyantra_warehouse//models/warehouse_boundary/meshes/SolarPanelsPolycrystallineTypeBFramedClean001_COL_3K.jpg.006.jpg
[4.943s] -- Symlinking: /home/kannan/E-yantra/E-Yantra/KC_ws/install/eyantra_warehouse/share/eyantra_warehouse//models/warehouse_boundary/meshes/SolarPanelsPolycrystallineTypeBFramedClean001_COL_3K.jpg.007.jpg
[4.951s] -- Symlinking: /home/kannan/E-yantra/E-Yantra/KC_ws/install/eyantra_warehouse/share/eyantra_warehouse//models/warehouse_boundary/meshes/SolarPanelsPolycrystallineTypeBFramedClean001_COL_3K.jpg.008.jpg
[4.957s] -- Symlinking: /home/kannan/E-yantra/E-Yantra/KC_ws/install/eyantra_warehouse/share/eyantra_warehouse//models/warehouse_boundary/meshes/SolarPanelsPolycrystallineTypeBFramedClean001_COL_3K.jpg.009.jpg
[4.963s] -- Symlinking: /home/kannan/E-yantra/E-Yantra/KC_ws/install/eyantra_warehouse/share/eyantra_warehouse//models/warehouse_boundary/meshes/SolarPanelsPolycrystallineTypeBFramedClean001_COL_3K.jpg.010.jpg
[4.972s] -- Symlinking: /home/kannan/E-yantra/E-Yantra/KC_ws/install/eyantra_warehouse/share/eyantra_warehouse//models/warehouse_boundary/meshes/SolarPanelsPolycrystallineTypeBFramedClean001_COL_3K.jpg.011.jpg
[4.983s] -- Symlinking: /home/kannan/E-yantra/E-Yantra/KC_ws/install/eyantra_warehouse/share/eyantra_warehouse//models/warehouse_boundary/meshes/SolarPanelsPolycrystallineTypeBFramedClean001_COL_3K.jpg.012.jpg
[4.992s] -- Symlinking: /home/kannan/E-yantra/E-Yantra/KC_ws/install/eyantra_warehouse/share/eyantra_warehouse//models/warehouse_boundary/meshes/SolarPanelsPolycrystallineTypeBFramedClean001_COL_3K.jpg.013.jpg
[5.002s] -- Symlinking: /home/kannan/E-yantra/E-Yantra/KC_ws/install/eyantra_warehouse/share/eyantra_warehouse//models/warehouse_boundary/meshes/SolarPanelsPolycrystallineTypeBFramedClean001_COL_3K.jpg.014.jpg
[5.012s] -- Symlinking: /home/kannan/E-yantra/E-Yantra/KC_ws/install/eyantra_warehouse/share/eyantra_warehouse//models/warehouse_boundary/meshes/SolarPanelsPolycrystallineTypeBFramedClean001_COL_3K.jpg.015.jpg
[5.022s] -- Symlinking: /home/kannan/E-yantra/E-Yantra/KC_ws/install/eyantra_warehouse/share/eyantra_warehouse//models/warehouse_boundary/meshes/SolarPanelsPolycrystallineTypeBFramedClean001_COL_3K.jpg.016.jpg
[5.032s] -- Symlinking: /home/kannan/E-yantra/E-Yantra/KC_ws/install/eyantra_warehouse/share/eyantra_warehouse//models/warehouse_boundary/meshes/SolarPanelsPolycrystallineTypeBFramedClean001_COL_3K.jpg.017.jpg
[5.044s] -- Symlinking: /home/kannan/E-yantra/E-Yantra/KC_ws/install/eyantra_warehouse/share/eyantra_warehouse//models/warehouse_boundary/meshes/SolarPanelsPolycrystallineTypeBFramedClean001_COL_3K.jpg.018.jpg
[5.056s] -- Symlinking: /home/kannan/E-yantra/E-Yantra/KC_ws/install/eyantra_warehouse/share/eyantra_warehouse//models/warehouse_boundary/meshes/SolarPanelsPolycrystallineTypeBFramedClean001_COL_3K.jpg.019.jpg
[5.066s] -- Symlinking: /home/kannan/E-yantra/E-Yantra/KC_ws/install/eyantra_warehouse/share/eyantra_warehouse//models/warehouse_boundary/meshes/SolarPanelsPolycrystallineTypeBFramedClean001_COL_3K.jpg.020.jpg
[5.077s] -- Symlinking: /home/kannan/E-yantra/E-Yantra/KC_ws/install/eyantra_warehouse/share/eyantra_warehouse//models/warehouse_boundary/meshes/SolarPanelsPolycrystallineTypeBFramedClean001_COL_3K.jpg.021.jpg
[5.087s] -- Symlinking: /home/kannan/E-yantra/E-Yantra/KC_ws/install/eyantra_warehouse/share/eyantra_warehouse//models/warehouse_boundary/meshes/SolarPanelsPolycrystallineTypeBFramedClean001_COL_3K.jpg.022.jpg
[5.097s] -- Symlinking: /home/kannan/E-yantra/E-Yantra/KC_ws/install/eyantra_warehouse/share/eyantra_warehouse//models/warehouse_boundary/meshes/SolarPanelsPolycrystallineTypeBFramedClean001_COL_3K.jpg.023.jpg
[5.106s] -- Symlinking: /home/kannan/E-yantra/E-Yantra/KC_ws/install/eyantra_warehouse/share/eyantra_warehouse//models/warehouse_boundary/meshes/SolarPanelsPolycrystallineTypeBFramedClean001_COL_3K.jpg.024.jpg
[5.117s] -- Symlinking: /home/kannan/E-yantra/E-Yantra/KC_ws/install/eyantra_warehouse/share/eyantra_warehouse//models/warehouse_boundary/meshes/SolarPanelsPolycrystallineTypeBFramedClean001_COL_3K.jpg.025.jpg
[5.126s] -- Symlinking: /home/kannan/E-yantra/E-Yantra/KC_ws/install/eyantra_warehouse/share/eyantra_warehouse//models/warehouse_boundary/meshes/SolarPanelsPolycrystallineTypeBFramedClean001_COL_3K.jpg.026.jpg
[5.135s] -- Symlinking: /home/kannan/E-yantra/E-Yantra/KC_ws/install/eyantra_warehouse/share/eyantra_warehouse//models/warehouse_boundary/meshes/SolarPanelsPolycrystallineTypeBFramedClean001_COL_3K.jpg.027.jpg
[5.145s] -- Symlinking: /home/kannan/E-yantra/E-Yantra/KC_ws/install/eyantra_warehouse/share/eyantra_warehouse//models/warehouse_boundary/meshes/SolarPanelsPolycrystallineTypeBFramedClean001_COL_3K.jpg.028.jpg
[5.156s] -- Symlinking: /home/kannan/E-yantra/E-Yantra/KC_ws/install/eyantra_warehouse/share/eyantra_warehouse//models/warehouse_boundary/meshes/SolarPanelsPolycrystallineTypeBFramedClean001_COL_3K.jpg.029.jpg
[5.167s] -- Symlinking: /home/kannan/E-yantra/E-Yantra/KC_ws/install/eyantra_warehouse/share/eyantra_warehouse//models/warehouse_boundary/meshes/SolarPanelsPolycrystallineTypeBFramedClean001_COL_3K.jpg.030.jpg
[5.178s] -- Symlinking: /home/kannan/E-yantra/E-Yantra/KC_ws/install/eyantra_warehouse/share/eyantra_warehouse//models/warehouse_boundary/meshes/bernd-dittrich-mapUehHSHYU-unsplash.jpg
[5.188s] -- Symlinking: /home/kannan/E-yantra/E-Yantra/KC_ws/install/eyantra_warehouse/share/eyantra_warehouse//models/warehouse_boundary/meshes/branch-texture-png.png
[5.198s] -- Symlinking: /home/kannan/E-yantra/E-Yantra/KC_ws/install/eyantra_warehouse/share/eyantra_warehouse//models/warehouse_boundary/meshes/greenhouse_wooden_floor.png
[5.207s] -- Symlinking: /home/kannan/E-yantra/E-Yantra/KC_ws/install/eyantra_warehouse/share/eyantra_warehouse//models/warehouse_boundary/meshes/ground.jpg
[5.217s] -- Symlinking: /home/kannan/E-yantra/E-Yantra/KC_ws/install/eyantra_warehouse/share/eyantra_warehouse//models/warehouse_boundary/meshes/miha-rekar-LIel8q1XQsE-unsplash.jpg
[5.228s] -- Symlinking: /home/kannan/E-yantra/E-Yantra/KC_ws/install/eyantra_warehouse/share/eyantra_warehouse//models/warehouse_boundary/meshes/miha-rekar-LIel8q1XQsE-unsplash.jpg.001.jpg
[5.239s] -- Symlinking: /home/kannan/E-yantra/E-Yantra/KC_ws/install/eyantra_warehouse/share/eyantra_warehouse//models/warehouse_boundary/meshes/tilebark.jpg
[5.247s] -- Symlinking: /home/kannan/E-yantra/E-Yantra/KC_ws/install/eyantra_warehouse/share/eyantra_warehouse//models/warehouse_boundary/meshes/warehouse_boundary.dae
[5.254s] -- Symlinking: /home/kannan/E-yantra/E-Yantra/KC_ws/install/eyantra_warehouse/share/eyantra_warehouse//models/warehouse_boundary/meshes/warehouse_boundary_glass_cover.dae
[5.262s] -- Symlinking: /home/kannan/E-yantra/E-Yantra/KC_ws/install/eyantra_warehouse/share/eyantra_warehouse//models/warehouse_boundary/meshes/warehouse_boundary_glass_cover_modified.dae
[5.271s] -- Symlinking: /home/kannan/E-yantra/E-Yantra/KC_ws/install/eyantra_warehouse/share/eyantra_warehouse//models/warehouse_boundary/meshes/warehouse_boundary_modified.dae
[5.281s] -- Symlinking: /home/kannan/E-yantra/E-Yantra/KC_ws/install/eyantra_warehouse/share/eyantra_warehouse//models/warehouse_boundary/meshes/warehouse_floor.jpg
[5.292s] -- Symlinking: /home/kannan/E-yantra/E-Yantra/KC_ws/install/eyantra_warehouse/share/eyantra_warehouse//models/warehouse_boundary/meshes/warningTape.png
[5.301s] -- Symlinking: /home/kannan/E-yantra/E-Yantra/KC_ws/install/eyantra_warehouse/share/eyantra_warehouse//models/warehouse_boundary/model.config
[5.310s] -- Symlinking: /home/kannan/E-yantra/E-Yantra/KC_ws/install/eyantra_warehouse/share/eyantra_warehouse//models/warehouse_boundary/model.sdf
[5.319s] -- Symlinking: /home/kannan/E-yantra/E-Yantra/KC_ws/install/eyantra_warehouse/share/eyantra_warehouse//models/warehouse_divider/meshes/LAWN.jpg
[5.327s] -- Symlinking: /home/kannan/E-yantra/E-Yantra/KC_ws/install/eyantra_warehouse/share/eyantra_warehouse//models/warehouse_divider/meshes/warehouse_divider.dae
[5.338s] -- Symlinking: /home/kannan/E-yantra/E-Yantra/KC_ws/install/eyantra_warehouse/share/eyantra_warehouse//models/warehouse_divider/model.config
[5.349s] -- Symlinking: /home/kannan/E-yantra/E-Yantra/KC_ws/install/eyantra_warehouse/share/eyantra_warehouse//models/warehouse_divider/model.sdf
[5.361s] -- Symlinking: /home/kannan/E-yantra/E-Yantra/KC_ws/install/eyantra_warehouse/share/eyantra_warehouse//models/water_tank/water_tank.mtl
[5.371s] -- Symlinking: /home/kannan/E-yantra/E-Yantra/KC_ws/install/eyantra_warehouse/share/eyantra_warehouse//models/water_tank/water_tank.obj
[5.382s] -- Symlinking: /home/kannan/E-yantra/E-Yantra/KC_ws/install/eyantra_warehouse/share/eyantra_warehouse//config/SkyX_Moon.fragment
[5.391s] -- Symlinking: /home/kannan/E-yantra/E-Yantra/KC_ws/install/eyantra_warehouse/share/eyantra_warehouse//config/SkyX_Moon.png
[5.401s] -- Symlinking: /home/kannan/E-yantra/E-Yantra/KC_ws/install/eyantra_warehouse/share/eyantra_warehouse//config/package_link.json
[5.412s] -- Symlinking: /home/kannan/E-yantra/E-Yantra/KC_ws/install/eyantra_warehouse/share/eyantra_warehouse//plugins/libSampleSystem.so
[5.422s] -- Symlinking: /home/kannan/E-yantra/E-Yantra/KC_ws/install/eyantra_warehouse/share/ament_index/resource_index/package_run_dependencies/eyantra_warehouse
[5.429s] -- Symlinking: /home/kannan/E-yantra/E-Yantra/KC_ws/install/eyantra_warehouse/share/ament_index/resource_index/parent_prefix_path/eyantra_warehouse
[5.439s] -- Symlinking: /home/kannan/E-yantra/E-Yantra/KC_ws/install/eyantra_warehouse/share/eyantra_warehouse/environment/ament_prefix_path.sh
[5.451s] -- Symlinking: /home/kannan/E-yantra/E-Yantra/KC_ws/install/eyantra_warehouse/share/eyantra_warehouse/environment/ament_prefix_path.dsv
[5.462s] -- Symlinking: /home/kannan/E-yantra/E-Yantra/KC_ws/install/eyantra_warehouse/share/eyantra_warehouse/environment/path.sh
[5.473s] -- Symlinking: /home/kannan/E-yantra/E-Yantra/KC_ws/install/eyantra_warehouse/share/eyantra_warehouse/environment/path.dsv
[5.483s] -- Symlinking: /home/kannan/E-yantra/E-Yantra/KC_ws/install/eyantra_warehouse/share/eyantra_warehouse/local_setup.bash
[5.492s] -- Symlinking: /home/kannan/E-yantra/E-Yantra/KC_ws/install/eyantra_warehouse/share/eyantra_warehouse/local_setup.sh
[5.501s] -- Symlinking: /home/kannan/E-yantra/E-Yantra/KC_ws/install/eyantra_warehouse/share/eyantra_warehouse/local_setup.zsh
[5.510s] -- Symlinking: /home/kannan/E-yantra/E-Yantra/KC_ws/install/eyantra_warehouse/share/eyantra_warehouse/local_setup.dsv
[5.520s] -- Symlinking: /home/kannan/E-yantra/E-Yantra/KC_ws/install/eyantra_warehouse/share/eyantra_warehouse/package.dsv
[5.530s] -- Symlinking: /home/kannan/E-yantra/E-Yantra/KC_ws/install/eyantra_warehouse/share/ament_index/resource_index/packages/eyantra_warehouse
[5.541s] -- Symlinking: /home/kannan/E-yantra/E-Yantra/KC_ws/install/eyantra_warehouse/share/eyantra_warehouse/cmake/eyantra_warehouseConfig.cmake
[5.551s] -- Symlinking: /home/kannan/E-yantra/E-Yantra/KC_ws/install/eyantra_warehouse/share/eyantra_warehouse/cmake/eyantra_warehouseConfig-version.cmake
[5.562s] -- Symlinking: /home/kannan/E-yantra/E-Yantra/KC_ws/install/eyantra_warehouse/share/eyantra_warehouse/package.xml
[5.575s] Invoked command in '/home/kannan/E-yantra/E-Yantra/KC_ws/build/eyantra_warehouse' returned '0': CMAKE_PREFIX_PATH=/home/kannan/ros2_ws/install/my_robot_controller:/opt/ros/humble /usr/bin/cmake --install /home/kannan/E-yantra/E-Yantra/KC_ws/build/eyantra_warehouse
